<!DOCTYPE html>

<html>
  <head>
  <meta charset='utf-8'>
  <title>TestNG reports</title>

    <link type="text/css" href="testng-reports1.css" rel="stylesheet" id="ultra" />
    <link type="text/css" href="testng-reports.css" rel="stylesheet" id="retro" disabled="false"/>
    <script type="text/javascript" src="jquery-3.6.0.min.js"></script>
    <script type="text/javascript" src="testng-reports.js"></script>
    <script type="text/javascript" src="https://www.google.com/jsapi"></script>
    <script type='text/javascript'>
      google.load('visualization', '1', {packages:['table']});
      google.setOnLoadCallback(drawTable);
      var suiteTableInitFunctions = new Array();
      var suiteTableData = new Array();
    </script>
    <!--
      <script type="text/javascript" src="jquery-ui/js/jquery-ui-1.8.16.custom.min.js"></script>
     -->
  </head>

  <body>    <div class="top-banner-root">
      <span class="top-banner-title-font">Test results</span>
      <button id="button" class="button">Switch Retro Theme</button> <!-- button -->
      <br/>
      <span class="top-banner-font-1">1 suite</span>
    </div> <!-- top-banner-root -->
    <div class="navigator-root">
      <div class="navigator-suite-header">
        <span>All suites</span>
        <a href="#" title="Collapse/expand all the suites" class="collapse-all-link">
          <img src="collapseall.gif" class="collapse-all-icon">
          </img> <!-- collapse-all-icon -->
        </a> <!-- collapse-all-link -->
      </div> <!-- navigator-suite-header -->
      <div class="suite">
        <div class="rounded-window">
          <div class="suite-header light-rounded-window-top">
            <a href="#" panel-name="suite-Surefire_suite" class="navigator-link">
              <span class="suite-name border-skipped">Surefire suite</span>
            </a> <!-- navigator-link -->
          </div> <!-- suite-header light-rounded-window-top -->
          <div class="navigator-suite-content">
            <div class="suite-section-title">
              <span>Info</span>
            </div> <!-- suite-section-title -->
            <div class="suite-section-content">
              <ul>
                <li>
                  <a href="#" panel-name="test-xml-Surefire_suite" class="navigator-link ">
                    <span>[unset file name]</span>
                  </a> <!-- navigator-link  -->
                </li>
                <li>
                  <a href="#" panel-name="testlist-Surefire_suite" class="navigator-link ">
                    <span class="test-stats">1 test</span>
                  </a> <!-- navigator-link  -->
                </li>
                <li>
                  <a href="#" panel-name="group-Surefire_suite" class="navigator-link ">
                    <span>0 groups</span>
                  </a> <!-- navigator-link  -->
                </li>
                <li>
                  <a href="#" panel-name="times-Surefire_suite" class="navigator-link ">
                    <span>Times</span>
                  </a> <!-- navigator-link  -->
                </li>
                <li>
                  <a href="#" panel-name="reporter-Surefire_suite" class="navigator-link ">
                    <span>Reporter output</span>
                  </a> <!-- navigator-link  -->
                </li>
                <li>
                  <a href="#" panel-name="ignored-methods-Surefire_suite" class="navigator-link ">
                    <span>Ignored methods</span>
                  </a> <!-- navigator-link  -->
                </li>
                <li>
                  <a href="#" panel-name="chronological-Surefire_suite" class="navigator-link ">
                    <span>Chronological view</span>
                  </a> <!-- navigator-link  -->
                </li>
              </ul>
            </div> <!-- suite-section-content -->
            <div class="result-section">
              <div class="suite-section-title">
                <span>Results</span>
              </div> <!-- suite-section-title -->
              <div class="suite-section-content">
                <ul>
                  <li>
                    <span class="method-stats">92 methods,  92 skipped,  </span>
                  </li>
                  <li>
                    <span class="method-list-title skipped">Skipped methods</span>
                    <span class="show-or-hide-methods skipped">
                      <a href="#" panel-name="suite-Surefire_suite" class="hide-methods skipped suite-Surefire_suite"> (hide)</a> <!-- hide-methods skipped suite-Surefire_suite -->
                      <a href="#" panel-name="suite-Surefire_suite" class="show-methods skipped suite-Surefire_suite"> (show)</a> <!-- show-methods skipped suite-Surefire_suite -->
                    </span>
                    <div class="method-list-content skipped suite-Surefire_suite">
                      <span>
                        <img src="skipped.png" width="3%"/>
                        <a href="#" panel-name="suite-Surefire_suite" title="Test.TestCase58" class="method navigator-link" hash-for-method="regression">regression</a> <!-- method navigator-link -->
                      </span>
                      <br/>
                      <span>
                        <img src="skipped.png" width="3%"/>
                        <a href="#" panel-name="suite-Surefire_suite" title="Test.TestCase56" class="method navigator-link" hash-for-method="regression">regression</a> <!-- method navigator-link -->
                      </span>
                      <br/>
                      <span>
                        <img src="skipped.png" width="3%"/>
                        <a href="#" panel-name="suite-Surefire_suite" title="Test.TestCase21" class="method navigator-link" hash-for-method="regression">regression</a> <!-- method navigator-link -->
                      </span>
                      <br/>
                      <span>
                        <img src="skipped.png" width="3%"/>
                        <a href="#" panel-name="suite-Surefire_suite" title="Test.TestCase44" class="method navigator-link" hash-for-method="regression">regression</a> <!-- method navigator-link -->
                      </span>
                      <br/>
                      <span>
                        <img src="skipped.png" width="3%"/>
                        <a href="#" panel-name="suite-Surefire_suite" title="Test.TestCase81" class="method navigator-link" hash-for-method="regression">regression</a> <!-- method navigator-link -->
                      </span>
                      <br/>
                      <span>
                        <img src="skipped.png" width="3%"/>
                        <a href="#" panel-name="suite-Surefire_suite" title="Test.TestCase39" class="method navigator-link" hash-for-method="regression">regression</a> <!-- method navigator-link -->
                      </span>
                      <br/>
                      <span>
                        <img src="skipped.png" width="3%"/>
                        <a href="#" panel-name="suite-Surefire_suite" title="Test.TestCase42" class="method navigator-link" hash-for-method="regression">regression</a> <!-- method navigator-link -->
                      </span>
                      <br/>
                      <span>
                        <img src="skipped.png" width="3%"/>
                        <a href="#" panel-name="suite-Surefire_suite" title="Test.TestCase64" class="method navigator-link" hash-for-method="regression">regression</a> <!-- method navigator-link -->
                      </span>
                      <br/>
                      <span>
                        <img src="skipped.png" width="3%"/>
                        <a href="#" panel-name="suite-Surefire_suite" title="Test.TestCase3" class="method navigator-link" hash-for-method="regression">regression</a> <!-- method navigator-link -->
                      </span>
                      <br/>
                      <span>
                        <img src="skipped.png" width="3%"/>
                        <a href="#" panel-name="suite-Surefire_suite" title="Test.TestCase31" class="method navigator-link" hash-for-method="regression">regression</a> <!-- method navigator-link -->
                      </span>
                      <br/>
                      <span>
                        <img src="skipped.png" width="3%"/>
                        <a href="#" panel-name="suite-Surefire_suite" title="Test.TestCase7" class="method navigator-link" hash-for-method="regression">regression</a> <!-- method navigator-link -->
                      </span>
                      <br/>
                      <span>
                        <img src="skipped.png" width="3%"/>
                        <a href="#" panel-name="suite-Surefire_suite" title="Test.TestCase9" class="method navigator-link" hash-for-method="regression">regression</a> <!-- method navigator-link -->
                      </span>
                      <br/>
                      <span>
                        <img src="skipped.png" width="3%"/>
                        <a href="#" panel-name="suite-Surefire_suite" title="Test.TestCase17" class="method navigator-link" hash-for-method="regression">regression</a> <!-- method navigator-link -->
                      </span>
                      <br/>
                      <span>
                        <img src="skipped.png" width="3%"/>
                        <a href="#" panel-name="suite-Surefire_suite" title="Test.TestCase105" class="method navigator-link" hash-for-method="regression">regression</a> <!-- method navigator-link -->
                      </span>
                      <br/>
                      <span>
                        <img src="skipped.png" width="3%"/>
                        <a href="#" panel-name="suite-Surefire_suite" title="Test.TestCase100" class="method navigator-link" hash-for-method="regression">regression</a> <!-- method navigator-link -->
                      </span>
                      <br/>
                      <span>
                        <img src="skipped.png" width="3%"/>
                        <a href="#" panel-name="suite-Surefire_suite" title="Test.TestCase97" class="method navigator-link" hash-for-method="regression">regression</a> <!-- method navigator-link -->
                      </span>
                      <br/>
                      <span>
                        <img src="skipped.png" width="3%"/>
                        <a href="#" panel-name="suite-Surefire_suite" title="Test.TestCase28" class="method navigator-link" hash-for-method="regression">regression</a> <!-- method navigator-link -->
                      </span>
                      <br/>
                      <span>
                        <img src="skipped.png" width="3%"/>
                        <a href="#" panel-name="suite-Surefire_suite" title="Test.TestCase22" class="method navigator-link" hash-for-method="regression">regression</a> <!-- method navigator-link -->
                      </span>
                      <br/>
                      <span>
                        <img src="skipped.png" width="3%"/>
                        <a href="#" panel-name="suite-Surefire_suite" title="Test.TestCase54" class="method navigator-link" hash-for-method="regression">regression</a> <!-- method navigator-link -->
                      </span>
                      <br/>
                      <span>
                        <img src="skipped.png" width="3%"/>
                        <a href="#" panel-name="suite-Surefire_suite" title="Test.TestCase24" class="method navigator-link" hash-for-method="regression">regression</a> <!-- method navigator-link -->
                      </span>
                      <br/>
                      <span>
                        <img src="skipped.png" width="3%"/>
                        <a href="#" panel-name="suite-Surefire_suite" title="Test.TestCase25" class="method navigator-link" hash-for-method="regression">regression</a> <!-- method navigator-link -->
                      </span>
                      <br/>
                      <span>
                        <img src="skipped.png" width="3%"/>
                        <a href="#" panel-name="suite-Surefire_suite" title="Test.TestCase34" class="method navigator-link" hash-for-method="regression">regression</a> <!-- method navigator-link -->
                      </span>
                      <br/>
                      <span>
                        <img src="skipped.png" width="3%"/>
                        <a href="#" panel-name="suite-Surefire_suite" title="Test.TestCase45" class="method navigator-link" hash-for-method="regression">regression</a> <!-- method navigator-link -->
                      </span>
                      <br/>
                      <span>
                        <img src="skipped.png" width="3%"/>
                        <a href="#" panel-name="suite-Surefire_suite" title="Test.TestCase32" class="method navigator-link" hash-for-method="regression">regression</a> <!-- method navigator-link -->
                      </span>
                      <br/>
                      <span>
                        <img src="skipped.png" width="3%"/>
                        <a href="#" panel-name="suite-Surefire_suite" title="Test.TestCase91" class="method navigator-link" hash-for-method="regression">regression</a> <!-- method navigator-link -->
                      </span>
                      <br/>
                      <span>
                        <img src="skipped.png" width="3%"/>
                        <a href="#" panel-name="suite-Surefire_suite" title="Test.TestCase20" class="method navigator-link" hash-for-method="regression">regression</a> <!-- method navigator-link -->
                      </span>
                      <br/>
                      <span>
                        <img src="skipped.png" width="3%"/>
                        <a href="#" panel-name="suite-Surefire_suite" title="Test.TestCase2" class="method navigator-link" hash-for-method="regression">regression</a> <!-- method navigator-link -->
                      </span>
                      <br/>
                      <span>
                        <img src="skipped.png" width="3%"/>
                        <a href="#" panel-name="suite-Surefire_suite" title="Test.TestCase65" class="method navigator-link" hash-for-method="regression">regression</a> <!-- method navigator-link -->
                      </span>
                      <br/>
                      <span>
                        <img src="skipped.png" width="3%"/>
                        <a href="#" panel-name="suite-Surefire_suite" title="Test.TestCase70" class="method navigator-link" hash-for-method="regression">regression</a> <!-- method navigator-link -->
                      </span>
                      <br/>
                      <span>
                        <img src="skipped.png" width="3%"/>
                        <a href="#" panel-name="suite-Surefire_suite" title="Test.TestCase11" class="method navigator-link" hash-for-method="regression">regression</a> <!-- method navigator-link -->
                      </span>
                      <br/>
                      <span>
                        <img src="skipped.png" width="3%"/>
                        <a href="#" panel-name="suite-Surefire_suite" title="Test.TestCase1" class="method navigator-link" hash-for-method="regression">regression</a> <!-- method navigator-link -->
                      </span>
                      <br/>
                      <span>
                        <img src="skipped.png" width="3%"/>
                        <a href="#" panel-name="suite-Surefire_suite" title="Test.TestCase52" class="method navigator-link" hash-for-method="regression">regression</a> <!-- method navigator-link -->
                      </span>
                      <br/>
                      <span>
                        <img src="skipped.png" width="3%"/>
                        <a href="#" panel-name="suite-Surefire_suite" title="Test.TestCase60" class="method navigator-link" hash-for-method="regression">regression</a> <!-- method navigator-link -->
                      </span>
                      <br/>
                      <span>
                        <img src="skipped.png" width="3%"/>
                        <a href="#" panel-name="suite-Surefire_suite" title="Test.TestCase87" class="method navigator-link" hash-for-method="regression">regression</a> <!-- method navigator-link -->
                      </span>
                      <br/>
                      <span>
                        <img src="skipped.png" width="3%"/>
                        <a href="#" panel-name="suite-Surefire_suite" title="Test.TestCase95" class="method navigator-link" hash-for-method="regression">regression</a> <!-- method navigator-link -->
                      </span>
                      <br/>
                      <span>
                        <img src="skipped.png" width="3%"/>
                        <a href="#" panel-name="suite-Surefire_suite" title="Test.TestCase43" class="method navigator-link" hash-for-method="regression">regression</a> <!-- method navigator-link -->
                      </span>
                      <br/>
                      <span>
                        <img src="skipped.png" width="3%"/>
                        <a href="#" panel-name="suite-Surefire_suite" title="Test.TestCase62" class="method navigator-link" hash-for-method="regression">regression</a> <!-- method navigator-link -->
                      </span>
                      <br/>
                      <span>
                        <img src="skipped.png" width="3%"/>
                        <a href="#" panel-name="suite-Surefire_suite" title="Test.TestCase8" class="method navigator-link" hash-for-method="regression">regression</a> <!-- method navigator-link -->
                      </span>
                      <br/>
                      <span>
                        <img src="skipped.png" width="3%"/>
                        <a href="#" panel-name="suite-Surefire_suite" title="Test.TestCase29" class="method navigator-link" hash-for-method="regression">regression</a> <!-- method navigator-link -->
                      </span>
                      <br/>
                      <span>
                        <img src="skipped.png" width="3%"/>
                        <a href="#" panel-name="suite-Surefire_suite" title="Test.TestCase40" class="method navigator-link" hash-for-method="regression">regression</a> <!-- method navigator-link -->
                      </span>
                      <br/>
                      <span>
                        <img src="skipped.png" width="3%"/>
                        <a href="#" panel-name="suite-Surefire_suite" title="Test.TestCase77" class="method navigator-link" hash-for-method="regression">regression</a> <!-- method navigator-link -->
                      </span>
                      <br/>
                      <span>
                        <img src="skipped.png" width="3%"/>
                        <a href="#" panel-name="suite-Surefire_suite" title="Test.TestCase57" class="method navigator-link" hash-for-method="regression">regression</a> <!-- method navigator-link -->
                      </span>
                      <br/>
                      <span>
                        <img src="skipped.png" width="3%"/>
                        <a href="#" panel-name="suite-Surefire_suite" title="Test.TestCase82" class="method navigator-link" hash-for-method="regression">regression</a> <!-- method navigator-link -->
                      </span>
                      <br/>
                      <span>
                        <img src="skipped.png" width="3%"/>
                        <a href="#" panel-name="suite-Surefire_suite" title="Test.TestCase61" class="method navigator-link" hash-for-method="regression">regression</a> <!-- method navigator-link -->
                      </span>
                      <br/>
                      <span>
                        <img src="skipped.png" width="3%"/>
                        <a href="#" panel-name="suite-Surefire_suite" title="Test.TestCase106" class="method navigator-link" hash-for-method="regression">regression</a> <!-- method navigator-link -->
                      </span>
                      <br/>
                      <span>
                        <img src="skipped.png" width="3%"/>
                        <a href="#" panel-name="suite-Surefire_suite" title="Test.TestCase101" class="method navigator-link" hash-for-method="regression">regression</a> <!-- method navigator-link -->
                      </span>
                      <br/>
                      <span>
                        <img src="skipped.png" width="3%"/>
                        <a href="#" panel-name="suite-Surefire_suite" title="Test.TestCase69" class="method navigator-link" hash-for-method="regression">regression</a> <!-- method navigator-link -->
                      </span>
                      <br/>
                      <span>
                        <img src="skipped.png" width="3%"/>
                        <a href="#" panel-name="suite-Surefire_suite" title="Test.TestCase90" class="method navigator-link" hash-for-method="regression">regression</a> <!-- method navigator-link -->
                      </span>
                      <br/>
                      <span>
                        <img src="skipped.png" width="3%"/>
                        <a href="#" panel-name="suite-Surefire_suite" title="Test.TestCase41" class="method navigator-link" hash-for-method="regression">regression</a> <!-- method navigator-link -->
                      </span>
                      <br/>
                      <span>
                        <img src="skipped.png" width="3%"/>
                        <a href="#" panel-name="suite-Surefire_suite" title="Test.TestCase78" class="method navigator-link" hash-for-method="regression">regression</a> <!-- method navigator-link -->
                      </span>
                      <br/>
                      <span>
                        <img src="skipped.png" width="3%"/>
                        <a href="#" panel-name="suite-Surefire_suite" title="Test.TestCase10" class="method navigator-link" hash-for-method="regression">regression</a> <!-- method navigator-link -->
                      </span>
                      <br/>
                      <span>
                        <img src="skipped.png" width="3%"/>
                        <a href="#" panel-name="suite-Surefire_suite" title="Test.TestCase15" class="method navigator-link" hash-for-method="regression">regression</a> <!-- method navigator-link -->
                      </span>
                      <br/>
                      <span>
                        <img src="skipped.png" width="3%"/>
                        <a href="#" panel-name="suite-Surefire_suite" title="Test.TestCase71" class="method navigator-link" hash-for-method="regression">regression</a> <!-- method navigator-link -->
                      </span>
                      <br/>
                      <span>
                        <img src="skipped.png" width="3%"/>
                        <a href="#" panel-name="suite-Surefire_suite" title="Test.TestCase66" class="method navigator-link" hash-for-method="regression">regression</a> <!-- method navigator-link -->
                      </span>
                      <br/>
                      <span>
                        <img src="skipped.png" width="3%"/>
                        <a href="#" panel-name="suite-Surefire_suite" title="Test.TestCase103" class="method navigator-link" hash-for-method="regression">regression</a> <!-- method navigator-link -->
                      </span>
                      <br/>
                      <span>
                        <img src="skipped.png" width="3%"/>
                        <a href="#" panel-name="suite-Surefire_suite" title="Test.TestCase16" class="method navigator-link" hash-for-method="regression">regression</a> <!-- method navigator-link -->
                      </span>
                      <br/>
                      <span>
                        <img src="skipped.png" width="3%"/>
                        <a href="#" panel-name="suite-Surefire_suite" title="Test.TestCase67" class="method navigator-link" hash-for-method="regression">regression</a> <!-- method navigator-link -->
                      </span>
                      <br/>
                      <span>
                        <img src="skipped.png" width="3%"/>
                        <a href="#" panel-name="suite-Surefire_suite" title="Test.TestCase30" class="method navigator-link" hash-for-method="regression">regression</a> <!-- method navigator-link -->
                      </span>
                      <br/>
                      <span>
                        <img src="skipped.png" width="3%"/>
                        <a href="#" panel-name="suite-Surefire_suite" title="Test.TestCase92" class="method navigator-link" hash-for-method="regression">regression</a> <!-- method navigator-link -->
                      </span>
                      <br/>
                      <span>
                        <img src="skipped.png" width="3%"/>
                        <a href="#" panel-name="suite-Surefire_suite" title="Test.TestCase38" class="method navigator-link" hash-for-method="regression">regression</a> <!-- method navigator-link -->
                      </span>
                      <br/>
                      <span>
                        <img src="skipped.png" width="3%"/>
                        <a href="#" panel-name="suite-Surefire_suite" title="Test.TestCase19" class="method navigator-link" hash-for-method="regression">regression</a> <!-- method navigator-link -->
                      </span>
                      <br/>
                      <span>
                        <img src="skipped.png" width="3%"/>
                        <a href="#" panel-name="suite-Surefire_suite" title="Test.TestCase33" class="method navigator-link" hash-for-method="regression">regression</a> <!-- method navigator-link -->
                      </span>
                      <br/>
                      <span>
                        <img src="skipped.png" width="3%"/>
                        <a href="#" panel-name="suite-Surefire_suite" title="Test.TestCase59" class="method navigator-link" hash-for-method="regression">regression</a> <!-- method navigator-link -->
                      </span>
                      <br/>
                      <span>
                        <img src="skipped.png" width="3%"/>
                        <a href="#" panel-name="suite-Surefire_suite" title="Test.TestCase107" class="method navigator-link" hash-for-method="regression">regression</a> <!-- method navigator-link -->
                      </span>
                      <br/>
                      <span>
                        <img src="skipped.png" width="3%"/>
                        <a href="#" panel-name="suite-Surefire_suite" title="Test.TestCase75" class="method navigator-link" hash-for-method="regression">regression</a> <!-- method navigator-link -->
                      </span>
                      <br/>
                      <span>
                        <img src="skipped.png" width="3%"/>
                        <a href="#" panel-name="suite-Surefire_suite" title="Test.TestCase79" class="method navigator-link" hash-for-method="regression">regression</a> <!-- method navigator-link -->
                      </span>
                      <br/>
                      <span>
                        <img src="skipped.png" width="3%"/>
                        <a href="#" panel-name="suite-Surefire_suite" title="Test.TestCase104" class="method navigator-link" hash-for-method="regression">regression</a> <!-- method navigator-link -->
                      </span>
                      <br/>
                      <span>
                        <img src="skipped.png" width="3%"/>
                        <a href="#" panel-name="suite-Surefire_suite" title="Test.TestCase83" class="method navigator-link" hash-for-method="regression">regression</a> <!-- method navigator-link -->
                      </span>
                      <br/>
                      <span>
                        <img src="skipped.png" width="3%"/>
                        <a href="#" panel-name="suite-Surefire_suite" title="Test.TestCase74" class="method navigator-link" hash-for-method="regression">regression</a> <!-- method navigator-link -->
                      </span>
                      <br/>
                      <span>
                        <img src="skipped.png" width="3%"/>
                        <a href="#" panel-name="suite-Surefire_suite" title="Test.TestCase68" class="method navigator-link" hash-for-method="regression">regression</a> <!-- method navigator-link -->
                      </span>
                      <br/>
                      <span>
                        <img src="skipped.png" width="3%"/>
                        <a href="#" panel-name="suite-Surefire_suite" title="Test.TestCase96" class="method navigator-link" hash-for-method="regression">regression</a> <!-- method navigator-link -->
                      </span>
                      <br/>
                      <span>
                        <img src="skipped.png" width="3%"/>
                        <a href="#" panel-name="suite-Surefire_suite" title="Test.TestCase102" class="method navigator-link" hash-for-method="regression">regression</a> <!-- method navigator-link -->
                      </span>
                      <br/>
                      <span>
                        <img src="skipped.png" width="3%"/>
                        <a href="#" panel-name="suite-Surefire_suite" title="Test.TestCase47" class="method navigator-link" hash-for-method="regression">regression</a> <!-- method navigator-link -->
                      </span>
                      <br/>
                      <span>
                        <img src="skipped.png" width="3%"/>
                        <a href="#" panel-name="suite-Surefire_suite" title="Test.TestCase53" class="method navigator-link" hash-for-method="regression">regression</a> <!-- method navigator-link -->
                      </span>
                      <br/>
                      <span>
                        <img src="skipped.png" width="3%"/>
                        <a href="#" panel-name="suite-Surefire_suite" title="Test.TestCase46" class="method navigator-link" hash-for-method="regression">regression</a> <!-- method navigator-link -->
                      </span>
                      <br/>
                      <span>
                        <img src="skipped.png" width="3%"/>
                        <a href="#" panel-name="suite-Surefire_suite" title="Test.TestCase51" class="method navigator-link" hash-for-method="regression">regression</a> <!-- method navigator-link -->
                      </span>
                      <br/>
                      <span>
                        <img src="skipped.png" width="3%"/>
                        <a href="#" panel-name="suite-Surefire_suite" title="Test.TestCase6" class="method navigator-link" hash-for-method="regression">regression</a> <!-- method navigator-link -->
                      </span>
                      <br/>
                      <span>
                        <img src="skipped.png" width="3%"/>
                        <a href="#" panel-name="suite-Surefire_suite" title="Test.TestCase89" class="method navigator-link" hash-for-method="regression">regression</a> <!-- method navigator-link -->
                      </span>
                      <br/>
                      <span>
                        <img src="skipped.png" width="3%"/>
                        <a href="#" panel-name="suite-Surefire_suite" title="Test.TestCase4" class="method navigator-link" hash-for-method="regression">regression</a> <!-- method navigator-link -->
                      </span>
                      <br/>
                      <span>
                        <img src="skipped.png" width="3%"/>
                        <a href="#" panel-name="suite-Surefire_suite" title="Test.TestCase26" class="method navigator-link" hash-for-method="regression">regression</a> <!-- method navigator-link -->
                      </span>
                      <br/>
                      <span>
                        <img src="skipped.png" width="3%"/>
                        <a href="#" panel-name="suite-Surefire_suite" title="Test.TestCase73" class="method navigator-link" hash-for-method="regression">regression</a> <!-- method navigator-link -->
                      </span>
                      <br/>
                      <span>
                        <img src="skipped.png" width="3%"/>
                        <a href="#" panel-name="suite-Surefire_suite" title="Test.TestCase35" class="method navigator-link" hash-for-method="regression">regression</a> <!-- method navigator-link -->
                      </span>
                      <br/>
                      <span>
                        <img src="skipped.png" width="3%"/>
                        <a href="#" panel-name="suite-Surefire_suite" title="Test.TestCase23" class="method navigator-link" hash-for-method="regression">regression</a> <!-- method navigator-link -->
                      </span>
                      <br/>
                      <span>
                        <img src="skipped.png" width="3%"/>
                        <a href="#" panel-name="suite-Surefire_suite" title="Test.TestCase5" class="method navigator-link" hash-for-method="regression">regression</a> <!-- method navigator-link -->
                      </span>
                      <br/>
                      <span>
                        <img src="skipped.png" width="3%"/>
                        <a href="#" panel-name="suite-Surefire_suite" title="Test.TestCase55" class="method navigator-link" hash-for-method="regression">regression</a> <!-- method navigator-link -->
                      </span>
                      <br/>
                      <span>
                        <img src="skipped.png" width="3%"/>
                        <a href="#" panel-name="suite-Surefire_suite" title="Test.TestCase98" class="method navigator-link" hash-for-method="regression">regression</a> <!-- method navigator-link -->
                      </span>
                      <br/>
                      <span>
                        <img src="skipped.png" width="3%"/>
                        <a href="#" panel-name="suite-Surefire_suite" title="Test.TestCase37" class="method navigator-link" hash-for-method="regression">regression</a> <!-- method navigator-link -->
                      </span>
                      <br/>
                      <span>
                        <img src="skipped.png" width="3%"/>
                        <a href="#" panel-name="suite-Surefire_suite" title="Test.TestCase18" class="method navigator-link" hash-for-method="regression">regression</a> <!-- method navigator-link -->
                      </span>
                      <br/>
                      <span>
                        <img src="skipped.png" width="3%"/>
                        <a href="#" panel-name="suite-Surefire_suite" title="Test.TestCase88" class="method navigator-link" hash-for-method="regression">regression</a> <!-- method navigator-link -->
                      </span>
                      <br/>
                      <span>
                        <img src="skipped.png" width="3%"/>
                        <a href="#" panel-name="suite-Surefire_suite" title="Test.TestCase76" class="method navigator-link" hash-for-method="regression">regression</a> <!-- method navigator-link -->
                      </span>
                      <br/>
                      <span>
                        <img src="skipped.png" width="3%"/>
                        <a href="#" panel-name="suite-Surefire_suite" title="Test.TestCase93" class="method navigator-link" hash-for-method="regression">regression</a> <!-- method navigator-link -->
                      </span>
                      <br/>
                      <span>
                        <img src="skipped.png" width="3%"/>
                        <a href="#" panel-name="suite-Surefire_suite" title="Test.TestCase94" class="method navigator-link" hash-for-method="regression">regression</a> <!-- method navigator-link -->
                      </span>
                      <br/>
                    </div> <!-- method-list-content skipped suite-Surefire_suite -->
                  </li>
                </ul>
              </div> <!-- suite-section-content -->
            </div> <!-- result-section -->
          </div> <!-- navigator-suite-content -->
        </div> <!-- rounded-window -->
      </div> <!-- suite -->
    </div> <!-- navigator-root -->
    <div class="wrapper">
      <div class="main-panel-root">
        <div panel-name="suite-Surefire_suite" class="panel Surefire_suite">
          <div class="suite-Surefire_suite-class-skipped">
            <div class="main-panel-header rounded-window-top">
              <img src="skipped.png"/>
              <span class="class-name">Test.TestCase15</span>
            </div> <!-- main-panel-header rounded-window-top -->
            <div class="main-panel-content rounded-window-bottom">
              <div class="method">
                <div class="method-content">
                  <a name="regression">
                  </a> <!-- regression -->
                  <span class="method-name">regression</span>
                  <div class="stack-trace">org.testng.TestNGException: 
Parameter &apos;browserName&apos; is required by BeforeTest on method initializeBrowser but has not been marked @Optional or defined

... Removed 26 stack frames
</div> <!-- stack-trace -->
                </div> <!-- method-content -->
              </div> <!-- method -->
            </div> <!-- main-panel-content rounded-window-bottom -->
          </div> <!-- suite-Surefire_suite-class-skipped -->
          <div class="suite-Surefire_suite-class-skipped">
            <div class="main-panel-header rounded-window-top">
              <img src="skipped.png"/>
              <span class="class-name">Test.TestCase104</span>
            </div> <!-- main-panel-header rounded-window-top -->
            <div class="main-panel-content rounded-window-bottom">
              <div class="method">
                <div class="method-content">
                  <a name="regression">
                  </a> <!-- regression -->
                  <span class="method-name">regression</span>
                  <div class="stack-trace">org.testng.TestNGException: 
Parameter &apos;browserName&apos; is required by BeforeTest on method initializeBrowser but has not been marked @Optional or defined

... Removed 26 stack frames
</div> <!-- stack-trace -->
                </div> <!-- method-content -->
              </div> <!-- method -->
            </div> <!-- main-panel-content rounded-window-bottom -->
          </div> <!-- suite-Surefire_suite-class-skipped -->
          <div class="suite-Surefire_suite-class-skipped">
            <div class="main-panel-header rounded-window-top">
              <img src="skipped.png"/>
              <span class="class-name">Test.TestCase73</span>
            </div> <!-- main-panel-header rounded-window-top -->
            <div class="main-panel-content rounded-window-bottom">
              <div class="method">
                <div class="method-content">
                  <a name="regression">
                  </a> <!-- regression -->
                  <span class="method-name">regression</span>
                  <div class="stack-trace">org.testng.TestNGException: 
Parameter &apos;browserName&apos; is required by BeforeTest on method initializeBrowser but has not been marked @Optional or defined

... Removed 26 stack frames
</div> <!-- stack-trace -->
                </div> <!-- method-content -->
              </div> <!-- method -->
            </div> <!-- main-panel-content rounded-window-bottom -->
          </div> <!-- suite-Surefire_suite-class-skipped -->
          <div class="suite-Surefire_suite-class-skipped">
            <div class="main-panel-header rounded-window-top">
              <img src="skipped.png"/>
              <span class="class-name">Test.TestCase68</span>
            </div> <!-- main-panel-header rounded-window-top -->
            <div class="main-panel-content rounded-window-bottom">
              <div class="method">
                <div class="method-content">
                  <a name="regression">
                  </a> <!-- regression -->
                  <span class="method-name">regression</span>
                  <div class="stack-trace">org.testng.TestNGException: 
Parameter &apos;browserName&apos; is required by BeforeTest on method initializeBrowser but has not been marked @Optional or defined

... Removed 26 stack frames
</div> <!-- stack-trace -->
                </div> <!-- method-content -->
              </div> <!-- method -->
            </div> <!-- main-panel-content rounded-window-bottom -->
          </div> <!-- suite-Surefire_suite-class-skipped -->
          <div class="suite-Surefire_suite-class-skipped">
            <div class="main-panel-header rounded-window-top">
              <img src="skipped.png"/>
              <span class="class-name">Test.TestCase67</span>
            </div> <!-- main-panel-header rounded-window-top -->
            <div class="main-panel-content rounded-window-bottom">
              <div class="method">
                <div class="method-content">
                  <a name="regression">
                  </a> <!-- regression -->
                  <span class="method-name">regression</span>
                  <div class="stack-trace">org.testng.TestNGException: 
Parameter &apos;browserName&apos; is required by BeforeTest on method initializeBrowser but has not been marked @Optional or defined

... Removed 26 stack frames
</div> <!-- stack-trace -->
                </div> <!-- method-content -->
              </div> <!-- method -->
            </div> <!-- main-panel-content rounded-window-bottom -->
          </div> <!-- suite-Surefire_suite-class-skipped -->
          <div class="suite-Surefire_suite-class-skipped">
            <div class="main-panel-header rounded-window-top">
              <img src="skipped.png"/>
              <span class="class-name">Test.TestCase65</span>
            </div> <!-- main-panel-header rounded-window-top -->
            <div class="main-panel-content rounded-window-bottom">
              <div class="method">
                <div class="method-content">
                  <a name="regression">
                  </a> <!-- regression -->
                  <span class="method-name">regression</span>
                  <div class="stack-trace">org.testng.TestNGException: 
Parameter &apos;browserName&apos; is required by BeforeTest on method initializeBrowser but has not been marked @Optional or defined

... Removed 26 stack frames
</div> <!-- stack-trace -->
                </div> <!-- method-content -->
              </div> <!-- method -->
            </div> <!-- main-panel-content rounded-window-bottom -->
          </div> <!-- suite-Surefire_suite-class-skipped -->
          <div class="suite-Surefire_suite-class-skipped">
            <div class="main-panel-header rounded-window-top">
              <img src="skipped.png"/>
              <span class="class-name">Test.TestCase28</span>
            </div> <!-- main-panel-header rounded-window-top -->
            <div class="main-panel-content rounded-window-bottom">
              <div class="method">
                <div class="method-content">
                  <a name="regression">
                  </a> <!-- regression -->
                  <span class="method-name">regression</span>
                  <div class="stack-trace">org.testng.TestNGException: 
Parameter &apos;browserName&apos; is required by BeforeTest on method initializeBrowser but has not been marked @Optional or defined

... Removed 26 stack frames
</div> <!-- stack-trace -->
                </div> <!-- method-content -->
              </div> <!-- method -->
            </div> <!-- main-panel-content rounded-window-bottom -->
          </div> <!-- suite-Surefire_suite-class-skipped -->
          <div class="suite-Surefire_suite-class-skipped">
            <div class="main-panel-header rounded-window-top">
              <img src="skipped.png"/>
              <span class="class-name">Test.TestCase33</span>
            </div> <!-- main-panel-header rounded-window-top -->
            <div class="main-panel-content rounded-window-bottom">
              <div class="method">
                <div class="method-content">
                  <a name="regression">
                  </a> <!-- regression -->
                  <span class="method-name">regression</span>
                  <div class="stack-trace">org.testng.TestNGException: 
Parameter &apos;browserName&apos; is required by BeforeTest on method initializeBrowser but has not been marked @Optional or defined

... Removed 26 stack frames
</div> <!-- stack-trace -->
                </div> <!-- method-content -->
              </div> <!-- method -->
            </div> <!-- main-panel-content rounded-window-bottom -->
          </div> <!-- suite-Surefire_suite-class-skipped -->
          <div class="suite-Surefire_suite-class-skipped">
            <div class="main-panel-header rounded-window-top">
              <img src="skipped.png"/>
              <span class="class-name">Test.TestCase44</span>
            </div> <!-- main-panel-header rounded-window-top -->
            <div class="main-panel-content rounded-window-bottom">
              <div class="method">
                <div class="method-content">
                  <a name="regression">
                  </a> <!-- regression -->
                  <span class="method-name">regression</span>
                  <div class="stack-trace">org.testng.TestNGException: 
Parameter &apos;browserName&apos; is required by BeforeTest on method initializeBrowser but has not been marked @Optional or defined

... Removed 26 stack frames
</div> <!-- stack-trace -->
                </div> <!-- method-content -->
              </div> <!-- method -->
            </div> <!-- main-panel-content rounded-window-bottom -->
          </div> <!-- suite-Surefire_suite-class-skipped -->
          <div class="suite-Surefire_suite-class-skipped">
            <div class="main-panel-header rounded-window-top">
              <img src="skipped.png"/>
              <span class="class-name">Test.TestCase93</span>
            </div> <!-- main-panel-header rounded-window-top -->
            <div class="main-panel-content rounded-window-bottom">
              <div class="method">
                <div class="method-content">
                  <a name="regression">
                  </a> <!-- regression -->
                  <span class="method-name">regression</span>
                  <div class="stack-trace">org.testng.TestNGException: 
Parameter &apos;browserName&apos; is required by BeforeTest on method initializeBrowser but has not been marked @Optional or defined

... Removed 26 stack frames
</div> <!-- stack-trace -->
                </div> <!-- method-content -->
              </div> <!-- method -->
            </div> <!-- main-panel-content rounded-window-bottom -->
          </div> <!-- suite-Surefire_suite-class-skipped -->
          <div class="suite-Surefire_suite-class-skipped">
            <div class="main-panel-header rounded-window-top">
              <img src="skipped.png"/>
              <span class="class-name">Test.TestCase34</span>
            </div> <!-- main-panel-header rounded-window-top -->
            <div class="main-panel-content rounded-window-bottom">
              <div class="method">
                <div class="method-content">
                  <a name="regression">
                  </a> <!-- regression -->
                  <span class="method-name">regression</span>
                  <div class="stack-trace">org.testng.TestNGException: 
Parameter &apos;browserName&apos; is required by BeforeTest on method initializeBrowser but has not been marked @Optional or defined

... Removed 26 stack frames
</div> <!-- stack-trace -->
                </div> <!-- method-content -->
              </div> <!-- method -->
            </div> <!-- main-panel-content rounded-window-bottom -->
          </div> <!-- suite-Surefire_suite-class-skipped -->
          <div class="suite-Surefire_suite-class-skipped">
            <div class="main-panel-header rounded-window-top">
              <img src="skipped.png"/>
              <span class="class-name">Test.TestCase38</span>
            </div> <!-- main-panel-header rounded-window-top -->
            <div class="main-panel-content rounded-window-bottom">
              <div class="method">
                <div class="method-content">
                  <a name="regression">
                  </a> <!-- regression -->
                  <span class="method-name">regression</span>
                  <div class="stack-trace">org.testng.TestNGException: 
Parameter &apos;browserName&apos; is required by BeforeTest on method initializeBrowser but has not been marked @Optional or defined

... Removed 26 stack frames
</div> <!-- stack-trace -->
                </div> <!-- method-content -->
              </div> <!-- method -->
            </div> <!-- main-panel-content rounded-window-bottom -->
          </div> <!-- suite-Surefire_suite-class-skipped -->
          <div class="suite-Surefire_suite-class-skipped">
            <div class="main-panel-header rounded-window-top">
              <img src="skipped.png"/>
              <span class="class-name">Test.TestCase37</span>
            </div> <!-- main-panel-header rounded-window-top -->
            <div class="main-panel-content rounded-window-bottom">
              <div class="method">
                <div class="method-content">
                  <a name="regression">
                  </a> <!-- regression -->
                  <span class="method-name">regression</span>
                  <div class="stack-trace">org.testng.TestNGException: 
Parameter &apos;browserName&apos; is required by BeforeTest on method initializeBrowser but has not been marked @Optional or defined

... Removed 26 stack frames
</div> <!-- stack-trace -->
                </div> <!-- method-content -->
              </div> <!-- method -->
            </div> <!-- main-panel-content rounded-window-bottom -->
          </div> <!-- suite-Surefire_suite-class-skipped -->
          <div class="suite-Surefire_suite-class-skipped">
            <div class="main-panel-header rounded-window-top">
              <img src="skipped.png"/>
              <span class="class-name">Test.TestCase105</span>
            </div> <!-- main-panel-header rounded-window-top -->
            <div class="main-panel-content rounded-window-bottom">
              <div class="method">
                <div class="method-content">
                  <a name="regression">
                  </a> <!-- regression -->
                  <span class="method-name">regression</span>
                  <div class="stack-trace">org.testng.TestNGException: 
Parameter &apos;browserName&apos; is required by BeforeTest on method initializeBrowser but has not been marked @Optional or defined

... Removed 26 stack frames
</div> <!-- stack-trace -->
                </div> <!-- method-content -->
              </div> <!-- method -->
            </div> <!-- main-panel-content rounded-window-bottom -->
          </div> <!-- suite-Surefire_suite-class-skipped -->
          <div class="suite-Surefire_suite-class-skipped">
            <div class="main-panel-header rounded-window-top">
              <img src="skipped.png"/>
              <span class="class-name">Test.TestCase24</span>
            </div> <!-- main-panel-header rounded-window-top -->
            <div class="main-panel-content rounded-window-bottom">
              <div class="method">
                <div class="method-content">
                  <a name="regression">
                  </a> <!-- regression -->
                  <span class="method-name">regression</span>
                  <div class="stack-trace">org.testng.TestNGException: 
Parameter &apos;browserName&apos; is required by BeforeTest on method initializeBrowser but has not been marked @Optional or defined

... Removed 26 stack frames
</div> <!-- stack-trace -->
                </div> <!-- method-content -->
              </div> <!-- method -->
            </div> <!-- main-panel-content rounded-window-bottom -->
          </div> <!-- suite-Surefire_suite-class-skipped -->
          <div class="suite-Surefire_suite-class-skipped">
            <div class="main-panel-header rounded-window-top">
              <img src="skipped.png"/>
              <span class="class-name">Test.TestCase62</span>
            </div> <!-- main-panel-header rounded-window-top -->
            <div class="main-panel-content rounded-window-bottom">
              <div class="method">
                <div class="method-content">
                  <a name="regression">
                  </a> <!-- regression -->
                  <span class="method-name">regression</span>
                  <div class="stack-trace">org.testng.TestNGException: 
Parameter &apos;browserName&apos; is required by BeforeTest on method initializeBrowser but has not been marked @Optional or defined

... Removed 26 stack frames
</div> <!-- stack-trace -->
                </div> <!-- method-content -->
              </div> <!-- method -->
            </div> <!-- main-panel-content rounded-window-bottom -->
          </div> <!-- suite-Surefire_suite-class-skipped -->
          <div class="suite-Surefire_suite-class-skipped">
            <div class="main-panel-header rounded-window-top">
              <img src="skipped.png"/>
              <span class="class-name">Test.TestCase21</span>
            </div> <!-- main-panel-header rounded-window-top -->
            <div class="main-panel-content rounded-window-bottom">
              <div class="method">
                <div class="method-content">
                  <a name="regression">
                  </a> <!-- regression -->
                  <span class="method-name">regression</span>
                  <div class="stack-trace">org.testng.TestNGException: 
Parameter &apos;browserName&apos; is required by BeforeTest on method initializeBrowser but has not been marked @Optional or defined

... Removed 26 stack frames
</div> <!-- stack-trace -->
                </div> <!-- method-content -->
              </div> <!-- method -->
            </div> <!-- main-panel-content rounded-window-bottom -->
          </div> <!-- suite-Surefire_suite-class-skipped -->
          <div class="suite-Surefire_suite-class-skipped">
            <div class="main-panel-header rounded-window-top">
              <img src="skipped.png"/>
              <span class="class-name">Test.TestCase46</span>
            </div> <!-- main-panel-header rounded-window-top -->
            <div class="main-panel-content rounded-window-bottom">
              <div class="method">
                <div class="method-content">
                  <a name="regression">
                  </a> <!-- regression -->
                  <span class="method-name">regression</span>
                  <div class="stack-trace">org.testng.TestNGException: 
Parameter &apos;browserName&apos; is required by BeforeTest on method initializeBrowser but has not been marked @Optional or defined

... Removed 26 stack frames
</div> <!-- stack-trace -->
                </div> <!-- method-content -->
              </div> <!-- method -->
            </div> <!-- main-panel-content rounded-window-bottom -->
          </div> <!-- suite-Surefire_suite-class-skipped -->
          <div class="suite-Surefire_suite-class-skipped">
            <div class="main-panel-header rounded-window-top">
              <img src="skipped.png"/>
              <span class="class-name">Test.TestCase45</span>
            </div> <!-- main-panel-header rounded-window-top -->
            <div class="main-panel-content rounded-window-bottom">
              <div class="method">
                <div class="method-content">
                  <a name="regression">
                  </a> <!-- regression -->
                  <span class="method-name">regression</span>
                  <div class="stack-trace">org.testng.TestNGException: 
Parameter &apos;browserName&apos; is required by BeforeTest on method initializeBrowser but has not been marked @Optional or defined

... Removed 26 stack frames
</div> <!-- stack-trace -->
                </div> <!-- method-content -->
              </div> <!-- method -->
            </div> <!-- main-panel-content rounded-window-bottom -->
          </div> <!-- suite-Surefire_suite-class-skipped -->
          <div class="suite-Surefire_suite-class-skipped">
            <div class="main-panel-header rounded-window-top">
              <img src="skipped.png"/>
              <span class="class-name">Test.TestCase107</span>
            </div> <!-- main-panel-header rounded-window-top -->
            <div class="main-panel-content rounded-window-bottom">
              <div class="method">
                <div class="method-content">
                  <a name="regression">
                  </a> <!-- regression -->
                  <span class="method-name">regression</span>
                  <div class="stack-trace">org.testng.TestNGException: 
Parameter &apos;browserName&apos; is required by BeforeTest on method initializeBrowser but has not been marked @Optional or defined

... Removed 26 stack frames
</div> <!-- stack-trace -->
                </div> <!-- method-content -->
              </div> <!-- method -->
            </div> <!-- main-panel-content rounded-window-bottom -->
          </div> <!-- suite-Surefire_suite-class-skipped -->
          <div class="suite-Surefire_suite-class-skipped">
            <div class="main-panel-header rounded-window-top">
              <img src="skipped.png"/>
              <span class="class-name">Test.TestCase1</span>
            </div> <!-- main-panel-header rounded-window-top -->
            <div class="main-panel-content rounded-window-bottom">
              <div class="method">
                <div class="method-content">
                  <a name="regression">
                  </a> <!-- regression -->
                  <span class="method-name">regression</span>
                  <div class="stack-trace">org.testng.TestNGException: 
Parameter &apos;browserName&apos; is required by BeforeTest on method initializeBrowser but has not been marked @Optional or defined

... Removed 26 stack frames
</div> <!-- stack-trace -->
                </div> <!-- method-content -->
              </div> <!-- method -->
            </div> <!-- main-panel-content rounded-window-bottom -->
          </div> <!-- suite-Surefire_suite-class-skipped -->
          <div class="suite-Surefire_suite-class-skipped">
            <div class="main-panel-header rounded-window-top">
              <img src="skipped.png"/>
              <span class="class-name">Test.TestCase56</span>
            </div> <!-- main-panel-header rounded-window-top -->
            <div class="main-panel-content rounded-window-bottom">
              <div class="method">
                <div class="method-content">
                  <a name="regression">
                  </a> <!-- regression -->
                  <span class="method-name">regression</span>
                  <div class="stack-trace">org.testng.TestNGException: 
Parameter &apos;browserName&apos; is required by BeforeTest on method initializeBrowser but has not been marked @Optional or defined

... Removed 26 stack frames
</div> <!-- stack-trace -->
                </div> <!-- method-content -->
              </div> <!-- method -->
            </div> <!-- main-panel-content rounded-window-bottom -->
          </div> <!-- suite-Surefire_suite-class-skipped -->
          <div class="suite-Surefire_suite-class-skipped">
            <div class="main-panel-header rounded-window-top">
              <img src="skipped.png"/>
              <span class="class-name">Test.TestCase53</span>
            </div> <!-- main-panel-header rounded-window-top -->
            <div class="main-panel-content rounded-window-bottom">
              <div class="method">
                <div class="method-content">
                  <a name="regression">
                  </a> <!-- regression -->
                  <span class="method-name">regression</span>
                  <div class="stack-trace">org.testng.TestNGException: 
Parameter &apos;browserName&apos; is required by BeforeTest on method initializeBrowser but has not been marked @Optional or defined

... Removed 26 stack frames
</div> <!-- stack-trace -->
                </div> <!-- method-content -->
              </div> <!-- method -->
            </div> <!-- main-panel-content rounded-window-bottom -->
          </div> <!-- suite-Surefire_suite-class-skipped -->
          <div class="suite-Surefire_suite-class-skipped">
            <div class="main-panel-header rounded-window-top">
              <img src="skipped.png"/>
              <span class="class-name">Test.TestCase8</span>
            </div> <!-- main-panel-header rounded-window-top -->
            <div class="main-panel-content rounded-window-bottom">
              <div class="method">
                <div class="method-content">
                  <a name="regression">
                  </a> <!-- regression -->
                  <span class="method-name">regression</span>
                  <div class="stack-trace">org.testng.TestNGException: 
Parameter &apos;browserName&apos; is required by BeforeTest on method initializeBrowser but has not been marked @Optional or defined

... Removed 26 stack frames
</div> <!-- stack-trace -->
                </div> <!-- method-content -->
              </div> <!-- method -->
            </div> <!-- main-panel-content rounded-window-bottom -->
          </div> <!-- suite-Surefire_suite-class-skipped -->
          <div class="suite-Surefire_suite-class-skipped">
            <div class="main-panel-header rounded-window-top">
              <img src="skipped.png"/>
              <span class="class-name">Test.TestCase94</span>
            </div> <!-- main-panel-header rounded-window-top -->
            <div class="main-panel-content rounded-window-bottom">
              <div class="method">
                <div class="method-content">
                  <a name="regression">
                  </a> <!-- regression -->
                  <span class="method-name">regression</span>
                  <div class="stack-trace">org.testng.TestNGException: 
Parameter &apos;browserName&apos; is required by BeforeTest on method initializeBrowser but has not been marked @Optional or defined

... Removed 26 stack frames
</div> <!-- stack-trace -->
                </div> <!-- method-content -->
              </div> <!-- method -->
            </div> <!-- main-panel-content rounded-window-bottom -->
          </div> <!-- suite-Surefire_suite-class-skipped -->
          <div class="suite-Surefire_suite-class-skipped">
            <div class="main-panel-header rounded-window-top">
              <img src="skipped.png"/>
              <span class="class-name">Test.TestCase7</span>
            </div> <!-- main-panel-header rounded-window-top -->
            <div class="main-panel-content rounded-window-bottom">
              <div class="method">
                <div class="method-content">
                  <a name="regression">
                  </a> <!-- regression -->
                  <span class="method-name">regression</span>
                  <div class="stack-trace">org.testng.TestNGException: 
Parameter &apos;browserName&apos; is required by BeforeTest on method initializeBrowser but has not been marked @Optional or defined

... Removed 26 stack frames
</div> <!-- stack-trace -->
                </div> <!-- method-content -->
              </div> <!-- method -->
            </div> <!-- main-panel-content rounded-window-bottom -->
          </div> <!-- suite-Surefire_suite-class-skipped -->
          <div class="suite-Surefire_suite-class-skipped">
            <div class="main-panel-header rounded-window-top">
              <img src="skipped.png"/>
              <span class="class-name">Test.TestCase92</span>
            </div> <!-- main-panel-header rounded-window-top -->
            <div class="main-panel-content rounded-window-bottom">
              <div class="method">
                <div class="method-content">
                  <a name="regression">
                  </a> <!-- regression -->
                  <span class="method-name">regression</span>
                  <div class="stack-trace">org.testng.TestNGException: 
Parameter &apos;browserName&apos; is required by BeforeTest on method initializeBrowser but has not been marked @Optional or defined

... Removed 26 stack frames
</div> <!-- stack-trace -->
                </div> <!-- method-content -->
              </div> <!-- method -->
            </div> <!-- main-panel-content rounded-window-bottom -->
          </div> <!-- suite-Surefire_suite-class-skipped -->
          <div class="suite-Surefire_suite-class-skipped">
            <div class="main-panel-header rounded-window-top">
              <img src="skipped.png"/>
              <span class="class-name">Test.TestCase26</span>
            </div> <!-- main-panel-header rounded-window-top -->
            <div class="main-panel-content rounded-window-bottom">
              <div class="method">
                <div class="method-content">
                  <a name="regression">
                  </a> <!-- regression -->
                  <span class="method-name">regression</span>
                  <div class="stack-trace">org.testng.TestNGException: 
Parameter &apos;browserName&apos; is required by BeforeTest on method initializeBrowser but has not been marked @Optional or defined

... Removed 26 stack frames
</div> <!-- stack-trace -->
                </div> <!-- method-content -->
              </div> <!-- method -->
            </div> <!-- main-panel-content rounded-window-bottom -->
          </div> <!-- suite-Surefire_suite-class-skipped -->
          <div class="suite-Surefire_suite-class-skipped">
            <div class="main-panel-header rounded-window-top">
              <img src="skipped.png"/>
              <span class="class-name">Test.TestCase35</span>
            </div> <!-- main-panel-header rounded-window-top -->
            <div class="main-panel-content rounded-window-bottom">
              <div class="method">
                <div class="method-content">
                  <a name="regression">
                  </a> <!-- regression -->
                  <span class="method-name">regression</span>
                  <div class="stack-trace">org.testng.TestNGException: 
Parameter &apos;browserName&apos; is required by BeforeTest on method initializeBrowser but has not been marked @Optional or defined

... Removed 26 stack frames
</div> <!-- stack-trace -->
                </div> <!-- method-content -->
              </div> <!-- method -->
            </div> <!-- main-panel-content rounded-window-bottom -->
          </div> <!-- suite-Surefire_suite-class-skipped -->
          <div class="suite-Surefire_suite-class-skipped">
            <div class="main-panel-header rounded-window-top">
              <img src="skipped.png"/>
              <span class="class-name">Test.TestCase70</span>
            </div> <!-- main-panel-header rounded-window-top -->
            <div class="main-panel-content rounded-window-bottom">
              <div class="method">
                <div class="method-content">
                  <a name="regression">
                  </a> <!-- regression -->
                  <span class="method-name">regression</span>
                  <div class="stack-trace">org.testng.TestNGException: 
Parameter &apos;browserName&apos; is required by BeforeTest on method initializeBrowser but has not been marked @Optional or defined

... Removed 26 stack frames
</div> <!-- stack-trace -->
                </div> <!-- method-content -->
              </div> <!-- method -->
            </div> <!-- main-panel-content rounded-window-bottom -->
          </div> <!-- suite-Surefire_suite-class-skipped -->
          <div class="suite-Surefire_suite-class-skipped">
            <div class="main-panel-header rounded-window-top">
              <img src="skipped.png"/>
              <span class="class-name">Test.TestCase101</span>
            </div> <!-- main-panel-header rounded-window-top -->
            <div class="main-panel-content rounded-window-bottom">
              <div class="method">
                <div class="method-content">
                  <a name="regression">
                  </a> <!-- regression -->
                  <span class="method-name">regression</span>
                  <div class="stack-trace">org.testng.TestNGException: 
Parameter &apos;browserName&apos; is required by BeforeTest on method initializeBrowser but has not been marked @Optional or defined

... Removed 26 stack frames
</div> <!-- stack-trace -->
                </div> <!-- method-content -->
              </div> <!-- method -->
            </div> <!-- main-panel-content rounded-window-bottom -->
          </div> <!-- suite-Surefire_suite-class-skipped -->
          <div class="suite-Surefire_suite-class-skipped">
            <div class="main-panel-header rounded-window-top">
              <img src="skipped.png"/>
              <span class="class-name">Test.TestCase40</span>
            </div> <!-- main-panel-header rounded-window-top -->
            <div class="main-panel-content rounded-window-bottom">
              <div class="method">
                <div class="method-content">
                  <a name="regression">
                  </a> <!-- regression -->
                  <span class="method-name">regression</span>
                  <div class="stack-trace">org.testng.TestNGException: 
Parameter &apos;browserName&apos; is required by BeforeTest on method initializeBrowser but has not been marked @Optional or defined

... Removed 26 stack frames
</div> <!-- stack-trace -->
                </div> <!-- method-content -->
              </div> <!-- method -->
            </div> <!-- main-panel-content rounded-window-bottom -->
          </div> <!-- suite-Surefire_suite-class-skipped -->
          <div class="suite-Surefire_suite-class-skipped">
            <div class="main-panel-header rounded-window-top">
              <img src="skipped.png"/>
              <span class="class-name">Test.TestCase3</span>
            </div> <!-- main-panel-header rounded-window-top -->
            <div class="main-panel-content rounded-window-bottom">
              <div class="method">
                <div class="method-content">
                  <a name="regression">
                  </a> <!-- regression -->
                  <span class="method-name">regression</span>
                  <div class="stack-trace">org.testng.TestNGException: 
Parameter &apos;browserName&apos; is required by BeforeTest on method initializeBrowser but has not been marked @Optional or defined

... Removed 26 stack frames
</div> <!-- stack-trace -->
                </div> <!-- method-content -->
              </div> <!-- method -->
            </div> <!-- main-panel-content rounded-window-bottom -->
          </div> <!-- suite-Surefire_suite-class-skipped -->
          <div class="suite-Surefire_suite-class-skipped">
            <div class="main-panel-header rounded-window-top">
              <img src="skipped.png"/>
              <span class="class-name">Test.TestCase54</span>
            </div> <!-- main-panel-header rounded-window-top -->
            <div class="main-panel-content rounded-window-bottom">
              <div class="method">
                <div class="method-content">
                  <a name="regression">
                  </a> <!-- regression -->
                  <span class="method-name">regression</span>
                  <div class="stack-trace">org.testng.TestNGException: 
Parameter &apos;browserName&apos; is required by BeforeTest on method initializeBrowser but has not been marked @Optional or defined

... Removed 26 stack frames
</div> <!-- stack-trace -->
                </div> <!-- method-content -->
              </div> <!-- method -->
            </div> <!-- main-panel-content rounded-window-bottom -->
          </div> <!-- suite-Surefire_suite-class-skipped -->
          <div class="suite-Surefire_suite-class-skipped">
            <div class="main-panel-header rounded-window-top">
              <img src="skipped.png"/>
              <span class="class-name">Test.TestCase32</span>
            </div> <!-- main-panel-header rounded-window-top -->
            <div class="main-panel-content rounded-window-bottom">
              <div class="method">
                <div class="method-content">
                  <a name="regression">
                  </a> <!-- regression -->
                  <span class="method-name">regression</span>
                  <div class="stack-trace">org.testng.TestNGException: 
Parameter &apos;browserName&apos; is required by BeforeTest on method initializeBrowser but has not been marked @Optional or defined

... Removed 26 stack frames
</div> <!-- stack-trace -->
                </div> <!-- method-content -->
              </div> <!-- method -->
            </div> <!-- main-panel-content rounded-window-bottom -->
          </div> <!-- suite-Surefire_suite-class-skipped -->
          <div class="suite-Surefire_suite-class-skipped">
            <div class="main-panel-header rounded-window-top">
              <img src="skipped.png"/>
              <span class="class-name">Test.TestCase98</span>
            </div> <!-- main-panel-header rounded-window-top -->
            <div class="main-panel-content rounded-window-bottom">
              <div class="method">
                <div class="method-content">
                  <a name="regression">
                  </a> <!-- regression -->
                  <span class="method-name">regression</span>
                  <div class="stack-trace">org.testng.TestNGException: 
Parameter &apos;browserName&apos; is required by BeforeTest on method initializeBrowser but has not been marked @Optional or defined

... Removed 26 stack frames
</div> <!-- stack-trace -->
                </div> <!-- method-content -->
              </div> <!-- method -->
            </div> <!-- main-panel-content rounded-window-bottom -->
          </div> <!-- suite-Surefire_suite-class-skipped -->
          <div class="suite-Surefire_suite-class-skipped">
            <div class="main-panel-header rounded-window-top">
              <img src="skipped.png"/>
              <span class="class-name">Test.TestCase78</span>
            </div> <!-- main-panel-header rounded-window-top -->
            <div class="main-panel-content rounded-window-bottom">
              <div class="method">
                <div class="method-content">
                  <a name="regression">
                  </a> <!-- regression -->
                  <span class="method-name">regression</span>
                  <div class="stack-trace">org.testng.TestNGException: 
Parameter &apos;browserName&apos; is required by BeforeTest on method initializeBrowser but has not been marked @Optional or defined

... Removed 26 stack frames
</div> <!-- stack-trace -->
                </div> <!-- method-content -->
              </div> <!-- method -->
            </div> <!-- main-panel-content rounded-window-bottom -->
          </div> <!-- suite-Surefire_suite-class-skipped -->
          <div class="suite-Surefire_suite-class-skipped">
            <div class="main-panel-header rounded-window-top">
              <img src="skipped.png"/>
              <span class="class-name">Test.TestCase29</span>
            </div> <!-- main-panel-header rounded-window-top -->
            <div class="main-panel-content rounded-window-bottom">
              <div class="method">
                <div class="method-content">
                  <a name="regression">
                  </a> <!-- regression -->
                  <span class="method-name">regression</span>
                  <div class="stack-trace">org.testng.TestNGException: 
Parameter &apos;browserName&apos; is required by BeforeTest on method initializeBrowser but has not been marked @Optional or defined

... Removed 26 stack frames
</div> <!-- stack-trace -->
                </div> <!-- method-content -->
              </div> <!-- method -->
            </div> <!-- main-panel-content rounded-window-bottom -->
          </div> <!-- suite-Surefire_suite-class-skipped -->
          <div class="suite-Surefire_suite-class-skipped">
            <div class="main-panel-header rounded-window-top">
              <img src="skipped.png"/>
              <span class="class-name">Test.TestCase6</span>
            </div> <!-- main-panel-header rounded-window-top -->
            <div class="main-panel-content rounded-window-bottom">
              <div class="method">
                <div class="method-content">
                  <a name="regression">
                  </a> <!-- regression -->
                  <span class="method-name">regression</span>
                  <div class="stack-trace">org.testng.TestNGException: 
Parameter &apos;browserName&apos; is required by BeforeTest on method initializeBrowser but has not been marked @Optional or defined

... Removed 26 stack frames
</div> <!-- stack-trace -->
                </div> <!-- method-content -->
              </div> <!-- method -->
            </div> <!-- main-panel-content rounded-window-bottom -->
          </div> <!-- suite-Surefire_suite-class-skipped -->
          <div class="suite-Surefire_suite-class-skipped">
            <div class="main-panel-header rounded-window-top">
              <img src="skipped.png"/>
              <span class="class-name">Test.TestCase16</span>
            </div> <!-- main-panel-header rounded-window-top -->
            <div class="main-panel-content rounded-window-bottom">
              <div class="method">
                <div class="method-content">
                  <a name="regression">
                  </a> <!-- regression -->
                  <span class="method-name">regression</span>
                  <div class="stack-trace">org.testng.TestNGException: 
Parameter &apos;browserName&apos; is required by BeforeTest on method initializeBrowser but has not been marked @Optional or defined

... Removed 26 stack frames
</div> <!-- stack-trace -->
                </div> <!-- method-content -->
              </div> <!-- method -->
            </div> <!-- main-panel-content rounded-window-bottom -->
          </div> <!-- suite-Surefire_suite-class-skipped -->
          <div class="suite-Surefire_suite-class-skipped">
            <div class="main-panel-header rounded-window-top">
              <img src="skipped.png"/>
              <span class="class-name">Test.TestCase81</span>
            </div> <!-- main-panel-header rounded-window-top -->
            <div class="main-panel-content rounded-window-bottom">
              <div class="method">
                <div class="method-content">
                  <a name="regression">
                  </a> <!-- regression -->
                  <span class="method-name">regression</span>
                  <div class="stack-trace">org.testng.TestNGException: 
Parameter &apos;browserName&apos; is required by BeforeTest on method initializeBrowser but has not been marked @Optional or defined

... Removed 26 stack frames
</div> <!-- stack-trace -->
                </div> <!-- method-content -->
              </div> <!-- method -->
            </div> <!-- main-panel-content rounded-window-bottom -->
          </div> <!-- suite-Surefire_suite-class-skipped -->
          <div class="suite-Surefire_suite-class-skipped">
            <div class="main-panel-header rounded-window-top">
              <img src="skipped.png"/>
              <span class="class-name">Test.TestCase23</span>
            </div> <!-- main-panel-header rounded-window-top -->
            <div class="main-panel-content rounded-window-bottom">
              <div class="method">
                <div class="method-content">
                  <a name="regression">
                  </a> <!-- regression -->
                  <span class="method-name">regression</span>
                  <div class="stack-trace">org.testng.TestNGException: 
Parameter &apos;browserName&apos; is required by BeforeTest on method initializeBrowser but has not been marked @Optional or defined

... Removed 26 stack frames
</div> <!-- stack-trace -->
                </div> <!-- method-content -->
              </div> <!-- method -->
            </div> <!-- main-panel-content rounded-window-bottom -->
          </div> <!-- suite-Surefire_suite-class-skipped -->
          <div class="suite-Surefire_suite-class-skipped">
            <div class="main-panel-header rounded-window-top">
              <img src="skipped.png"/>
              <span class="class-name">Test.TestCase66</span>
            </div> <!-- main-panel-header rounded-window-top -->
            <div class="main-panel-content rounded-window-bottom">
              <div class="method">
                <div class="method-content">
                  <a name="regression">
                  </a> <!-- regression -->
                  <span class="method-name">regression</span>
                  <div class="stack-trace">org.testng.TestNGException: 
Parameter &apos;browserName&apos; is required by BeforeTest on method initializeBrowser but has not been marked @Optional or defined

... Removed 26 stack frames
</div> <!-- stack-trace -->
                </div> <!-- method-content -->
              </div> <!-- method -->
            </div> <!-- main-panel-content rounded-window-bottom -->
          </div> <!-- suite-Surefire_suite-class-skipped -->
          <div class="suite-Surefire_suite-class-skipped">
            <div class="main-panel-header rounded-window-top">
              <img src="skipped.png"/>
              <span class="class-name">Test.TestCase59</span>
            </div> <!-- main-panel-header rounded-window-top -->
            <div class="main-panel-content rounded-window-bottom">
              <div class="method">
                <div class="method-content">
                  <a name="regression">
                  </a> <!-- regression -->
                  <span class="method-name">regression</span>
                  <div class="stack-trace">org.testng.TestNGException: 
Parameter &apos;browserName&apos; is required by BeforeTest on method initializeBrowser but has not been marked @Optional or defined

... Removed 26 stack frames
</div> <!-- stack-trace -->
                </div> <!-- method-content -->
              </div> <!-- method -->
            </div> <!-- main-panel-content rounded-window-bottom -->
          </div> <!-- suite-Surefire_suite-class-skipped -->
          <div class="suite-Surefire_suite-class-skipped">
            <div class="main-panel-header rounded-window-top">
              <img src="skipped.png"/>
              <span class="class-name">Test.TestCase91</span>
            </div> <!-- main-panel-header rounded-window-top -->
            <div class="main-panel-content rounded-window-bottom">
              <div class="method">
                <div class="method-content">
                  <a name="regression">
                  </a> <!-- regression -->
                  <span class="method-name">regression</span>
                  <div class="stack-trace">org.testng.TestNGException: 
Parameter &apos;browserName&apos; is required by BeforeTest on method initializeBrowser but has not been marked @Optional or defined

... Removed 26 stack frames
</div> <!-- stack-trace -->
                </div> <!-- method-content -->
              </div> <!-- method -->
            </div> <!-- main-panel-content rounded-window-bottom -->
          </div> <!-- suite-Surefire_suite-class-skipped -->
          <div class="suite-Surefire_suite-class-skipped">
            <div class="main-panel-header rounded-window-top">
              <img src="skipped.png"/>
              <span class="class-name">Test.TestCase89</span>
            </div> <!-- main-panel-header rounded-window-top -->
            <div class="main-panel-content rounded-window-bottom">
              <div class="method">
                <div class="method-content">
                  <a name="regression">
                  </a> <!-- regression -->
                  <span class="method-name">regression</span>
                  <div class="stack-trace">org.testng.TestNGException: 
Parameter &apos;browserName&apos; is required by BeforeTest on method initializeBrowser but has not been marked @Optional or defined

... Removed 26 stack frames
</div> <!-- stack-trace -->
                </div> <!-- method-content -->
              </div> <!-- method -->
            </div> <!-- main-panel-content rounded-window-bottom -->
          </div> <!-- suite-Surefire_suite-class-skipped -->
          <div class="suite-Surefire_suite-class-skipped">
            <div class="main-panel-header rounded-window-top">
              <img src="skipped.png"/>
              <span class="class-name">Test.TestCase90</span>
            </div> <!-- main-panel-header rounded-window-top -->
            <div class="main-panel-content rounded-window-bottom">
              <div class="method">
                <div class="method-content">
                  <a name="regression">
                  </a> <!-- regression -->
                  <span class="method-name">regression</span>
                  <div class="stack-trace">org.testng.TestNGException: 
Parameter &apos;browserName&apos; is required by BeforeTest on method initializeBrowser but has not been marked @Optional or defined

... Removed 26 stack frames
</div> <!-- stack-trace -->
                </div> <!-- method-content -->
              </div> <!-- method -->
            </div> <!-- main-panel-content rounded-window-bottom -->
          </div> <!-- suite-Surefire_suite-class-skipped -->
          <div class="suite-Surefire_suite-class-skipped">
            <div class="main-panel-header rounded-window-top">
              <img src="skipped.png"/>
              <span class="class-name">Test.TestCase20</span>
            </div> <!-- main-panel-header rounded-window-top -->
            <div class="main-panel-content rounded-window-bottom">
              <div class="method">
                <div class="method-content">
                  <a name="regression">
                  </a> <!-- regression -->
                  <span class="method-name">regression</span>
                  <div class="stack-trace">org.testng.TestNGException: 
Parameter &apos;browserName&apos; is required by BeforeTest on method initializeBrowser but has not been marked @Optional or defined

... Removed 26 stack frames
</div> <!-- stack-trace -->
                </div> <!-- method-content -->
              </div> <!-- method -->
            </div> <!-- main-panel-content rounded-window-bottom -->
          </div> <!-- suite-Surefire_suite-class-skipped -->
          <div class="suite-Surefire_suite-class-skipped">
            <div class="main-panel-header rounded-window-top">
              <img src="skipped.png"/>
              <span class="class-name">Test.TestCase88</span>
            </div> <!-- main-panel-header rounded-window-top -->
            <div class="main-panel-content rounded-window-bottom">
              <div class="method">
                <div class="method-content">
                  <a name="regression">
                  </a> <!-- regression -->
                  <span class="method-name">regression</span>
                  <div class="stack-trace">org.testng.TestNGException: 
Parameter &apos;browserName&apos; is required by BeforeTest on method initializeBrowser but has not been marked @Optional or defined

... Removed 26 stack frames
</div> <!-- stack-trace -->
                </div> <!-- method-content -->
              </div> <!-- method -->
            </div> <!-- main-panel-content rounded-window-bottom -->
          </div> <!-- suite-Surefire_suite-class-skipped -->
          <div class="suite-Surefire_suite-class-skipped">
            <div class="main-panel-header rounded-window-top">
              <img src="skipped.png"/>
              <span class="class-name">Test.TestCase17</span>
            </div> <!-- main-panel-header rounded-window-top -->
            <div class="main-panel-content rounded-window-bottom">
              <div class="method">
                <div class="method-content">
                  <a name="regression">
                  </a> <!-- regression -->
                  <span class="method-name">regression</span>
                  <div class="stack-trace">org.testng.TestNGException: 
Parameter &apos;browserName&apos; is required by BeforeTest on method initializeBrowser but has not been marked @Optional or defined

... Removed 26 stack frames
</div> <!-- stack-trace -->
                </div> <!-- method-content -->
              </div> <!-- method -->
            </div> <!-- main-panel-content rounded-window-bottom -->
          </div> <!-- suite-Surefire_suite-class-skipped -->
          <div class="suite-Surefire_suite-class-skipped">
            <div class="main-panel-header rounded-window-top">
              <img src="skipped.png"/>
              <span class="class-name">Test.TestCase55</span>
            </div> <!-- main-panel-header rounded-window-top -->
            <div class="main-panel-content rounded-window-bottom">
              <div class="method">
                <div class="method-content">
                  <a name="regression">
                  </a> <!-- regression -->
                  <span class="method-name">regression</span>
                  <div class="stack-trace">org.testng.TestNGException: 
Parameter &apos;browserName&apos; is required by BeforeTest on method initializeBrowser but has not been marked @Optional or defined

... Removed 26 stack frames
</div> <!-- stack-trace -->
                </div> <!-- method-content -->
              </div> <!-- method -->
            </div> <!-- main-panel-content rounded-window-bottom -->
          </div> <!-- suite-Surefire_suite-class-skipped -->
          <div class="suite-Surefire_suite-class-skipped">
            <div class="main-panel-header rounded-window-top">
              <img src="skipped.png"/>
              <span class="class-name">Test.TestCase11</span>
            </div> <!-- main-panel-header rounded-window-top -->
            <div class="main-panel-content rounded-window-bottom">
              <div class="method">
                <div class="method-content">
                  <a name="regression">
                  </a> <!-- regression -->
                  <span class="method-name">regression</span>
                  <div class="stack-trace">org.testng.TestNGException: 
Parameter &apos;browserName&apos; is required by BeforeTest on method initializeBrowser but has not been marked @Optional or defined

... Removed 26 stack frames
</div> <!-- stack-trace -->
                </div> <!-- method-content -->
              </div> <!-- method -->
            </div> <!-- main-panel-content rounded-window-bottom -->
          </div> <!-- suite-Surefire_suite-class-skipped -->
          <div class="suite-Surefire_suite-class-skipped">
            <div class="main-panel-header rounded-window-top">
              <img src="skipped.png"/>
              <span class="class-name">Test.TestCase97</span>
            </div> <!-- main-panel-header rounded-window-top -->
            <div class="main-panel-content rounded-window-bottom">
              <div class="method">
                <div class="method-content">
                  <a name="regression">
                  </a> <!-- regression -->
                  <span class="method-name">regression</span>
                  <div class="stack-trace">org.testng.TestNGException: 
Parameter &apos;browserName&apos; is required by BeforeTest on method initializeBrowser but has not been marked @Optional or defined

... Removed 26 stack frames
</div> <!-- stack-trace -->
                </div> <!-- method-content -->
              </div> <!-- method -->
            </div> <!-- main-panel-content rounded-window-bottom -->
          </div> <!-- suite-Surefire_suite-class-skipped -->
          <div class="suite-Surefire_suite-class-skipped">
            <div class="main-panel-header rounded-window-top">
              <img src="skipped.png"/>
              <span class="class-name">Test.TestCase95</span>
            </div> <!-- main-panel-header rounded-window-top -->
            <div class="main-panel-content rounded-window-bottom">
              <div class="method">
                <div class="method-content">
                  <a name="regression">
                  </a> <!-- regression -->
                  <span class="method-name">regression</span>
                  <div class="stack-trace">org.testng.TestNGException: 
Parameter &apos;browserName&apos; is required by BeforeTest on method initializeBrowser but has not been marked @Optional or defined

... Removed 26 stack frames
</div> <!-- stack-trace -->
                </div> <!-- method-content -->
              </div> <!-- method -->
            </div> <!-- main-panel-content rounded-window-bottom -->
          </div> <!-- suite-Surefire_suite-class-skipped -->
          <div class="suite-Surefire_suite-class-skipped">
            <div class="main-panel-header rounded-window-top">
              <img src="skipped.png"/>
              <span class="class-name">Test.TestCase4</span>
            </div> <!-- main-panel-header rounded-window-top -->
            <div class="main-panel-content rounded-window-bottom">
              <div class="method">
                <div class="method-content">
                  <a name="regression">
                  </a> <!-- regression -->
                  <span class="method-name">regression</span>
                  <div class="stack-trace">org.testng.TestNGException: 
Parameter &apos;browserName&apos; is required by BeforeTest on method initializeBrowser but has not been marked @Optional or defined

... Removed 26 stack frames
</div> <!-- stack-trace -->
                </div> <!-- method-content -->
              </div> <!-- method -->
            </div> <!-- main-panel-content rounded-window-bottom -->
          </div> <!-- suite-Surefire_suite-class-skipped -->
          <div class="suite-Surefire_suite-class-skipped">
            <div class="main-panel-header rounded-window-top">
              <img src="skipped.png"/>
              <span class="class-name">Test.TestCase82</span>
            </div> <!-- main-panel-header rounded-window-top -->
            <div class="main-panel-content rounded-window-bottom">
              <div class="method">
                <div class="method-content">
                  <a name="regression">
                  </a> <!-- regression -->
                  <span class="method-name">regression</span>
                  <div class="stack-trace">org.testng.TestNGException: 
Parameter &apos;browserName&apos; is required by BeforeTest on method initializeBrowser but has not been marked @Optional or defined

... Removed 26 stack frames
</div> <!-- stack-trace -->
                </div> <!-- method-content -->
              </div> <!-- method -->
            </div> <!-- main-panel-content rounded-window-bottom -->
          </div> <!-- suite-Surefire_suite-class-skipped -->
          <div class="suite-Surefire_suite-class-skipped">
            <div class="main-panel-header rounded-window-top">
              <img src="skipped.png"/>
              <span class="class-name">Test.TestCase106</span>
            </div> <!-- main-panel-header rounded-window-top -->
            <div class="main-panel-content rounded-window-bottom">
              <div class="method">
                <div class="method-content">
                  <a name="regression">
                  </a> <!-- regression -->
                  <span class="method-name">regression</span>
                  <div class="stack-trace">org.testng.TestNGException: 
Parameter &apos;browserName&apos; is required by BeforeTest on method initializeBrowser but has not been marked @Optional or defined

... Removed 26 stack frames
</div> <!-- stack-trace -->
                </div> <!-- method-content -->
              </div> <!-- method -->
            </div> <!-- main-panel-content rounded-window-bottom -->
          </div> <!-- suite-Surefire_suite-class-skipped -->
          <div class="suite-Surefire_suite-class-skipped">
            <div class="main-panel-header rounded-window-top">
              <img src="skipped.png"/>
              <span class="class-name">Test.TestCase64</span>
            </div> <!-- main-panel-header rounded-window-top -->
            <div class="main-panel-content rounded-window-bottom">
              <div class="method">
                <div class="method-content">
                  <a name="regression">
                  </a> <!-- regression -->
                  <span class="method-name">regression</span>
                  <div class="stack-trace">org.testng.TestNGException: 
Parameter &apos;browserName&apos; is required by BeforeTest on method initializeBrowser but has not been marked @Optional or defined

... Removed 26 stack frames
</div> <!-- stack-trace -->
                </div> <!-- method-content -->
              </div> <!-- method -->
            </div> <!-- main-panel-content rounded-window-bottom -->
          </div> <!-- suite-Surefire_suite-class-skipped -->
          <div class="suite-Surefire_suite-class-skipped">
            <div class="main-panel-header rounded-window-top">
              <img src="skipped.png"/>
              <span class="class-name">Test.TestCase103</span>
            </div> <!-- main-panel-header rounded-window-top -->
            <div class="main-panel-content rounded-window-bottom">
              <div class="method">
                <div class="method-content">
                  <a name="regression">
                  </a> <!-- regression -->
                  <span class="method-name">regression</span>
                  <div class="stack-trace">org.testng.TestNGException: 
Parameter &apos;browserName&apos; is required by BeforeTest on method initializeBrowser but has not been marked @Optional or defined

... Removed 26 stack frames
</div> <!-- stack-trace -->
                </div> <!-- method-content -->
              </div> <!-- method -->
            </div> <!-- main-panel-content rounded-window-bottom -->
          </div> <!-- suite-Surefire_suite-class-skipped -->
          <div class="suite-Surefire_suite-class-skipped">
            <div class="main-panel-header rounded-window-top">
              <img src="skipped.png"/>
              <span class="class-name">Test.TestCase5</span>
            </div> <!-- main-panel-header rounded-window-top -->
            <div class="main-panel-content rounded-window-bottom">
              <div class="method">
                <div class="method-content">
                  <a name="regression">
                  </a> <!-- regression -->
                  <span class="method-name">regression</span>
                  <div class="stack-trace">org.testng.TestNGException: 
Parameter &apos;browserName&apos; is required by BeforeTest on method initializeBrowser but has not been marked @Optional or defined

... Removed 26 stack frames
</div> <!-- stack-trace -->
                </div> <!-- method-content -->
              </div> <!-- method -->
            </div> <!-- main-panel-content rounded-window-bottom -->
          </div> <!-- suite-Surefire_suite-class-skipped -->
          <div class="suite-Surefire_suite-class-skipped">
            <div class="main-panel-header rounded-window-top">
              <img src="skipped.png"/>
              <span class="class-name">Test.TestCase77</span>
            </div> <!-- main-panel-header rounded-window-top -->
            <div class="main-panel-content rounded-window-bottom">
              <div class="method">
                <div class="method-content">
                  <a name="regression">
                  </a> <!-- regression -->
                  <span class="method-name">regression</span>
                  <div class="stack-trace">org.testng.TestNGException: 
Parameter &apos;browserName&apos; is required by BeforeTest on method initializeBrowser but has not been marked @Optional or defined

... Removed 26 stack frames
</div> <!-- stack-trace -->
                </div> <!-- method-content -->
              </div> <!-- method -->
            </div> <!-- main-panel-content rounded-window-bottom -->
          </div> <!-- suite-Surefire_suite-class-skipped -->
          <div class="suite-Surefire_suite-class-skipped">
            <div class="main-panel-header rounded-window-top">
              <img src="skipped.png"/>
              <span class="class-name">Test.TestCase9</span>
            </div> <!-- main-panel-header rounded-window-top -->
            <div class="main-panel-content rounded-window-bottom">
              <div class="method">
                <div class="method-content">
                  <a name="regression">
                  </a> <!-- regression -->
                  <span class="method-name">regression</span>
                  <div class="stack-trace">org.testng.TestNGException: 
Parameter &apos;browserName&apos; is required by BeforeTest on method initializeBrowser but has not been marked @Optional or defined

... Removed 26 stack frames
</div> <!-- stack-trace -->
                </div> <!-- method-content -->
              </div> <!-- method -->
            </div> <!-- main-panel-content rounded-window-bottom -->
          </div> <!-- suite-Surefire_suite-class-skipped -->
          <div class="suite-Surefire_suite-class-skipped">
            <div class="main-panel-header rounded-window-top">
              <img src="skipped.png"/>
              <span class="class-name">Test.TestCase42</span>
            </div> <!-- main-panel-header rounded-window-top -->
            <div class="main-panel-content rounded-window-bottom">
              <div class="method">
                <div class="method-content">
                  <a name="regression">
                  </a> <!-- regression -->
                  <span class="method-name">regression</span>
                  <div class="stack-trace">org.testng.TestNGException: 
Parameter &apos;browserName&apos; is required by BeforeTest on method initializeBrowser but has not been marked @Optional or defined

... Removed 26 stack frames
</div> <!-- stack-trace -->
                </div> <!-- method-content -->
              </div> <!-- method -->
            </div> <!-- main-panel-content rounded-window-bottom -->
          </div> <!-- suite-Surefire_suite-class-skipped -->
          <div class="suite-Surefire_suite-class-skipped">
            <div class="main-panel-header rounded-window-top">
              <img src="skipped.png"/>
              <span class="class-name">Test.TestCase75</span>
            </div> <!-- main-panel-header rounded-window-top -->
            <div class="main-panel-content rounded-window-bottom">
              <div class="method">
                <div class="method-content">
                  <a name="regression">
                  </a> <!-- regression -->
                  <span class="method-name">regression</span>
                  <div class="stack-trace">org.testng.TestNGException: 
Parameter &apos;browserName&apos; is required by BeforeTest on method initializeBrowser but has not been marked @Optional or defined

... Removed 26 stack frames
</div> <!-- stack-trace -->
                </div> <!-- method-content -->
              </div> <!-- method -->
            </div> <!-- main-panel-content rounded-window-bottom -->
          </div> <!-- suite-Surefire_suite-class-skipped -->
          <div class="suite-Surefire_suite-class-skipped">
            <div class="main-panel-header rounded-window-top">
              <img src="skipped.png"/>
              <span class="class-name">Test.TestCase52</span>
            </div> <!-- main-panel-header rounded-window-top -->
            <div class="main-panel-content rounded-window-bottom">
              <div class="method">
                <div class="method-content">
                  <a name="regression">
                  </a> <!-- regression -->
                  <span class="method-name">regression</span>
                  <div class="stack-trace">org.testng.TestNGException: 
Parameter &apos;browserName&apos; is required by BeforeTest on method initializeBrowser but has not been marked @Optional or defined

... Removed 26 stack frames
</div> <!-- stack-trace -->
                </div> <!-- method-content -->
              </div> <!-- method -->
            </div> <!-- main-panel-content rounded-window-bottom -->
          </div> <!-- suite-Surefire_suite-class-skipped -->
          <div class="suite-Surefire_suite-class-skipped">
            <div class="main-panel-header rounded-window-top">
              <img src="skipped.png"/>
              <span class="class-name">Test.TestCase31</span>
            </div> <!-- main-panel-header rounded-window-top -->
            <div class="main-panel-content rounded-window-bottom">
              <div class="method">
                <div class="method-content">
                  <a name="regression">
                  </a> <!-- regression -->
                  <span class="method-name">regression</span>
                  <div class="stack-trace">org.testng.TestNGException: 
Parameter &apos;browserName&apos; is required by BeforeTest on method initializeBrowser but has not been marked @Optional or defined

... Removed 26 stack frames
</div> <!-- stack-trace -->
                </div> <!-- method-content -->
              </div> <!-- method -->
            </div> <!-- main-panel-content rounded-window-bottom -->
          </div> <!-- suite-Surefire_suite-class-skipped -->
          <div class="suite-Surefire_suite-class-skipped">
            <div class="main-panel-header rounded-window-top">
              <img src="skipped.png"/>
              <span class="class-name">Test.TestCase69</span>
            </div> <!-- main-panel-header rounded-window-top -->
            <div class="main-panel-content rounded-window-bottom">
              <div class="method">
                <div class="method-content">
                  <a name="regression">
                  </a> <!-- regression -->
                  <span class="method-name">regression</span>
                  <div class="stack-trace">org.testng.TestNGException: 
Parameter &apos;browserName&apos; is required by BeforeTest on method initializeBrowser but has not been marked @Optional or defined

... Removed 26 stack frames
</div> <!-- stack-trace -->
                </div> <!-- method-content -->
              </div> <!-- method -->
            </div> <!-- main-panel-content rounded-window-bottom -->
          </div> <!-- suite-Surefire_suite-class-skipped -->
          <div class="suite-Surefire_suite-class-skipped">
            <div class="main-panel-header rounded-window-top">
              <img src="skipped.png"/>
              <span class="class-name">Test.TestCase58</span>
            </div> <!-- main-panel-header rounded-window-top -->
            <div class="main-panel-content rounded-window-bottom">
              <div class="method">
                <div class="method-content">
                  <a name="regression">
                  </a> <!-- regression -->
                  <span class="method-name">regression</span>
                  <div class="stack-trace">org.testng.TestNGException: 
Parameter &apos;browserName&apos; is required by BeforeTest on method initializeBrowser but has not been marked @Optional or defined

... Removed 26 stack frames
</div> <!-- stack-trace -->
                </div> <!-- method-content -->
              </div> <!-- method -->
            </div> <!-- main-panel-content rounded-window-bottom -->
          </div> <!-- suite-Surefire_suite-class-skipped -->
          <div class="suite-Surefire_suite-class-skipped">
            <div class="main-panel-header rounded-window-top">
              <img src="skipped.png"/>
              <span class="class-name">Test.TestCase18</span>
            </div> <!-- main-panel-header rounded-window-top -->
            <div class="main-panel-content rounded-window-bottom">
              <div class="method">
                <div class="method-content">
                  <a name="regression">
                  </a> <!-- regression -->
                  <span class="method-name">regression</span>
                  <div class="stack-trace">org.testng.TestNGException: 
Parameter &apos;browserName&apos; is required by BeforeTest on method initializeBrowser but has not been marked @Optional or defined

... Removed 26 stack frames
</div> <!-- stack-trace -->
                </div> <!-- method-content -->
              </div> <!-- method -->
            </div> <!-- main-panel-content rounded-window-bottom -->
          </div> <!-- suite-Surefire_suite-class-skipped -->
          <div class="suite-Surefire_suite-class-skipped">
            <div class="main-panel-header rounded-window-top">
              <img src="skipped.png"/>
              <span class="class-name">Test.TestCase41</span>
            </div> <!-- main-panel-header rounded-window-top -->
            <div class="main-panel-content rounded-window-bottom">
              <div class="method">
                <div class="method-content">
                  <a name="regression">
                  </a> <!-- regression -->
                  <span class="method-name">regression</span>
                  <div class="stack-trace">org.testng.TestNGException: 
Parameter &apos;browserName&apos; is required by BeforeTest on method initializeBrowser but has not been marked @Optional or defined

... Removed 26 stack frames
</div> <!-- stack-trace -->
                </div> <!-- method-content -->
              </div> <!-- method -->
            </div> <!-- main-panel-content rounded-window-bottom -->
          </div> <!-- suite-Surefire_suite-class-skipped -->
          <div class="suite-Surefire_suite-class-skipped">
            <div class="main-panel-header rounded-window-top">
              <img src="skipped.png"/>
              <span class="class-name">Test.TestCase25</span>
            </div> <!-- main-panel-header rounded-window-top -->
            <div class="main-panel-content rounded-window-bottom">
              <div class="method">
                <div class="method-content">
                  <a name="regression">
                  </a> <!-- regression -->
                  <span class="method-name">regression</span>
                  <div class="stack-trace">org.testng.TestNGException: 
Parameter &apos;browserName&apos; is required by BeforeTest on method initializeBrowser but has not been marked @Optional or defined

... Removed 26 stack frames
</div> <!-- stack-trace -->
                </div> <!-- method-content -->
              </div> <!-- method -->
            </div> <!-- main-panel-content rounded-window-bottom -->
          </div> <!-- suite-Surefire_suite-class-skipped -->
          <div class="suite-Surefire_suite-class-skipped">
            <div class="main-panel-header rounded-window-top">
              <img src="skipped.png"/>
              <span class="class-name">Test.TestCase19</span>
            </div> <!-- main-panel-header rounded-window-top -->
            <div class="main-panel-content rounded-window-bottom">
              <div class="method">
                <div class="method-content">
                  <a name="regression">
                  </a> <!-- regression -->
                  <span class="method-name">regression</span>
                  <div class="stack-trace">org.testng.TestNGException: 
Parameter &apos;browserName&apos; is required by BeforeTest on method initializeBrowser but has not been marked @Optional or defined

... Removed 26 stack frames
</div> <!-- stack-trace -->
                </div> <!-- method-content -->
              </div> <!-- method -->
            </div> <!-- main-panel-content rounded-window-bottom -->
          </div> <!-- suite-Surefire_suite-class-skipped -->
          <div class="suite-Surefire_suite-class-skipped">
            <div class="main-panel-header rounded-window-top">
              <img src="skipped.png"/>
              <span class="class-name">Test.TestCase100</span>
            </div> <!-- main-panel-header rounded-window-top -->
            <div class="main-panel-content rounded-window-bottom">
              <div class="method">
                <div class="method-content">
                  <a name="regression">
                  </a> <!-- regression -->
                  <span class="method-name">regression</span>
                  <div class="stack-trace">org.testng.TestNGException: 
Parameter &apos;browserName&apos; is required by BeforeTest on method initializeBrowser but has not been marked @Optional or defined

... Removed 26 stack frames
</div> <!-- stack-trace -->
                </div> <!-- method-content -->
              </div> <!-- method -->
            </div> <!-- main-panel-content rounded-window-bottom -->
          </div> <!-- suite-Surefire_suite-class-skipped -->
          <div class="suite-Surefire_suite-class-skipped">
            <div class="main-panel-header rounded-window-top">
              <img src="skipped.png"/>
              <span class="class-name">Test.TestCase79</span>
            </div> <!-- main-panel-header rounded-window-top -->
            <div class="main-panel-content rounded-window-bottom">
              <div class="method">
                <div class="method-content">
                  <a name="regression">
                  </a> <!-- regression -->
                  <span class="method-name">regression</span>
                  <div class="stack-trace">org.testng.TestNGException: 
Parameter &apos;browserName&apos; is required by BeforeTest on method initializeBrowser but has not been marked @Optional or defined

... Removed 26 stack frames
</div> <!-- stack-trace -->
                </div> <!-- method-content -->
              </div> <!-- method -->
            </div> <!-- main-panel-content rounded-window-bottom -->
          </div> <!-- suite-Surefire_suite-class-skipped -->
          <div class="suite-Surefire_suite-class-skipped">
            <div class="main-panel-header rounded-window-top">
              <img src="skipped.png"/>
              <span class="class-name">Test.TestCase76</span>
            </div> <!-- main-panel-header rounded-window-top -->
            <div class="main-panel-content rounded-window-bottom">
              <div class="method">
                <div class="method-content">
                  <a name="regression">
                  </a> <!-- regression -->
                  <span class="method-name">regression</span>
                  <div class="stack-trace">org.testng.TestNGException: 
Parameter &apos;browserName&apos; is required by BeforeTest on method initializeBrowser but has not been marked @Optional or defined

... Removed 26 stack frames
</div> <!-- stack-trace -->
                </div> <!-- method-content -->
              </div> <!-- method -->
            </div> <!-- main-panel-content rounded-window-bottom -->
          </div> <!-- suite-Surefire_suite-class-skipped -->
          <div class="suite-Surefire_suite-class-skipped">
            <div class="main-panel-header rounded-window-top">
              <img src="skipped.png"/>
              <span class="class-name">Test.TestCase30</span>
            </div> <!-- main-panel-header rounded-window-top -->
            <div class="main-panel-content rounded-window-bottom">
              <div class="method">
                <div class="method-content">
                  <a name="regression">
                  </a> <!-- regression -->
                  <span class="method-name">regression</span>
                  <div class="stack-trace">org.testng.TestNGException: 
Parameter &apos;browserName&apos; is required by BeforeTest on method initializeBrowser but has not been marked @Optional or defined

... Removed 26 stack frames
</div> <!-- stack-trace -->
                </div> <!-- method-content -->
              </div> <!-- method -->
            </div> <!-- main-panel-content rounded-window-bottom -->
          </div> <!-- suite-Surefire_suite-class-skipped -->
          <div class="suite-Surefire_suite-class-skipped">
            <div class="main-panel-header rounded-window-top">
              <img src="skipped.png"/>
              <span class="class-name">Test.TestCase61</span>
            </div> <!-- main-panel-header rounded-window-top -->
            <div class="main-panel-content rounded-window-bottom">
              <div class="method">
                <div class="method-content">
                  <a name="regression">
                  </a> <!-- regression -->
                  <span class="method-name">regression</span>
                  <div class="stack-trace">org.testng.TestNGException: 
Parameter &apos;browserName&apos; is required by BeforeTest on method initializeBrowser but has not been marked @Optional or defined

... Removed 26 stack frames
</div> <!-- stack-trace -->
                </div> <!-- method-content -->
              </div> <!-- method -->
            </div> <!-- main-panel-content rounded-window-bottom -->
          </div> <!-- suite-Surefire_suite-class-skipped -->
          <div class="suite-Surefire_suite-class-skipped">
            <div class="main-panel-header rounded-window-top">
              <img src="skipped.png"/>
              <span class="class-name">Test.TestCase47</span>
            </div> <!-- main-panel-header rounded-window-top -->
            <div class="main-panel-content rounded-window-bottom">
              <div class="method">
                <div class="method-content">
                  <a name="regression">
                  </a> <!-- regression -->
                  <span class="method-name">regression</span>
                  <div class="stack-trace">org.testng.TestNGException: 
Parameter &apos;browserName&apos; is required by BeforeTest on method initializeBrowser but has not been marked @Optional or defined

... Removed 26 stack frames
</div> <!-- stack-trace -->
                </div> <!-- method-content -->
              </div> <!-- method -->
            </div> <!-- main-panel-content rounded-window-bottom -->
          </div> <!-- suite-Surefire_suite-class-skipped -->
          <div class="suite-Surefire_suite-class-skipped">
            <div class="main-panel-header rounded-window-top">
              <img src="skipped.png"/>
              <span class="class-name">Test.TestCase71</span>
            </div> <!-- main-panel-header rounded-window-top -->
            <div class="main-panel-content rounded-window-bottom">
              <div class="method">
                <div class="method-content">
                  <a name="regression">
                  </a> <!-- regression -->
                  <span class="method-name">regression</span>
                  <div class="stack-trace">org.testng.TestNGException: 
Parameter &apos;browserName&apos; is required by BeforeTest on method initializeBrowser but has not been marked @Optional or defined

... Removed 26 stack frames
</div> <!-- stack-trace -->
                </div> <!-- method-content -->
              </div> <!-- method -->
            </div> <!-- main-panel-content rounded-window-bottom -->
          </div> <!-- suite-Surefire_suite-class-skipped -->
          <div class="suite-Surefire_suite-class-skipped">
            <div class="main-panel-header rounded-window-top">
              <img src="skipped.png"/>
              <span class="class-name">Test.TestCase96</span>
            </div> <!-- main-panel-header rounded-window-top -->
            <div class="main-panel-content rounded-window-bottom">
              <div class="method">
                <div class="method-content">
                  <a name="regression">
                  </a> <!-- regression -->
                  <span class="method-name">regression</span>
                  <div class="stack-trace">org.testng.TestNGException: 
Parameter &apos;browserName&apos; is required by BeforeTest on method initializeBrowser but has not been marked @Optional or defined

... Removed 26 stack frames
</div> <!-- stack-trace -->
                </div> <!-- method-content -->
              </div> <!-- method -->
            </div> <!-- main-panel-content rounded-window-bottom -->
          </div> <!-- suite-Surefire_suite-class-skipped -->
          <div class="suite-Surefire_suite-class-skipped">
            <div class="main-panel-header rounded-window-top">
              <img src="skipped.png"/>
              <span class="class-name">Test.TestCase83</span>
            </div> <!-- main-panel-header rounded-window-top -->
            <div class="main-panel-content rounded-window-bottom">
              <div class="method">
                <div class="method-content">
                  <a name="regression">
                  </a> <!-- regression -->
                  <span class="method-name">regression</span>
                  <div class="stack-trace">org.testng.TestNGException: 
Parameter &apos;browserName&apos; is required by BeforeTest on method initializeBrowser but has not been marked @Optional or defined

... Removed 26 stack frames
</div> <!-- stack-trace -->
                </div> <!-- method-content -->
              </div> <!-- method -->
            </div> <!-- main-panel-content rounded-window-bottom -->
          </div> <!-- suite-Surefire_suite-class-skipped -->
          <div class="suite-Surefire_suite-class-skipped">
            <div class="main-panel-header rounded-window-top">
              <img src="skipped.png"/>
              <span class="class-name">Test.TestCase2</span>
            </div> <!-- main-panel-header rounded-window-top -->
            <div class="main-panel-content rounded-window-bottom">
              <div class="method">
                <div class="method-content">
                  <a name="regression">
                  </a> <!-- regression -->
                  <span class="method-name">regression</span>
                  <div class="stack-trace">org.testng.TestNGException: 
Parameter &apos;browserName&apos; is required by BeforeTest on method initializeBrowser but has not been marked @Optional or defined

... Removed 26 stack frames
</div> <!-- stack-trace -->
                </div> <!-- method-content -->
              </div> <!-- method -->
            </div> <!-- main-panel-content rounded-window-bottom -->
          </div> <!-- suite-Surefire_suite-class-skipped -->
          <div class="suite-Surefire_suite-class-skipped">
            <div class="main-panel-header rounded-window-top">
              <img src="skipped.png"/>
              <span class="class-name">Test.TestCase57</span>
            </div> <!-- main-panel-header rounded-window-top -->
            <div class="main-panel-content rounded-window-bottom">
              <div class="method">
                <div class="method-content">
                  <a name="regression">
                  </a> <!-- regression -->
                  <span class="method-name">regression</span>
                  <div class="stack-trace">org.testng.TestNGException: 
Parameter &apos;browserName&apos; is required by BeforeTest on method initializeBrowser but has not been marked @Optional or defined

... Removed 26 stack frames
</div> <!-- stack-trace -->
                </div> <!-- method-content -->
              </div> <!-- method -->
            </div> <!-- main-panel-content rounded-window-bottom -->
          </div> <!-- suite-Surefire_suite-class-skipped -->
          <div class="suite-Surefire_suite-class-skipped">
            <div class="main-panel-header rounded-window-top">
              <img src="skipped.png"/>
              <span class="class-name">Test.TestCase60</span>
            </div> <!-- main-panel-header rounded-window-top -->
            <div class="main-panel-content rounded-window-bottom">
              <div class="method">
                <div class="method-content">
                  <a name="regression">
                  </a> <!-- regression -->
                  <span class="method-name">regression</span>
                  <div class="stack-trace">org.testng.TestNGException: 
Parameter &apos;browserName&apos; is required by BeforeTest on method initializeBrowser but has not been marked @Optional or defined

... Removed 26 stack frames
</div> <!-- stack-trace -->
                </div> <!-- method-content -->
              </div> <!-- method -->
            </div> <!-- main-panel-content rounded-window-bottom -->
          </div> <!-- suite-Surefire_suite-class-skipped -->
          <div class="suite-Surefire_suite-class-skipped">
            <div class="main-panel-header rounded-window-top">
              <img src="skipped.png"/>
              <span class="class-name">Test.TestCase74</span>
            </div> <!-- main-panel-header rounded-window-top -->
            <div class="main-panel-content rounded-window-bottom">
              <div class="method">
                <div class="method-content">
                  <a name="regression">
                  </a> <!-- regression -->
                  <span class="method-name">regression</span>
                  <div class="stack-trace">org.testng.TestNGException: 
Parameter &apos;browserName&apos; is required by BeforeTest on method initializeBrowser but has not been marked @Optional or defined

... Removed 26 stack frames
</div> <!-- stack-trace -->
                </div> <!-- method-content -->
              </div> <!-- method -->
            </div> <!-- main-panel-content rounded-window-bottom -->
          </div> <!-- suite-Surefire_suite-class-skipped -->
          <div class="suite-Surefire_suite-class-skipped">
            <div class="main-panel-header rounded-window-top">
              <img src="skipped.png"/>
              <span class="class-name">Test.TestCase22</span>
            </div> <!-- main-panel-header rounded-window-top -->
            <div class="main-panel-content rounded-window-bottom">
              <div class="method">
                <div class="method-content">
                  <a name="regression">
                  </a> <!-- regression -->
                  <span class="method-name">regression</span>
                  <div class="stack-trace">org.testng.TestNGException: 
Parameter &apos;browserName&apos; is required by BeforeTest on method initializeBrowser but has not been marked @Optional or defined

... Removed 26 stack frames
</div> <!-- stack-trace -->
                </div> <!-- method-content -->
              </div> <!-- method -->
            </div> <!-- main-panel-content rounded-window-bottom -->
          </div> <!-- suite-Surefire_suite-class-skipped -->
          <div class="suite-Surefire_suite-class-skipped">
            <div class="main-panel-header rounded-window-top">
              <img src="skipped.png"/>
              <span class="class-name">Test.TestCase51</span>
            </div> <!-- main-panel-header rounded-window-top -->
            <div class="main-panel-content rounded-window-bottom">
              <div class="method">
                <div class="method-content">
                  <a name="regression">
                  </a> <!-- regression -->
                  <span class="method-name">regression</span>
                  <div class="stack-trace">org.testng.TestNGException: 
Parameter &apos;browserName&apos; is required by BeforeTest on method initializeBrowser but has not been marked @Optional or defined

... Removed 26 stack frames
</div> <!-- stack-trace -->
                </div> <!-- method-content -->
              </div> <!-- method -->
            </div> <!-- main-panel-content rounded-window-bottom -->
          </div> <!-- suite-Surefire_suite-class-skipped -->
          <div class="suite-Surefire_suite-class-skipped">
            <div class="main-panel-header rounded-window-top">
              <img src="skipped.png"/>
              <span class="class-name">Test.TestCase43</span>
            </div> <!-- main-panel-header rounded-window-top -->
            <div class="main-panel-content rounded-window-bottom">
              <div class="method">
                <div class="method-content">
                  <a name="regression">
                  </a> <!-- regression -->
                  <span class="method-name">regression</span>
                  <div class="stack-trace">org.testng.TestNGException: 
Parameter &apos;browserName&apos; is required by BeforeTest on method initializeBrowser but has not been marked @Optional or defined

... Removed 26 stack frames
</div> <!-- stack-trace -->
                </div> <!-- method-content -->
              </div> <!-- method -->
            </div> <!-- main-panel-content rounded-window-bottom -->
          </div> <!-- suite-Surefire_suite-class-skipped -->
          <div class="suite-Surefire_suite-class-skipped">
            <div class="main-panel-header rounded-window-top">
              <img src="skipped.png"/>
              <span class="class-name">Test.TestCase87</span>
            </div> <!-- main-panel-header rounded-window-top -->
            <div class="main-panel-content rounded-window-bottom">
              <div class="method">
                <div class="method-content">
                  <a name="regression">
                  </a> <!-- regression -->
                  <span class="method-name">regression</span>
                  <div class="stack-trace">org.testng.TestNGException: 
Parameter &apos;browserName&apos; is required by BeforeTest on method initializeBrowser but has not been marked @Optional or defined

... Removed 26 stack frames
</div> <!-- stack-trace -->
                </div> <!-- method-content -->
              </div> <!-- method -->
            </div> <!-- main-panel-content rounded-window-bottom -->
          </div> <!-- suite-Surefire_suite-class-skipped -->
          <div class="suite-Surefire_suite-class-skipped">
            <div class="main-panel-header rounded-window-top">
              <img src="skipped.png"/>
              <span class="class-name">Test.TestCase39</span>
            </div> <!-- main-panel-header rounded-window-top -->
            <div class="main-panel-content rounded-window-bottom">
              <div class="method">
                <div class="method-content">
                  <a name="regression">
                  </a> <!-- regression -->
                  <span class="method-name">regression</span>
                  <div class="stack-trace">org.testng.TestNGException: 
Parameter &apos;browserName&apos; is required by BeforeTest on method initializeBrowser but has not been marked @Optional or defined

... Removed 26 stack frames
</div> <!-- stack-trace -->
                </div> <!-- method-content -->
              </div> <!-- method -->
            </div> <!-- main-panel-content rounded-window-bottom -->
          </div> <!-- suite-Surefire_suite-class-skipped -->
          <div class="suite-Surefire_suite-class-skipped">
            <div class="main-panel-header rounded-window-top">
              <img src="skipped.png"/>
              <span class="class-name">Test.TestCase10</span>
            </div> <!-- main-panel-header rounded-window-top -->
            <div class="main-panel-content rounded-window-bottom">
              <div class="method">
                <div class="method-content">
                  <a name="regression">
                  </a> <!-- regression -->
                  <span class="method-name">regression</span>
                  <div class="stack-trace">org.testng.TestNGException: 
Parameter &apos;browserName&apos; is required by BeforeTest on method initializeBrowser but has not been marked @Optional or defined

... Removed 26 stack frames
</div> <!-- stack-trace -->
                </div> <!-- method-content -->
              </div> <!-- method -->
            </div> <!-- main-panel-content rounded-window-bottom -->
          </div> <!-- suite-Surefire_suite-class-skipped -->
          <div class="suite-Surefire_suite-class-skipped">
            <div class="main-panel-header rounded-window-top">
              <img src="skipped.png"/>
              <span class="class-name">Test.TestCase102</span>
            </div> <!-- main-panel-header rounded-window-top -->
            <div class="main-panel-content rounded-window-bottom">
              <div class="method">
                <div class="method-content">
                  <a name="regression">
                  </a> <!-- regression -->
                  <span class="method-name">regression</span>
                  <div class="stack-trace">org.testng.TestNGException: 
Parameter &apos;browserName&apos; is required by BeforeTest on method initializeBrowser but has not been marked @Optional or defined

... Removed 26 stack frames
</div> <!-- stack-trace -->
                </div> <!-- method-content -->
              </div> <!-- method -->
            </div> <!-- main-panel-content rounded-window-bottom -->
          </div> <!-- suite-Surefire_suite-class-skipped -->
        </div> <!-- panel Surefire_suite -->
        <div panel-name="test-xml-Surefire_suite" class="panel">
          <div class="main-panel-header rounded-window-top">
          </div> <!-- main-panel-header rounded-window-top -->
          <div class="main-panel-content rounded-window-bottom">
            <pre>
&lt;?xml version=&quot;1.0&quot; encoding=&quot;UTF-8&quot;?&gt;
&lt;!DOCTYPE suite SYSTEM &quot;https://testng.org/testng-1.0.dtd&quot;&gt;
&lt;suite name=&quot;Surefire suite&quot; verbose=&quot;0&quot;&gt;
  &lt;test thread-count=&quot;5&quot; name=&quot;Surefire test&quot; verbose=&quot;0&quot;&gt;
    &lt;classes&gt;
      &lt;class name=&quot;Test.TestCase1&quot;/&gt;
      &lt;class name=&quot;Test.TestCase10&quot;/&gt;
      &lt;class name=&quot;Test.TestCase100&quot;/&gt;
      &lt;class name=&quot;Test.TestCase101&quot;/&gt;
      &lt;class name=&quot;Test.TestCase102&quot;/&gt;
      &lt;class name=&quot;Test.TestCase103&quot;/&gt;
      &lt;class name=&quot;Test.TestCase104&quot;/&gt;
      &lt;class name=&quot;Test.TestCase105&quot;/&gt;
      &lt;class name=&quot;Test.TestCase106&quot;/&gt;
      &lt;class name=&quot;Test.TestCase107&quot;/&gt;
      &lt;class name=&quot;Test.TestCase11&quot;/&gt;
      &lt;class name=&quot;Test.TestCase15&quot;/&gt;
      &lt;class name=&quot;Test.TestCase16&quot;/&gt;
      &lt;class name=&quot;Test.TestCase17&quot;/&gt;
      &lt;class name=&quot;Test.TestCase18&quot;/&gt;
      &lt;class name=&quot;Test.TestCase19&quot;/&gt;
      &lt;class name=&quot;Test.TestCase2&quot;/&gt;
      &lt;class name=&quot;Test.TestCase20&quot;/&gt;
      &lt;class name=&quot;Test.TestCase21&quot;/&gt;
      &lt;class name=&quot;Test.TestCase22&quot;/&gt;
      &lt;class name=&quot;Test.TestCase23&quot;/&gt;
      &lt;class name=&quot;Test.TestCase24&quot;/&gt;
      &lt;class name=&quot;Test.TestCase25&quot;/&gt;
      &lt;class name=&quot;Test.TestCase26&quot;/&gt;
      &lt;class name=&quot;Test.TestCase28&quot;/&gt;
      &lt;class name=&quot;Test.TestCase29&quot;/&gt;
      &lt;class name=&quot;Test.TestCase3&quot;/&gt;
      &lt;class name=&quot;Test.TestCase30&quot;/&gt;
      &lt;class name=&quot;Test.TestCase31&quot;/&gt;
      &lt;class name=&quot;Test.TestCase32&quot;/&gt;
      &lt;class name=&quot;Test.TestCase33&quot;/&gt;
      &lt;class name=&quot;Test.TestCase34&quot;/&gt;
      &lt;class name=&quot;Test.TestCase35&quot;/&gt;
      &lt;class name=&quot;Test.TestCase37&quot;/&gt;
      &lt;class name=&quot;Test.TestCase38&quot;/&gt;
      &lt;class name=&quot;Test.TestCase39&quot;/&gt;
      &lt;class name=&quot;Test.TestCase4&quot;/&gt;
      &lt;class name=&quot;Test.TestCase40&quot;/&gt;
      &lt;class name=&quot;Test.TestCase41&quot;/&gt;
      &lt;class name=&quot;Test.TestCase42&quot;/&gt;
      &lt;class name=&quot;Test.TestCase43&quot;/&gt;
      &lt;class name=&quot;Test.TestCase44&quot;/&gt;
      &lt;class name=&quot;Test.TestCase45&quot;/&gt;
      &lt;class name=&quot;Test.TestCase46&quot;/&gt;
      &lt;class name=&quot;Test.TestCase47&quot;/&gt;
      &lt;class name=&quot;Test.TestCase5&quot;/&gt;
      &lt;class name=&quot;Test.TestCase51&quot;/&gt;
      &lt;class name=&quot;Test.TestCase52&quot;/&gt;
      &lt;class name=&quot;Test.TestCase53&quot;/&gt;
      &lt;class name=&quot;Test.TestCase54&quot;/&gt;
      &lt;class name=&quot;Test.TestCase55&quot;/&gt;
      &lt;class name=&quot;Test.TestCase56&quot;/&gt;
      &lt;class name=&quot;Test.TestCase57&quot;/&gt;
      &lt;class name=&quot;Test.TestCase58&quot;/&gt;
      &lt;class name=&quot;Test.TestCase59&quot;/&gt;
      &lt;class name=&quot;Test.TestCase6&quot;/&gt;
      &lt;class name=&quot;Test.TestCase60&quot;/&gt;
      &lt;class name=&quot;Test.TestCase61&quot;/&gt;
      &lt;class name=&quot;Test.TestCase62&quot;/&gt;
      &lt;class name=&quot;Test.TestCase64&quot;/&gt;
      &lt;class name=&quot;Test.TestCase65&quot;/&gt;
      &lt;class name=&quot;Test.TestCase66&quot;/&gt;
      &lt;class name=&quot;Test.TestCase67&quot;/&gt;
      &lt;class name=&quot;Test.TestCase68&quot;/&gt;
      &lt;class name=&quot;Test.TestCase69&quot;/&gt;
      &lt;class name=&quot;Test.TestCase7&quot;/&gt;
      &lt;class name=&quot;Test.TestCase70&quot;/&gt;
      &lt;class name=&quot;Test.TestCase71&quot;/&gt;
      &lt;class name=&quot;Test.TestCase73&quot;/&gt;
      &lt;class name=&quot;Test.TestCase74&quot;/&gt;
      &lt;class name=&quot;Test.TestCase75&quot;/&gt;
      &lt;class name=&quot;Test.TestCase76&quot;/&gt;
      &lt;class name=&quot;Test.TestCase77&quot;/&gt;
      &lt;class name=&quot;Test.TestCase78&quot;/&gt;
      &lt;class name=&quot;Test.TestCase79&quot;/&gt;
      &lt;class name=&quot;Test.TestCase8&quot;/&gt;
      &lt;class name=&quot;Test.TestCase80&quot;/&gt;
      &lt;class name=&quot;Test.TestCase81&quot;/&gt;
      &lt;class name=&quot;Test.TestCase82&quot;/&gt;
      &lt;class name=&quot;Test.TestCase83&quot;/&gt;
      &lt;class name=&quot;Test.TestCase87&quot;/&gt;
      &lt;class name=&quot;Test.TestCase88&quot;/&gt;
      &lt;class name=&quot;Test.TestCase89&quot;/&gt;
      &lt;class name=&quot;Test.TestCase9&quot;/&gt;
      &lt;class name=&quot;Test.TestCase90&quot;/&gt;
      &lt;class name=&quot;Test.TestCase91&quot;/&gt;
      &lt;class name=&quot;Test.TestCase92&quot;/&gt;
      &lt;class name=&quot;Test.TestCase93&quot;/&gt;
      &lt;class name=&quot;Test.TestCase94&quot;/&gt;
      &lt;class name=&quot;Test.TestCase95&quot;/&gt;
      &lt;class name=&quot;Test.TestCase96&quot;/&gt;
      &lt;class name=&quot;Test.TestCase97&quot;/&gt;
      &lt;class name=&quot;Test.TestCase98&quot;/&gt;
    &lt;/classes&gt;
  &lt;/test&gt; &lt;!-- Surefire test --&gt;
&lt;/suite&gt; &lt;!-- Surefire suite --&gt;
            </pre>
          </div> <!-- main-panel-content rounded-window-bottom -->
        </div> <!-- panel -->
        <div panel-name="testlist-Surefire_suite" class="panel">
          <div class="main-panel-header rounded-window-top">
            <span class="header-content">Tests for Surefire suite</span>
          </div> <!-- main-panel-header rounded-window-top -->
          <div class="main-panel-content rounded-window-bottom">
            <ul>
              <li>
                <span class="test-name">Surefire test (93 classes)</span>
              </li>
            </ul>
          </div> <!-- main-panel-content rounded-window-bottom -->
        </div> <!-- panel -->
        <div panel-name="group-Surefire_suite" class="panel">
          <div class="main-panel-header rounded-window-top">
            <span class="header-content">Groups for Surefire suite</span>
          </div> <!-- main-panel-header rounded-window-top -->
          <div class="main-panel-content rounded-window-bottom">
          </div> <!-- main-panel-content rounded-window-bottom -->
        </div> <!-- panel -->
        <div panel-name="times-Surefire_suite" class="panel">
          <div class="main-panel-header rounded-window-top">
            <span class="header-content">Times for Surefire suite</span>
          </div> <!-- main-panel-header rounded-window-top -->
          <div class="main-panel-content rounded-window-bottom">
            <div class="times-div">
              <script type="text/javascript">
suiteTableInitFunctions.push('tableData_Surefire_suite');
function tableData_Surefire_suite() {
var data = new google.visualization.DataTable();
data.addColumn('number', 'Number');
data.addColumn('string', 'Method');
data.addColumn('string', 'Class');
data.addColumn('number', 'Time (ms)');
data.addRows(92);
data.setCell(0, 0, 0)
data.setCell(0, 1, 'regression')
data.setCell(0, 2, 'Test.TestCase19')
data.setCell(0, 3, 3);
data.setCell(1, 0, 1)
data.setCell(1, 1, 'regression')
data.setCell(1, 2, 'Test.TestCase17')
data.setCell(1, 3, 2);
data.setCell(2, 0, 2)
data.setCell(2, 1, 'regression')
data.setCell(2, 2, 'Test.TestCase52')
data.setCell(2, 3, 1);
data.setCell(3, 0, 3)
data.setCell(3, 1, 'regression')
data.setCell(3, 2, 'Test.TestCase16')
data.setCell(3, 3, 1);
data.setCell(4, 0, 4)
data.setCell(4, 1, 'regression')
data.setCell(4, 2, 'Test.TestCase104')
data.setCell(4, 3, 1);
data.setCell(5, 0, 5)
data.setCell(5, 1, 'regression')
data.setCell(5, 2, 'Test.TestCase23')
data.setCell(5, 3, 1);
data.setCell(6, 0, 6)
data.setCell(6, 1, 'regression')
data.setCell(6, 2, 'Test.TestCase58')
data.setCell(6, 3, 0);
data.setCell(7, 0, 7)
data.setCell(7, 1, 'regression')
data.setCell(7, 2, 'Test.TestCase56')
data.setCell(7, 3, 0);
data.setCell(8, 0, 8)
data.setCell(8, 1, 'regression')
data.setCell(8, 2, 'Test.TestCase21')
data.setCell(8, 3, 0);
data.setCell(9, 0, 9)
data.setCell(9, 1, 'regression')
data.setCell(9, 2, 'Test.TestCase44')
data.setCell(9, 3, 0);
data.setCell(10, 0, 10)
data.setCell(10, 1, 'regression')
data.setCell(10, 2, 'Test.TestCase81')
data.setCell(10, 3, 0);
data.setCell(11, 0, 11)
data.setCell(11, 1, 'regression')
data.setCell(11, 2, 'Test.TestCase39')
data.setCell(11, 3, 0);
data.setCell(12, 0, 12)
data.setCell(12, 1, 'regression')
data.setCell(12, 2, 'Test.TestCase42')
data.setCell(12, 3, 0);
data.setCell(13, 0, 13)
data.setCell(13, 1, 'regression')
data.setCell(13, 2, 'Test.TestCase64')
data.setCell(13, 3, 0);
data.setCell(14, 0, 14)
data.setCell(14, 1, 'regression')
data.setCell(14, 2, 'Test.TestCase3')
data.setCell(14, 3, 0);
data.setCell(15, 0, 15)
data.setCell(15, 1, 'regression')
data.setCell(15, 2, 'Test.TestCase31')
data.setCell(15, 3, 0);
data.setCell(16, 0, 16)
data.setCell(16, 1, 'regression')
data.setCell(16, 2, 'Test.TestCase7')
data.setCell(16, 3, 0);
data.setCell(17, 0, 17)
data.setCell(17, 1, 'regression')
data.setCell(17, 2, 'Test.TestCase9')
data.setCell(17, 3, 0);
data.setCell(18, 0, 18)
data.setCell(18, 1, 'regression')
data.setCell(18, 2, 'Test.TestCase105')
data.setCell(18, 3, 0);
data.setCell(19, 0, 19)
data.setCell(19, 1, 'regression')
data.setCell(19, 2, 'Test.TestCase100')
data.setCell(19, 3, 0);
data.setCell(20, 0, 20)
data.setCell(20, 1, 'regression')
data.setCell(20, 2, 'Test.TestCase97')
data.setCell(20, 3, 0);
data.setCell(21, 0, 21)
data.setCell(21, 1, 'regression')
data.setCell(21, 2, 'Test.TestCase28')
data.setCell(21, 3, 0);
data.setCell(22, 0, 22)
data.setCell(22, 1, 'regression')
data.setCell(22, 2, 'Test.TestCase22')
data.setCell(22, 3, 0);
data.setCell(23, 0, 23)
data.setCell(23, 1, 'regression')
data.setCell(23, 2, 'Test.TestCase54')
data.setCell(23, 3, 0);
data.setCell(24, 0, 24)
data.setCell(24, 1, 'regression')
data.setCell(24, 2, 'Test.TestCase24')
data.setCell(24, 3, 0);
data.setCell(25, 0, 25)
data.setCell(25, 1, 'regression')
data.setCell(25, 2, 'Test.TestCase25')
data.setCell(25, 3, 0);
data.setCell(26, 0, 26)
data.setCell(26, 1, 'regression')
data.setCell(26, 2, 'Test.TestCase34')
data.setCell(26, 3, 0);
data.setCell(27, 0, 27)
data.setCell(27, 1, 'regression')
data.setCell(27, 2, 'Test.TestCase45')
data.setCell(27, 3, 0);
data.setCell(28, 0, 28)
data.setCell(28, 1, 'regression')
data.setCell(28, 2, 'Test.TestCase32')
data.setCell(28, 3, 0);
data.setCell(29, 0, 29)
data.setCell(29, 1, 'regression')
data.setCell(29, 2, 'Test.TestCase91')
data.setCell(29, 3, 0);
data.setCell(30, 0, 30)
data.setCell(30, 1, 'regression')
data.setCell(30, 2, 'Test.TestCase20')
data.setCell(30, 3, 0);
data.setCell(31, 0, 31)
data.setCell(31, 1, 'regression')
data.setCell(31, 2, 'Test.TestCase2')
data.setCell(31, 3, 0);
data.setCell(32, 0, 32)
data.setCell(32, 1, 'regression')
data.setCell(32, 2, 'Test.TestCase65')
data.setCell(32, 3, 0);
data.setCell(33, 0, 33)
data.setCell(33, 1, 'regression')
data.setCell(33, 2, 'Test.TestCase70')
data.setCell(33, 3, 0);
data.setCell(34, 0, 34)
data.setCell(34, 1, 'regression')
data.setCell(34, 2, 'Test.TestCase11')
data.setCell(34, 3, 0);
data.setCell(35, 0, 35)
data.setCell(35, 1, 'regression')
data.setCell(35, 2, 'Test.TestCase1')
data.setCell(35, 3, 0);
data.setCell(36, 0, 36)
data.setCell(36, 1, 'regression')
data.setCell(36, 2, 'Test.TestCase60')
data.setCell(36, 3, 0);
data.setCell(37, 0, 37)
data.setCell(37, 1, 'regression')
data.setCell(37, 2, 'Test.TestCase87')
data.setCell(37, 3, 0);
data.setCell(38, 0, 38)
data.setCell(38, 1, 'regression')
data.setCell(38, 2, 'Test.TestCase95')
data.setCell(38, 3, 0);
data.setCell(39, 0, 39)
data.setCell(39, 1, 'regression')
data.setCell(39, 2, 'Test.TestCase43')
data.setCell(39, 3, 0);
data.setCell(40, 0, 40)
data.setCell(40, 1, 'regression')
data.setCell(40, 2, 'Test.TestCase62')
data.setCell(40, 3, 0);
data.setCell(41, 0, 41)
data.setCell(41, 1, 'regression')
data.setCell(41, 2, 'Test.TestCase8')
data.setCell(41, 3, 0);
data.setCell(42, 0, 42)
data.setCell(42, 1, 'regression')
data.setCell(42, 2, 'Test.TestCase29')
data.setCell(42, 3, 0);
data.setCell(43, 0, 43)
data.setCell(43, 1, 'regression')
data.setCell(43, 2, 'Test.TestCase40')
data.setCell(43, 3, 0);
data.setCell(44, 0, 44)
data.setCell(44, 1, 'regression')
data.setCell(44, 2, 'Test.TestCase77')
data.setCell(44, 3, 0);
data.setCell(45, 0, 45)
data.setCell(45, 1, 'regression')
data.setCell(45, 2, 'Test.TestCase57')
data.setCell(45, 3, 0);
data.setCell(46, 0, 46)
data.setCell(46, 1, 'regression')
data.setCell(46, 2, 'Test.TestCase82')
data.setCell(46, 3, 0);
data.setCell(47, 0, 47)
data.setCell(47, 1, 'regression')
data.setCell(47, 2, 'Test.TestCase61')
data.setCell(47, 3, 0);
data.setCell(48, 0, 48)
data.setCell(48, 1, 'regression')
data.setCell(48, 2, 'Test.TestCase106')
data.setCell(48, 3, 0);
data.setCell(49, 0, 49)
data.setCell(49, 1, 'regression')
data.setCell(49, 2, 'Test.TestCase101')
data.setCell(49, 3, 0);
data.setCell(50, 0, 50)
data.setCell(50, 1, 'regression')
data.setCell(50, 2, 'Test.TestCase69')
data.setCell(50, 3, 0);
data.setCell(51, 0, 51)
data.setCell(51, 1, 'regression')
data.setCell(51, 2, 'Test.TestCase90')
data.setCell(51, 3, 0);
data.setCell(52, 0, 52)
data.setCell(52, 1, 'regression')
data.setCell(52, 2, 'Test.TestCase41')
data.setCell(52, 3, 0);
data.setCell(53, 0, 53)
data.setCell(53, 1, 'regression')
data.setCell(53, 2, 'Test.TestCase78')
data.setCell(53, 3, 0);
data.setCell(54, 0, 54)
data.setCell(54, 1, 'regression')
data.setCell(54, 2, 'Test.TestCase10')
data.setCell(54, 3, 0);
data.setCell(55, 0, 55)
data.setCell(55, 1, 'regression')
data.setCell(55, 2, 'Test.TestCase15')
data.setCell(55, 3, 0);
data.setCell(56, 0, 56)
data.setCell(56, 1, 'regression')
data.setCell(56, 2, 'Test.TestCase71')
data.setCell(56, 3, 0);
data.setCell(57, 0, 57)
data.setCell(57, 1, 'regression')
data.setCell(57, 2, 'Test.TestCase66')
data.setCell(57, 3, 0);
data.setCell(58, 0, 58)
data.setCell(58, 1, 'regression')
data.setCell(58, 2, 'Test.TestCase103')
data.setCell(58, 3, 0);
data.setCell(59, 0, 59)
data.setCell(59, 1, 'regression')
data.setCell(59, 2, 'Test.TestCase67')
data.setCell(59, 3, 0);
data.setCell(60, 0, 60)
data.setCell(60, 1, 'regression')
data.setCell(60, 2, 'Test.TestCase30')
data.setCell(60, 3, 0);
data.setCell(61, 0, 61)
data.setCell(61, 1, 'regression')
data.setCell(61, 2, 'Test.TestCase92')
data.setCell(61, 3, 0);
data.setCell(62, 0, 62)
data.setCell(62, 1, 'regression')
data.setCell(62, 2, 'Test.TestCase38')
data.setCell(62, 3, 0);
data.setCell(63, 0, 63)
data.setCell(63, 1, 'regression')
data.setCell(63, 2, 'Test.TestCase33')
data.setCell(63, 3, 0);
data.setCell(64, 0, 64)
data.setCell(64, 1, 'regression')
data.setCell(64, 2, 'Test.TestCase59')
data.setCell(64, 3, 0);
data.setCell(65, 0, 65)
data.setCell(65, 1, 'regression')
data.setCell(65, 2, 'Test.TestCase107')
data.setCell(65, 3, 0);
data.setCell(66, 0, 66)
data.setCell(66, 1, 'regression')
data.setCell(66, 2, 'Test.TestCase75')
data.setCell(66, 3, 0);
data.setCell(67, 0, 67)
data.setCell(67, 1, 'regression')
data.setCell(67, 2, 'Test.TestCase79')
data.setCell(67, 3, 0);
data.setCell(68, 0, 68)
data.setCell(68, 1, 'regression')
data.setCell(68, 2, 'Test.TestCase83')
data.setCell(68, 3, 0);
data.setCell(69, 0, 69)
data.setCell(69, 1, 'regression')
data.setCell(69, 2, 'Test.TestCase74')
data.setCell(69, 3, 0);
data.setCell(70, 0, 70)
data.setCell(70, 1, 'regression')
data.setCell(70, 2, 'Test.TestCase68')
data.setCell(70, 3, 0);
data.setCell(71, 0, 71)
data.setCell(71, 1, 'regression')
data.setCell(71, 2, 'Test.TestCase96')
data.setCell(71, 3, 0);
data.setCell(72, 0, 72)
data.setCell(72, 1, 'regression')
data.setCell(72, 2, 'Test.TestCase102')
data.setCell(72, 3, 0);
data.setCell(73, 0, 73)
data.setCell(73, 1, 'regression')
data.setCell(73, 2, 'Test.TestCase47')
data.setCell(73, 3, 0);
data.setCell(74, 0, 74)
data.setCell(74, 1, 'regression')
data.setCell(74, 2, 'Test.TestCase53')
data.setCell(74, 3, 0);
data.setCell(75, 0, 75)
data.setCell(75, 1, 'regression')
data.setCell(75, 2, 'Test.TestCase46')
data.setCell(75, 3, 0);
data.setCell(76, 0, 76)
data.setCell(76, 1, 'regression')
data.setCell(76, 2, 'Test.TestCase51')
data.setCell(76, 3, 0);
data.setCell(77, 0, 77)
data.setCell(77, 1, 'regression')
data.setCell(77, 2, 'Test.TestCase6')
data.setCell(77, 3, 0);
data.setCell(78, 0, 78)
data.setCell(78, 1, 'regression')
data.setCell(78, 2, 'Test.TestCase89')
data.setCell(78, 3, 0);
data.setCell(79, 0, 79)
data.setCell(79, 1, 'regression')
data.setCell(79, 2, 'Test.TestCase4')
data.setCell(79, 3, 0);
data.setCell(80, 0, 80)
data.setCell(80, 1, 'regression')
data.setCell(80, 2, 'Test.TestCase26')
data.setCell(80, 3, 0);
data.setCell(81, 0, 81)
data.setCell(81, 1, 'regression')
data.setCell(81, 2, 'Test.TestCase73')
data.setCell(81, 3, 0);
data.setCell(82, 0, 82)
data.setCell(82, 1, 'regression')
data.setCell(82, 2, 'Test.TestCase35')
data.setCell(82, 3, 0);
data.setCell(83, 0, 83)
data.setCell(83, 1, 'regression')
data.setCell(83, 2, 'Test.TestCase5')
data.setCell(83, 3, 0);
data.setCell(84, 0, 84)
data.setCell(84, 1, 'regression')
data.setCell(84, 2, 'Test.TestCase55')
data.setCell(84, 3, 0);
data.setCell(85, 0, 85)
data.setCell(85, 1, 'regression')
data.setCell(85, 2, 'Test.TestCase98')
data.setCell(85, 3, 0);
data.setCell(86, 0, 86)
data.setCell(86, 1, 'regression')
data.setCell(86, 2, 'Test.TestCase37')
data.setCell(86, 3, 0);
data.setCell(87, 0, 87)
data.setCell(87, 1, 'regression')
data.setCell(87, 2, 'Test.TestCase18')
data.setCell(87, 3, 0);
data.setCell(88, 0, 88)
data.setCell(88, 1, 'regression')
data.setCell(88, 2, 'Test.TestCase88')
data.setCell(88, 3, 0);
data.setCell(89, 0, 89)
data.setCell(89, 1, 'regression')
data.setCell(89, 2, 'Test.TestCase76')
data.setCell(89, 3, 0);
data.setCell(90, 0, 90)
data.setCell(90, 1, 'regression')
data.setCell(90, 2, 'Test.TestCase93')
data.setCell(90, 3, 0);
data.setCell(91, 0, 91)
data.setCell(91, 1, 'regression')
data.setCell(91, 2, 'Test.TestCase94')
data.setCell(91, 3, 0);
window.suiteTableData['Surefire_suite']= { tableData: data, tableDiv: 'times-div-Surefire_suite'}
return data;
}
              </script>
              <span class="suite-total-time">Total running time: 9 ms</span>
              <div id="times-div-Surefire_suite">
              </div> <!-- times-div-Surefire_suite -->
            </div> <!-- times-div -->
          </div> <!-- main-panel-content rounded-window-bottom -->
        </div> <!-- panel -->
        <div panel-name="reporter-Surefire_suite" class="panel">
          <div class="main-panel-header rounded-window-top">
            <span class="header-content">Reporter output for Surefire suite</span>
          </div> <!-- main-panel-header rounded-window-top -->
          <div class="main-panel-content rounded-window-bottom">
          </div> <!-- main-panel-content rounded-window-bottom -->
        </div> <!-- panel -->
        <div panel-name="ignored-methods-Surefire_suite" class="panel">
          <div class="main-panel-header rounded-window-top">
            <span class="header-content">0 ignored methods</span>
          </div> <!-- main-panel-header rounded-window-top -->
          <div class="main-panel-content rounded-window-bottom">
          </div> <!-- main-panel-content rounded-window-bottom -->
        </div> <!-- panel -->
        <div panel-name="chronological-Surefire_suite" class="panel">
          <div class="main-panel-header rounded-window-top">
            <span class="header-content">Methods in chronological order</span>
          </div> <!-- main-panel-header rounded-window-top -->
          <div class="main-panel-content rounded-window-bottom">
          </div> <!-- main-panel-content rounded-window-bottom -->
        </div> <!-- panel -->
      </div> <!-- main-panel-root -->
    </div> <!-- wrapper -->
  </body>
<script type="text/javascript" src="testng-reports2.js"></script>
</html>
