<?xml version="1.0" encoding="UTF-8"?>
<testsuite xmlns:xsi="http://www.w3.org/2001/XMLSchema-instance" xsi:noNamespaceSchemaLocation="https://maven.apache.org/surefire/maven-surefire-plugin/xsd/surefire-test-report-3.0.xsd" version="3.0" name="TestSuite" time="3.955" tests="278" errors="0" skipped="277" failures="1">
  <properties>
    <property name="java.specification.version" value="16"/>
    <property name="sun.cpu.isalist" value="amd64"/>
    <property name="sun.jnu.encoding" value="Cp1252"/>
    <property name="java.class.path" value="C:\Selenium Temp\BDD_Cucumber\SelectorsHub\target\test-classes;C:\Selenium Temp\BDD_Cucumber\SelectorsHub\target\classes;C:\Users\Gaurav\.m2\repository\org\seleniumhq\selenium\selenium-java\4.12.1\selenium-java-4.12.1.jar;C:\Users\Gaurav\.m2\repository\org\seleniumhq\selenium\selenium-api\4.12.1\selenium-api-4.12.1.jar;C:\Users\Gaurav\.m2\repository\org\seleniumhq\selenium\selenium-chrome-driver\4.12.1\selenium-chrome-driver-4.12.1.jar;C:\Users\Gaurav\.m2\repository\com\google\auto\service\auto-service-annotations\1.1.1\auto-service-annotations-1.1.1.jar;C:\Users\Gaurav\.m2\repository\com\google\guava\guava\32.1.2-jre\guava-32.1.2-jre.jar;C:\Users\Gaurav\.m2\repository\com\google\guava\failureaccess\1.0.1\failureaccess-1.0.1.jar;C:\Users\Gaurav\.m2\repository\com\google\guava\listenablefuture\9999.0-empty-to-avoid-conflict-with-guava\listenablefuture-9999.0-empty-to-avoid-conflict-with-guava.jar;C:\Users\Gaurav\.m2\repository\com\google\code\findbugs\jsr305\3.0.2\jsr305-3.0.2.jar;C:\Users\Gaurav\.m2\repository\org\checkerframework\checker-qual\3.33.0\checker-qual-3.33.0.jar;C:\Users\Gaurav\.m2\repository\com\google\errorprone\error_prone_annotations\2.18.0\error_prone_annotations-2.18.0.jar;C:\Users\Gaurav\.m2\repository\com\google\j2objc\j2objc-annotations\2.8\j2objc-annotations-2.8.jar;C:\Users\Gaurav\.m2\repository\org\seleniumhq\selenium\selenium-chromium-driver\4.12.1\selenium-chromium-driver-4.12.1.jar;C:\Users\Gaurav\.m2\repository\org\seleniumhq\selenium\selenium-json\4.12.1\selenium-json-4.12.1.jar;C:\Users\Gaurav\.m2\repository\org\seleniumhq\selenium\selenium-manager\4.12.1\selenium-manager-4.12.1.jar;C:\Users\Gaurav\.m2\repository\org\seleniumhq\selenium\selenium-devtools-v114\4.12.1\selenium-devtools-v114-4.12.1.jar;C:\Users\Gaurav\.m2\repository\org\seleniumhq\selenium\selenium-devtools-v115\4.12.1\selenium-devtools-v115-4.12.1.jar;C:\Users\Gaurav\.m2\repository\org\seleniumhq\selenium\selenium-devtools-v116\4.12.1\selenium-devtools-v116-4.12.1.jar;C:\Users\Gaurav\.m2\repository\org\seleniumhq\selenium\selenium-devtools-v85\4.12.1\selenium-devtools-v85-4.12.1.jar;C:\Users\Gaurav\.m2\repository\org\seleniumhq\selenium\selenium-edge-driver\4.12.1\selenium-edge-driver-4.12.1.jar;C:\Users\Gaurav\.m2\repository\org\seleniumhq\selenium\selenium-firefox-driver\4.12.1\selenium-firefox-driver-4.12.1.jar;C:\Users\Gaurav\.m2\repository\org\seleniumhq\selenium\selenium-http\4.12.1\selenium-http-4.12.1.jar;C:\Users\Gaurav\.m2\repository\dev\failsafe\failsafe\3.3.2\failsafe-3.3.2.jar;C:\Users\Gaurav\.m2\repository\org\seleniumhq\selenium\selenium-ie-driver\4.12.1\selenium-ie-driver-4.12.1.jar;C:\Users\Gaurav\.m2\repository\org\seleniumhq\selenium\selenium-remote-driver\4.12.1\selenium-remote-driver-4.12.1.jar;C:\Users\Gaurav\.m2\repository\io\netty\netty-buffer\4.1.96.Final\netty-buffer-4.1.96.Final.jar;C:\Users\Gaurav\.m2\repository\io\netty\netty-codec-http\4.1.96.Final\netty-codec-http-4.1.96.Final.jar;C:\Users\Gaurav\.m2\repository\io\netty\netty-codec\4.1.96.Final\netty-codec-4.1.96.Final.jar;C:\Users\Gaurav\.m2\repository\io\netty\netty-handler\4.1.96.Final\netty-handler-4.1.96.Final.jar;C:\Users\Gaurav\.m2\repository\io\netty\netty-common\4.1.96.Final\netty-common-4.1.96.Final.jar;C:\Users\Gaurav\.m2\repository\io\netty\netty-transport-classes-epoll\4.1.96.Final\netty-transport-classes-epoll-4.1.96.Final.jar;C:\Users\Gaurav\.m2\repository\io\netty\netty-transport-classes-kqueue\4.1.96.Final\netty-transport-classes-kqueue-4.1.96.Final.jar;C:\Users\Gaurav\.m2\repository\io\netty\netty-transport-native-epoll\4.1.96.Final\netty-transport-native-epoll-4.1.96.Final.jar;C:\Users\Gaurav\.m2\repository\io\netty\netty-transport-native-kqueue\4.1.96.Final\netty-transport-native-kqueue-4.1.96.Final.jar;C:\Users\Gaurav\.m2\repository\io\netty\netty-transport-native-unix-common\4.1.96.Final\netty-transport-native-unix-common-4.1.96.Final.jar;C:\Users\Gaurav\.m2\repository\io\netty\netty-transport\4.1.96.Final\netty-transport-4.1.96.Final.jar;C:\Users\Gaurav\.m2\repository\io\netty\netty-resolver\4.1.96.Final\netty-resolver-4.1.96.Final.jar;C:\Users\Gaurav\.m2\repository\io\opentelemetry\opentelemetry-api\1.28.0\opentelemetry-api-1.28.0.jar;C:\Users\Gaurav\.m2\repository\io\opentelemetry\opentelemetry-context\1.28.0\opentelemetry-context-1.28.0.jar;C:\Users\Gaurav\.m2\repository\io\opentelemetry\opentelemetry-exporter-logging\1.28.0\opentelemetry-exporter-logging-1.28.0.jar;C:\Users\Gaurav\.m2\repository\io\opentelemetry\opentelemetry-sdk-metrics\1.28.0\opentelemetry-sdk-metrics-1.28.0.jar;C:\Users\Gaurav\.m2\repository\io\opentelemetry\opentelemetry-extension-incubator\1.28.0-alpha\opentelemetry-extension-incubator-1.28.0-alpha.jar;C:\Users\Gaurav\.m2\repository\io\opentelemetry\opentelemetry-sdk-logs\1.28.0\opentelemetry-sdk-logs-1.28.0.jar;C:\Users\Gaurav\.m2\repository\io\opentelemetry\opentelemetry-sdk-common\1.28.0\opentelemetry-sdk-common-1.28.0.jar;C:\Users\Gaurav\.m2\repository\io\opentelemetry\opentelemetry-sdk-extension-autoconfigure-spi\1.28.0\opentelemetry-sdk-extension-autoconfigure-spi-1.28.0.jar;C:\Users\Gaurav\.m2\repository\io\opentelemetry\opentelemetry-sdk-extension-autoconfigure\1.28.0\opentelemetry-sdk-extension-autoconfigure-1.28.0.jar;C:\Users\Gaurav\.m2\repository\io\opentelemetry\opentelemetry-api-events\1.28.0-alpha\opentelemetry-api-events-1.28.0-alpha.jar;C:\Users\Gaurav\.m2\repository\io\opentelemetry\opentelemetry-sdk-trace\1.28.0\opentelemetry-sdk-trace-1.28.0.jar;C:\Users\Gaurav\.m2\repository\io\opentelemetry\opentelemetry-sdk\1.28.0\opentelemetry-sdk-1.28.0.jar;C:\Users\Gaurav\.m2\repository\io\opentelemetry\opentelemetry-semconv\1.28.0-alpha\opentelemetry-semconv-1.28.0-alpha.jar;C:\Users\Gaurav\.m2\repository\net\bytebuddy\byte-buddy\1.14.5\byte-buddy-1.14.5.jar;C:\Users\Gaurav\.m2\repository\org\asynchttpclient\async-http-client\2.12.3\async-http-client-2.12.3.jar;C:\Users\Gaurav\.m2\repository\org\asynchttpclient\async-http-client-netty-utils\2.12.3\async-http-client-netty-utils-2.12.3.jar;C:\Users\Gaurav\.m2\repository\io\netty\netty-codec-socks\4.1.60.Final\netty-codec-socks-4.1.60.Final.jar;C:\Users\Gaurav\.m2\repository\io\netty\netty-handler-proxy\4.1.60.Final\netty-handler-proxy-4.1.60.Final.jar;C:\Users\Gaurav\.m2\repository\io\netty\netty-transport-native-epoll\4.1.60.Final\netty-transport-native-epoll-4.1.60.Final-linux-x86_64.jar;C:\Users\Gaurav\.m2\repository\io\netty\netty-transport-native-kqueue\4.1.60.Final\netty-transport-native-kqueue-4.1.60.Final-osx-x86_64.jar;C:\Users\Gaurav\.m2\repository\org\reactivestreams\reactive-streams\1.0.3\reactive-streams-1.0.3.jar;C:\Users\Gaurav\.m2\repository\com\typesafe\netty\netty-reactive-streams\2.0.4\netty-reactive-streams-2.0.4.jar;C:\Users\Gaurav\.m2\repository\com\sun\activation\jakarta.activation\1.2.2\jakarta.activation-1.2.2.jar;C:\Users\Gaurav\.m2\repository\org\seleniumhq\selenium\selenium-os\4.12.1\selenium-os-4.12.1.jar;C:\Users\Gaurav\.m2\repository\org\apache\commons\commons-exec\1.3\commons-exec-1.3.jar;C:\Users\Gaurav\.m2\repository\org\seleniumhq\selenium\selenium-safari-driver\4.12.1\selenium-safari-driver-4.12.1.jar;C:\Users\Gaurav\.m2\repository\org\seleniumhq\selenium\selenium-support\4.12.1\selenium-support-4.12.1.jar;C:\Users\Gaurav\.m2\repository\org\testng\testng\7.9.0\testng-7.9.0.jar;C:\Users\Gaurav\.m2\repository\org\slf4j\slf4j-api\1.7.36\slf4j-api-1.7.36.jar;C:\Users\Gaurav\.m2\repository\com\beust\jcommander\1.82\jcommander-1.82.jar;C:\Users\Gaurav\.m2\repository\org\webjars\jquery\3.7.1\jquery-3.7.1.jar;C:\Users\Gaurav\.m2\repository\org\apache\maven\plugins\maven-surefire-plugin\3.1.2\maven-surefire-plugin-3.1.2.jar;C:\Users\Gaurav\.m2\repository\org\apache\maven\surefire\maven-surefire-common\3.1.2\maven-surefire-common-3.1.2.jar;C:\Users\Gaurav\.m2\repository\org\apache\maven\surefire\surefire-api\3.1.2\surefire-api-3.1.2.jar;C:\Users\Gaurav\.m2\repository\org\apache\maven\surefire\surefire-logger-api\3.1.2\surefire-logger-api-3.1.2.jar;C:\Users\Gaurav\.m2\repository\org\apache\maven\surefire\surefire-extensions-api\3.1.2\surefire-extensions-api-3.1.2.jar;C:\Users\Gaurav\.m2\repository\org\apache\maven\surefire\surefire-booter\3.1.2\surefire-booter-3.1.2.jar;C:\Users\Gaurav\.m2\repository\org\apache\maven\surefire\surefire-extensions-spi\3.1.2\surefire-extensions-spi-3.1.2.jar;C:\Users\Gaurav\.m2\repository\org\eclipse\aether\aether-util\1.0.0.v20140518\aether-util-1.0.0.v20140518.jar;C:\Users\Gaurav\.m2\repository\org\eclipse\aether\aether-api\1.0.0.v20140518\aether-api-1.0.0.v20140518.jar;C:\Users\Gaurav\.m2\repository\org\apache\maven\shared\maven-common-artifact-filters\3.1.1\maven-common-artifact-filters-3.1.1.jar;C:\Users\Gaurav\.m2\repository\org\apache\maven\maven-artifact\3.1.0\maven-artifact-3.1.0.jar;C:\Users\Gaurav\.m2\repository\org\apache\maven\maven-core\3.1.0\maven-core-3.1.0.jar;C:\Users\Gaurav\.m2\repository\org\apache\maven\maven-settings\3.1.0\maven-settings-3.1.0.jar;C:\Users\Gaurav\.m2\repository\org\apache\maven\maven-settings-builder\3.1.0\maven-settings-builder-3.1.0.jar;C:\Users\Gaurav\.m2\repository\org\apache\maven\maven-repository-metadata\3.1.0\maven-repository-metadata-3.1.0.jar;C:\Users\Gaurav\.m2\repository\org\apache\maven\maven-model-builder\3.1.0\maven-model-builder-3.1.0.jar;C:\Users\Gaurav\.m2\repository\org\apache\maven\maven-aether-provider\3.1.0\maven-aether-provider-3.1.0.jar;C:\Users\Gaurav\.m2\repository\org\eclipse\aether\aether-spi\0.9.0.M2\aether-spi-0.9.0.M2.jar;C:\Users\Gaurav\.m2\repository\org\eclipse\aether\aether-impl\0.9.0.M2\aether-impl-0.9.0.M2.jar;C:\Users\Gaurav\.m2\repository\org\eclipse\sisu\org.eclipse.sisu.plexus\0.0.0.M2a\org.eclipse.sisu.plexus-0.0.0.M2a.jar;C:\Users\Gaurav\.m2\repository\javax\enterprise\cdi-api\1.0\cdi-api-1.0.jar;C:\Users\Gaurav\.m2\repository\javax\annotation\jsr250-api\1.0\jsr250-api-1.0.jar;C:\Users\Gaurav\.m2\repository\org\sonatype\sisu\sisu-guice\3.1.0\sisu-guice-3.1.0-no_aop.jar;C:\Users\Gaurav\.m2\repository\aopalliance\aopalliance\1.0\aopalliance-1.0.jar;C:\Users\Gaurav\.m2\repository\org\eclipse\sisu\org.eclipse.sisu.inject\0.0.0.M2a\org.eclipse.sisu.inject-0.0.0.M2a.jar;C:\Users\Gaurav\.m2\repository\asm\asm\3.3.1\asm-3.3.1.jar;C:\Users\Gaurav\.m2\repository\org\codehaus\plexus\plexus-interpolation\1.16\plexus-interpolation-1.16.jar;C:\Users\Gaurav\.m2\repository\org\codehaus\plexus\plexus-classworlds\2.4.2\plexus-classworlds-2.4.2.jar;C:\Users\Gaurav\.m2\repository\org\sonatype\plexus\plexus-sec-dispatcher\1.3\plexus-sec-dispatcher-1.3.jar;C:\Users\Gaurav\.m2\repository\org\sonatype\plexus\plexus-cipher\1.4\plexus-cipher-1.4.jar;C:\Users\Gaurav\.m2\repository\org\apache\maven\maven-plugin-api\3.1.0\maven-plugin-api-3.1.0.jar;C:\Users\Gaurav\.m2\repository\org\apache\maven\surefire\surefire-shared-utils\3.1.2\surefire-shared-utils-3.1.2.jar;C:\Users\Gaurav\.m2\repository\org\apache\maven\plugins\maven-compiler-plugin\3.12.0\maven-compiler-plugin-3.12.0.jar;C:\Users\Gaurav\.m2\repository\org\apache\maven\shared\maven-shared-utils\3.4.2\maven-shared-utils-3.4.2.jar;C:\Users\Gaurav\.m2\repository\org\apache\maven\shared\maven-shared-incremental\1.1\maven-shared-incremental-1.1.jar;C:\Users\Gaurav\.m2\repository\org\codehaus\plexus\plexus-component-annotations\1.5.5\plexus-component-annotations-1.5.5.jar;C:\Users\Gaurav\.m2\repository\org\codehaus\plexus\plexus-java\1.2.0\plexus-java-1.2.0.jar;C:\Users\Gaurav\.m2\repository\org\ow2\asm\asm\9.6\asm-9.6.jar;C:\Users\Gaurav\.m2\repository\com\thoughtworks\qdox\qdox\2.0.3\qdox-2.0.3.jar;C:\Users\Gaurav\.m2\repository\org\codehaus\plexus\plexus-compiler-api\2.14.1\plexus-compiler-api-2.14.1.jar;C:\Users\Gaurav\.m2\repository\org\codehaus\plexus\plexus-compiler-manager\2.14.1\plexus-compiler-manager-2.14.1.jar;C:\Users\Gaurav\.m2\repository\javax\inject\javax.inject\1\javax.inject-1.jar;C:\Users\Gaurav\.m2\repository\org\codehaus\plexus\plexus-xml\4.0.1\plexus-xml-4.0.1.jar;C:\Users\Gaurav\.m2\repository\org\apache\maven\maven-xml-impl\4.0.0-alpha-5\maven-xml-impl-4.0.0-alpha-5.jar;C:\Users\Gaurav\.m2\repository\org\apache\maven\maven-api-xml\4.0.0-alpha-5\maven-api-xml-4.0.0-alpha-5.jar;C:\Users\Gaurav\.m2\repository\org\apache\maven\maven-api-meta\4.0.0-alpha-5\maven-api-meta-4.0.0-alpha-5.jar;C:\Users\Gaurav\.m2\repository\org\codehaus\plexus\plexus-compiler-javac\2.14.1\plexus-compiler-javac-2.14.1.jar;C:\Users\Gaurav\.m2\repository\org\codehaus\plexus\plexus-utils\4.0.0\plexus-utils-4.0.0.jar;C:\Users\Gaurav\.m2\repository\org\apache\poi\poi-ooxml-lite\5.2.3\poi-ooxml-lite-5.2.3.jar;C:\Users\Gaurav\.m2\repository\org\apache\xmlbeans\xmlbeans\5.1.1\xmlbeans-5.1.1.jar;C:\Users\Gaurav\.m2\repository\org\apache\poi\poi-ooxml-schemas\4.1.2\poi-ooxml-schemas-4.1.2.jar;C:\Users\Gaurav\.m2\repository\org\apache\poi\poi\5.2.3\poi-5.2.3.jar;C:\Users\Gaurav\.m2\repository\commons-codec\commons-codec\1.15\commons-codec-1.15.jar;C:\Users\Gaurav\.m2\repository\org\apache\commons\commons-collections4\4.4\commons-collections4-4.4.jar;C:\Users\Gaurav\.m2\repository\org\apache\commons\commons-math3\3.6.1\commons-math3-3.6.1.jar;C:\Users\Gaurav\.m2\repository\commons-io\commons-io\2.11.0\commons-io-2.11.0.jar;C:\Users\Gaurav\.m2\repository\com\zaxxer\SparseBitSet\1.2\SparseBitSet-1.2.jar;C:\Users\Gaurav\.m2\repository\org\apache\logging\log4j\log4j-api\2.18.0\log4j-api-2.18.0.jar;C:\Users\Gaurav\.m2\repository\org\apache\poi\poi-ooxml\5.2.3\poi-ooxml-5.2.3.jar;C:\Users\Gaurav\.m2\repository\org\apache\commons\commons-compress\1.21\commons-compress-1.21.jar;C:\Users\Gaurav\.m2\repository\com\github\virtuald\curvesapi\1.07\curvesapi-1.07.jar;C:\Users\Gaurav\.m2\repository\com\relevantcodes\extentreports\2.41.2\extentreports-2.41.2.jar;C:\Users\Gaurav\.m2\repository\org\jsoup\jsoup\1.8.3\jsoup-1.8.3.jar;C:\Users\Gaurav\.m2\repository\org\xerial\sqlite-jdbc\3.8.11.1\sqlite-jdbc-3.8.11.1.jar;C:\Users\Gaurav\.m2\repository\org\freemarker\freemarker\2.3.23\freemarker-2.3.23.jar;C:\Users\Gaurav\.m2\repository\org\mongodb\mongodb-driver\3.0.4\mongodb-driver-3.0.4.jar;C:\Users\Gaurav\.m2\repository\org\mongodb\bson\3.0.4\bson-3.0.4.jar;C:\Users\Gaurav\.m2\repository\org\mongodb\mongodb-driver-core\3.0.4\mongodb-driver-core-3.0.4.jar;"/>
    <property name="java.vm.vendor" value="Oracle Corporation"/>
    <property name="sun.arch.data.model" value="64"/>
    <property name="user.variant" value=""/>
    <property name="java.vendor.url" value="https://java.oracle.com/"/>
    <property name="user.timezone" value="Asia/Calcutta"/>
    <property name="os.name" value="Windows 10"/>
    <property name="java.vm.specification.version" value="16"/>
    <property name="sun.java.launcher" value="SUN_STANDARD"/>
    <property name="user.country" value="IN"/>
    <property name="sun.boot.library.path" value="C:\Program Files\Java\jdk-16.0.2\bin"/>
    <property name="sun.java.command" value="C:\Users\Gaurav\AppData\Local\Temp\surefire15734535794928555159\surefirebooter-20240329130847433_3.jar C:\Users\Gaurav\AppData\Local\Temp\surefire15734535794928555159 2024-03-29T13-08-47_070-jvmRun1 surefire-20240329130847433_1tmp surefire_0-20240329130847433_2tmp"/>
    <property name="jdk.debug" value="release"/>
    <property name="surefire.test.class.path" value="C:\Selenium Temp\BDD_Cucumber\SelectorsHub\target\test-classes;C:\Selenium Temp\BDD_Cucumber\SelectorsHub\target\classes;C:\Users\Gaurav\.m2\repository\org\seleniumhq\selenium\selenium-java\4.12.1\selenium-java-4.12.1.jar;C:\Users\Gaurav\.m2\repository\org\seleniumhq\selenium\selenium-api\4.12.1\selenium-api-4.12.1.jar;C:\Users\Gaurav\.m2\repository\org\seleniumhq\selenium\selenium-chrome-driver\4.12.1\selenium-chrome-driver-4.12.1.jar;C:\Users\Gaurav\.m2\repository\com\google\auto\service\auto-service-annotations\1.1.1\auto-service-annotations-1.1.1.jar;C:\Users\Gaurav\.m2\repository\com\google\guava\guava\32.1.2-jre\guava-32.1.2-jre.jar;C:\Users\Gaurav\.m2\repository\com\google\guava\failureaccess\1.0.1\failureaccess-1.0.1.jar;C:\Users\Gaurav\.m2\repository\com\google\guava\listenablefuture\9999.0-empty-to-avoid-conflict-with-guava\listenablefuture-9999.0-empty-to-avoid-conflict-with-guava.jar;C:\Users\Gaurav\.m2\repository\com\google\code\findbugs\jsr305\3.0.2\jsr305-3.0.2.jar;C:\Users\Gaurav\.m2\repository\org\checkerframework\checker-qual\3.33.0\checker-qual-3.33.0.jar;C:\Users\Gaurav\.m2\repository\com\google\errorprone\error_prone_annotations\2.18.0\error_prone_annotations-2.18.0.jar;C:\Users\Gaurav\.m2\repository\com\google\j2objc\j2objc-annotations\2.8\j2objc-annotations-2.8.jar;C:\Users\Gaurav\.m2\repository\org\seleniumhq\selenium\selenium-chromium-driver\4.12.1\selenium-chromium-driver-4.12.1.jar;C:\Users\Gaurav\.m2\repository\org\seleniumhq\selenium\selenium-json\4.12.1\selenium-json-4.12.1.jar;C:\Users\Gaurav\.m2\repository\org\seleniumhq\selenium\selenium-manager\4.12.1\selenium-manager-4.12.1.jar;C:\Users\Gaurav\.m2\repository\org\seleniumhq\selenium\selenium-devtools-v114\4.12.1\selenium-devtools-v114-4.12.1.jar;C:\Users\Gaurav\.m2\repository\org\seleniumhq\selenium\selenium-devtools-v115\4.12.1\selenium-devtools-v115-4.12.1.jar;C:\Users\Gaurav\.m2\repository\org\seleniumhq\selenium\selenium-devtools-v116\4.12.1\selenium-devtools-v116-4.12.1.jar;C:\Users\Gaurav\.m2\repository\org\seleniumhq\selenium\selenium-devtools-v85\4.12.1\selenium-devtools-v85-4.12.1.jar;C:\Users\Gaurav\.m2\repository\org\seleniumhq\selenium\selenium-edge-driver\4.12.1\selenium-edge-driver-4.12.1.jar;C:\Users\Gaurav\.m2\repository\org\seleniumhq\selenium\selenium-firefox-driver\4.12.1\selenium-firefox-driver-4.12.1.jar;C:\Users\Gaurav\.m2\repository\org\seleniumhq\selenium\selenium-http\4.12.1\selenium-http-4.12.1.jar;C:\Users\Gaurav\.m2\repository\dev\failsafe\failsafe\3.3.2\failsafe-3.3.2.jar;C:\Users\Gaurav\.m2\repository\org\seleniumhq\selenium\selenium-ie-driver\4.12.1\selenium-ie-driver-4.12.1.jar;C:\Users\Gaurav\.m2\repository\org\seleniumhq\selenium\selenium-remote-driver\4.12.1\selenium-remote-driver-4.12.1.jar;C:\Users\Gaurav\.m2\repository\io\netty\netty-buffer\4.1.96.Final\netty-buffer-4.1.96.Final.jar;C:\Users\Gaurav\.m2\repository\io\netty\netty-codec-http\4.1.96.Final\netty-codec-http-4.1.96.Final.jar;C:\Users\Gaurav\.m2\repository\io\netty\netty-codec\4.1.96.Final\netty-codec-4.1.96.Final.jar;C:\Users\Gaurav\.m2\repository\io\netty\netty-handler\4.1.96.Final\netty-handler-4.1.96.Final.jar;C:\Users\Gaurav\.m2\repository\io\netty\netty-common\4.1.96.Final\netty-common-4.1.96.Final.jar;C:\Users\Gaurav\.m2\repository\io\netty\netty-transport-classes-epoll\4.1.96.Final\netty-transport-classes-epoll-4.1.96.Final.jar;C:\Users\Gaurav\.m2\repository\io\netty\netty-transport-classes-kqueue\4.1.96.Final\netty-transport-classes-kqueue-4.1.96.Final.jar;C:\Users\Gaurav\.m2\repository\io\netty\netty-transport-native-epoll\4.1.96.Final\netty-transport-native-epoll-4.1.96.Final.jar;C:\Users\Gaurav\.m2\repository\io\netty\netty-transport-native-kqueue\4.1.96.Final\netty-transport-native-kqueue-4.1.96.Final.jar;C:\Users\Gaurav\.m2\repository\io\netty\netty-transport-native-unix-common\4.1.96.Final\netty-transport-native-unix-common-4.1.96.Final.jar;C:\Users\Gaurav\.m2\repository\io\netty\netty-transport\4.1.96.Final\netty-transport-4.1.96.Final.jar;C:\Users\Gaurav\.m2\repository\io\netty\netty-resolver\4.1.96.Final\netty-resolver-4.1.96.Final.jar;C:\Users\Gaurav\.m2\repository\io\opentelemetry\opentelemetry-api\1.28.0\opentelemetry-api-1.28.0.jar;C:\Users\Gaurav\.m2\repository\io\opentelemetry\opentelemetry-context\1.28.0\opentelemetry-context-1.28.0.jar;C:\Users\Gaurav\.m2\repository\io\opentelemetry\opentelemetry-exporter-logging\1.28.0\opentelemetry-exporter-logging-1.28.0.jar;C:\Users\Gaurav\.m2\repository\io\opentelemetry\opentelemetry-sdk-metrics\1.28.0\opentelemetry-sdk-metrics-1.28.0.jar;C:\Users\Gaurav\.m2\repository\io\opentelemetry\opentelemetry-extension-incubator\1.28.0-alpha\opentelemetry-extension-incubator-1.28.0-alpha.jar;C:\Users\Gaurav\.m2\repository\io\opentelemetry\opentelemetry-sdk-logs\1.28.0\opentelemetry-sdk-logs-1.28.0.jar;C:\Users\Gaurav\.m2\repository\io\opentelemetry\opentelemetry-sdk-common\1.28.0\opentelemetry-sdk-common-1.28.0.jar;C:\Users\Gaurav\.m2\repository\io\opentelemetry\opentelemetry-sdk-extension-autoconfigure-spi\1.28.0\opentelemetry-sdk-extension-autoconfigure-spi-1.28.0.jar;C:\Users\Gaurav\.m2\repository\io\opentelemetry\opentelemetry-sdk-extension-autoconfigure\1.28.0\opentelemetry-sdk-extension-autoconfigure-1.28.0.jar;C:\Users\Gaurav\.m2\repository\io\opentelemetry\opentelemetry-api-events\1.28.0-alpha\opentelemetry-api-events-1.28.0-alpha.jar;C:\Users\Gaurav\.m2\repository\io\opentelemetry\opentelemetry-sdk-trace\1.28.0\opentelemetry-sdk-trace-1.28.0.jar;C:\Users\Gaurav\.m2\repository\io\opentelemetry\opentelemetry-sdk\1.28.0\opentelemetry-sdk-1.28.0.jar;C:\Users\Gaurav\.m2\repository\io\opentelemetry\opentelemetry-semconv\1.28.0-alpha\opentelemetry-semconv-1.28.0-alpha.jar;C:\Users\Gaurav\.m2\repository\net\bytebuddy\byte-buddy\1.14.5\byte-buddy-1.14.5.jar;C:\Users\Gaurav\.m2\repository\org\asynchttpclient\async-http-client\2.12.3\async-http-client-2.12.3.jar;C:\Users\Gaurav\.m2\repository\org\asynchttpclient\async-http-client-netty-utils\2.12.3\async-http-client-netty-utils-2.12.3.jar;C:\Users\Gaurav\.m2\repository\io\netty\netty-codec-socks\4.1.60.Final\netty-codec-socks-4.1.60.Final.jar;C:\Users\Gaurav\.m2\repository\io\netty\netty-handler-proxy\4.1.60.Final\netty-handler-proxy-4.1.60.Final.jar;C:\Users\Gaurav\.m2\repository\io\netty\netty-transport-native-epoll\4.1.60.Final\netty-transport-native-epoll-4.1.60.Final-linux-x86_64.jar;C:\Users\Gaurav\.m2\repository\io\netty\netty-transport-native-kqueue\4.1.60.Final\netty-transport-native-kqueue-4.1.60.Final-osx-x86_64.jar;C:\Users\Gaurav\.m2\repository\org\reactivestreams\reactive-streams\1.0.3\reactive-streams-1.0.3.jar;C:\Users\Gaurav\.m2\repository\com\typesafe\netty\netty-reactive-streams\2.0.4\netty-reactive-streams-2.0.4.jar;C:\Users\Gaurav\.m2\repository\com\sun\activation\jakarta.activation\1.2.2\jakarta.activation-1.2.2.jar;C:\Users\Gaurav\.m2\repository\org\seleniumhq\selenium\selenium-os\4.12.1\selenium-os-4.12.1.jar;C:\Users\Gaurav\.m2\repository\org\apache\commons\commons-exec\1.3\commons-exec-1.3.jar;C:\Users\Gaurav\.m2\repository\org\seleniumhq\selenium\selenium-safari-driver\4.12.1\selenium-safari-driver-4.12.1.jar;C:\Users\Gaurav\.m2\repository\org\seleniumhq\selenium\selenium-support\4.12.1\selenium-support-4.12.1.jar;C:\Users\Gaurav\.m2\repository\org\testng\testng\7.9.0\testng-7.9.0.jar;C:\Users\Gaurav\.m2\repository\org\slf4j\slf4j-api\1.7.36\slf4j-api-1.7.36.jar;C:\Users\Gaurav\.m2\repository\com\beust\jcommander\1.82\jcommander-1.82.jar;C:\Users\Gaurav\.m2\repository\org\webjars\jquery\3.7.1\jquery-3.7.1.jar;C:\Users\Gaurav\.m2\repository\org\apache\maven\plugins\maven-surefire-plugin\3.1.2\maven-surefire-plugin-3.1.2.jar;C:\Users\Gaurav\.m2\repository\org\apache\maven\surefire\maven-surefire-common\3.1.2\maven-surefire-common-3.1.2.jar;C:\Users\Gaurav\.m2\repository\org\apache\maven\surefire\surefire-api\3.1.2\surefire-api-3.1.2.jar;C:\Users\Gaurav\.m2\repository\org\apache\maven\surefire\surefire-logger-api\3.1.2\surefire-logger-api-3.1.2.jar;C:\Users\Gaurav\.m2\repository\org\apache\maven\surefire\surefire-extensions-api\3.1.2\surefire-extensions-api-3.1.2.jar;C:\Users\Gaurav\.m2\repository\org\apache\maven\surefire\surefire-booter\3.1.2\surefire-booter-3.1.2.jar;C:\Users\Gaurav\.m2\repository\org\apache\maven\surefire\surefire-extensions-spi\3.1.2\surefire-extensions-spi-3.1.2.jar;C:\Users\Gaurav\.m2\repository\org\eclipse\aether\aether-util\1.0.0.v20140518\aether-util-1.0.0.v20140518.jar;C:\Users\Gaurav\.m2\repository\org\eclipse\aether\aether-api\1.0.0.v20140518\aether-api-1.0.0.v20140518.jar;C:\Users\Gaurav\.m2\repository\org\apache\maven\shared\maven-common-artifact-filters\3.1.1\maven-common-artifact-filters-3.1.1.jar;C:\Users\Gaurav\.m2\repository\org\apache\maven\maven-artifact\3.1.0\maven-artifact-3.1.0.jar;C:\Users\Gaurav\.m2\repository\org\apache\maven\maven-core\3.1.0\maven-core-3.1.0.jar;C:\Users\Gaurav\.m2\repository\org\apache\maven\maven-settings\3.1.0\maven-settings-3.1.0.jar;C:\Users\Gaurav\.m2\repository\org\apache\maven\maven-settings-builder\3.1.0\maven-settings-builder-3.1.0.jar;C:\Users\Gaurav\.m2\repository\org\apache\maven\maven-repository-metadata\3.1.0\maven-repository-metadata-3.1.0.jar;C:\Users\Gaurav\.m2\repository\org\apache\maven\maven-model-builder\3.1.0\maven-model-builder-3.1.0.jar;C:\Users\Gaurav\.m2\repository\org\apache\maven\maven-aether-provider\3.1.0\maven-aether-provider-3.1.0.jar;C:\Users\Gaurav\.m2\repository\org\eclipse\aether\aether-spi\0.9.0.M2\aether-spi-0.9.0.M2.jar;C:\Users\Gaurav\.m2\repository\org\eclipse\aether\aether-impl\0.9.0.M2\aether-impl-0.9.0.M2.jar;C:\Users\Gaurav\.m2\repository\org\eclipse\sisu\org.eclipse.sisu.plexus\0.0.0.M2a\org.eclipse.sisu.plexus-0.0.0.M2a.jar;C:\Users\Gaurav\.m2\repository\javax\enterprise\cdi-api\1.0\cdi-api-1.0.jar;C:\Users\Gaurav\.m2\repository\javax\annotation\jsr250-api\1.0\jsr250-api-1.0.jar;C:\Users\Gaurav\.m2\repository\org\sonatype\sisu\sisu-guice\3.1.0\sisu-guice-3.1.0-no_aop.jar;C:\Users\Gaurav\.m2\repository\aopalliance\aopalliance\1.0\aopalliance-1.0.jar;C:\Users\Gaurav\.m2\repository\org\eclipse\sisu\org.eclipse.sisu.inject\0.0.0.M2a\org.eclipse.sisu.inject-0.0.0.M2a.jar;C:\Users\Gaurav\.m2\repository\asm\asm\3.3.1\asm-3.3.1.jar;C:\Users\Gaurav\.m2\repository\org\codehaus\plexus\plexus-interpolation\1.16\plexus-interpolation-1.16.jar;C:\Users\Gaurav\.m2\repository\org\codehaus\plexus\plexus-classworlds\2.4.2\plexus-classworlds-2.4.2.jar;C:\Users\Gaurav\.m2\repository\org\sonatype\plexus\plexus-sec-dispatcher\1.3\plexus-sec-dispatcher-1.3.jar;C:\Users\Gaurav\.m2\repository\org\sonatype\plexus\plexus-cipher\1.4\plexus-cipher-1.4.jar;C:\Users\Gaurav\.m2\repository\org\apache\maven\maven-plugin-api\3.1.0\maven-plugin-api-3.1.0.jar;C:\Users\Gaurav\.m2\repository\org\apache\maven\surefire\surefire-shared-utils\3.1.2\surefire-shared-utils-3.1.2.jar;C:\Users\Gaurav\.m2\repository\org\apache\maven\plugins\maven-compiler-plugin\3.12.0\maven-compiler-plugin-3.12.0.jar;C:\Users\Gaurav\.m2\repository\org\apache\maven\shared\maven-shared-utils\3.4.2\maven-shared-utils-3.4.2.jar;C:\Users\Gaurav\.m2\repository\org\apache\maven\shared\maven-shared-incremental\1.1\maven-shared-incremental-1.1.jar;C:\Users\Gaurav\.m2\repository\org\codehaus\plexus\plexus-component-annotations\1.5.5\plexus-component-annotations-1.5.5.jar;C:\Users\Gaurav\.m2\repository\org\codehaus\plexus\plexus-java\1.2.0\plexus-java-1.2.0.jar;C:\Users\Gaurav\.m2\repository\org\ow2\asm\asm\9.6\asm-9.6.jar;C:\Users\Gaurav\.m2\repository\com\thoughtworks\qdox\qdox\2.0.3\qdox-2.0.3.jar;C:\Users\Gaurav\.m2\repository\org\codehaus\plexus\plexus-compiler-api\2.14.1\plexus-compiler-api-2.14.1.jar;C:\Users\Gaurav\.m2\repository\org\codehaus\plexus\plexus-compiler-manager\2.14.1\plexus-compiler-manager-2.14.1.jar;C:\Users\Gaurav\.m2\repository\javax\inject\javax.inject\1\javax.inject-1.jar;C:\Users\Gaurav\.m2\repository\org\codehaus\plexus\plexus-xml\4.0.1\plexus-xml-4.0.1.jar;C:\Users\Gaurav\.m2\repository\org\apache\maven\maven-xml-impl\4.0.0-alpha-5\maven-xml-impl-4.0.0-alpha-5.jar;C:\Users\Gaurav\.m2\repository\org\apache\maven\maven-api-xml\4.0.0-alpha-5\maven-api-xml-4.0.0-alpha-5.jar;C:\Users\Gaurav\.m2\repository\org\apache\maven\maven-api-meta\4.0.0-alpha-5\maven-api-meta-4.0.0-alpha-5.jar;C:\Users\Gaurav\.m2\repository\org\codehaus\plexus\plexus-compiler-javac\2.14.1\plexus-compiler-javac-2.14.1.jar;C:\Users\Gaurav\.m2\repository\org\codehaus\plexus\plexus-utils\4.0.0\plexus-utils-4.0.0.jar;C:\Users\Gaurav\.m2\repository\org\apache\poi\poi-ooxml-lite\5.2.3\poi-ooxml-lite-5.2.3.jar;C:\Users\Gaurav\.m2\repository\org\apache\xmlbeans\xmlbeans\5.1.1\xmlbeans-5.1.1.jar;C:\Users\Gaurav\.m2\repository\org\apache\poi\poi-ooxml-schemas\4.1.2\poi-ooxml-schemas-4.1.2.jar;C:\Users\Gaurav\.m2\repository\org\apache\poi\poi\5.2.3\poi-5.2.3.jar;C:\Users\Gaurav\.m2\repository\commons-codec\commons-codec\1.15\commons-codec-1.15.jar;C:\Users\Gaurav\.m2\repository\org\apache\commons\commons-collections4\4.4\commons-collections4-4.4.jar;C:\Users\Gaurav\.m2\repository\org\apache\commons\commons-math3\3.6.1\commons-math3-3.6.1.jar;C:\Users\Gaurav\.m2\repository\commons-io\commons-io\2.11.0\commons-io-2.11.0.jar;C:\Users\Gaurav\.m2\repository\com\zaxxer\SparseBitSet\1.2\SparseBitSet-1.2.jar;C:\Users\Gaurav\.m2\repository\org\apache\logging\log4j\log4j-api\2.18.0\log4j-api-2.18.0.jar;C:\Users\Gaurav\.m2\repository\org\apache\poi\poi-ooxml\5.2.3\poi-ooxml-5.2.3.jar;C:\Users\Gaurav\.m2\repository\org\apache\commons\commons-compress\1.21\commons-compress-1.21.jar;C:\Users\Gaurav\.m2\repository\com\github\virtuald\curvesapi\1.07\curvesapi-1.07.jar;C:\Users\Gaurav\.m2\repository\com\relevantcodes\extentreports\2.41.2\extentreports-2.41.2.jar;C:\Users\Gaurav\.m2\repository\org\jsoup\jsoup\1.8.3\jsoup-1.8.3.jar;C:\Users\Gaurav\.m2\repository\org\xerial\sqlite-jdbc\3.8.11.1\sqlite-jdbc-3.8.11.1.jar;C:\Users\Gaurav\.m2\repository\org\freemarker\freemarker\2.3.23\freemarker-2.3.23.jar;C:\Users\Gaurav\.m2\repository\org\mongodb\mongodb-driver\3.0.4\mongodb-driver-3.0.4.jar;C:\Users\Gaurav\.m2\repository\org\mongodb\bson\3.0.4\bson-3.0.4.jar;C:\Users\Gaurav\.m2\repository\org\mongodb\mongodb-driver-core\3.0.4\mongodb-driver-core-3.0.4.jar;"/>
    <property name="sun.cpu.endian" value="little"/>
    <property name="user.home" value="C:\Users\Gaurav"/>
    <property name="user.language" value="en"/>
    <property name="java.specification.vendor" value="Oracle Corporation"/>
    <property name="java.version.date" value="2021-07-20"/>
    <property name="java.home" value="C:\Program Files\Java\jdk-16.0.2"/>
    <property name="file.separator" value="\"/>
    <property name="style.color" value="always"/>
    <property name="basedir" value="C:\Selenium Temp\BDD_Cucumber\SelectorsHub"/>
    <property name="java.vm.compressedOopsMode" value="32-bit"/>
    <property name="line.separator" value="&#10;"/>
    <property name="java.vm.specification.vendor" value="Oracle Corporation"/>
    <property name="java.specification.name" value="Java Platform API Specification"/>
    <property name="surefire.real.class.path" value="C:\Users\Gaurav\AppData\Local\Temp\surefire15734535794928555159\surefirebooter-20240329130847433_3.jar"/>
    <property name="user.script" value=""/>
    <property name="sun.management.compiler" value="HotSpot 64-Bit Tiered Compilers"/>
    <property name="java.runtime.version" value="16.0.2+7-67"/>
    <property name="user.name" value="Gaurav"/>
    <property name="path.separator" value=";"/>
    <property name="os.version" value="10.0"/>
    <property name="java.runtime.name" value="Java(TM) SE Runtime Environment"/>
    <property name="file.encoding" value="Cp1252"/>
    <property name="java.vm.name" value="Java HotSpot(TM) 64-Bit Server VM"/>
    <property name="localRepository" value="C:\Users\Gaurav\.m2\repository"/>
    <property name="java.vendor.url.bug" value="https://bugreport.java.com/bugreport/"/>
    <property name="java.io.tmpdir" value="C:\Users\Gaurav\AppData\Local\Temp\"/>
    <property name="java.version" value="16.0.2"/>
    <property name="user.dir" value="C:\Selenium Temp\BDD_Cucumber\SelectorsHub"/>
    <property name="os.arch" value="amd64"/>
    <property name="java.vm.specification.name" value="Java Virtual Machine Specification"/>
    <property name="sun.os.patch.level" value=""/>
    <property name="java.library.path" value="C:\Program Files\Java\jdk-16.0.2\bin;C:\WINDOWS\Sun\Java\bin;C:\WINDOWS\system32;C:\WINDOWS;C:/Users/Gaurav/.p2/pool/plugins/org.eclipse.justj.openjdk.hotspot.jre.full.win32.x86_64_17.0.7.v20230425-1502/jre/bin/server;C:/Users/Gaurav/.p2/pool/plugins/org.eclipse.justj.openjdk.hotspot.jre.full.win32.x86_64_17.0.7.v20230425-1502/jre/bin;C:\Program Files\Common Files\Oracle\Java\javapath;C:\Program Files (x86)\Common Files\Oracle\Java\javapath;C:\Software\apache-maven-3.8.6-bin\apache-maven-3.8.6\bin;C:\Program Files\Git\cmd;C:\WINDOWS\system32;C:\WINDOWS;C:\WINDOWS\System32\Wbem;C:\WINDOWS\System32\WindowsPowerShell\v1.0\;C:\WINDOWS\System32\OpenSSH\;C:\Users\Gaurav\AppData\Local\Android\Sdk\tools;C:\Program Files\nodejs\node_modules\npm\bin;C:\Users\Gaurav\AppData\Local\Android\Sdk\tools\bin;C:\Users\Gaurav\AppData\Local\Android\Sdk\platform-tools;C:\Program Files\Java\jdk1.8.0_281\bin;C:\Program Files\nodejs\;C:\Selenium Temp\Selenium\Allure\allure-2.27.0\bin;C:\Program Files\MySQL\MySQL Shell 8.0\bin\;C:\Program Files\Common Files\Oracle\Java\javapath;C:\Program Files (x86)\Common Files\Oracle\Java\javapath;C:\Software\apache-maven-3.8.6-bin\apache-maven-3.8.6\bin;C:\Program Files\Git\cmd;C:\WINDOWS\system32;C:\WINDOWS;C:\WINDOWS\System32\Wbem;C:\WINDOWS\System32\WindowsPowerShell\v1.0\;C:\WINDOWS\System32\OpenSSH\;C:\Users\Gaurav\AppData\Local\Android\Sdk\tools;C:\Program Files\nodejs\node_modules\npm\bin;C:\Program Files\nodejs\;C:\Users\Gaurav\AppData\Local\Android\Sdk\tools\bin;C:\Users\Gaurav\AppData\Local\Android\Sdk\platform-tools;C:\Users\Gaurav\AppData\Local\Microsoft\WindowsApps;C:\Program Files\Azure Data Studio\bin;C:\Users\Gaurav\AppData\Local\Programs\Microsoft VS Code\bin;C:\WebDriver\bin;C:\Users\Gaurav\AppData\Roaming\npm;;C:\Software\Excelr Eclipse\eclipse;;."/>
    <property name="java.vm.info" value="mixed mode, sharing"/>
    <property name="java.vendor" value="Oracle Corporation"/>
    <property name="java.vm.version" value="16.0.2+7-67"/>
    <property name="sun.io.unicode.encoding" value="UnicodeLittle"/>
    <property name="java.class.version" value="60.0"/>
  </properties>
  <testcase name="initializeBrowser" classname="Test.TestCase1" time="1.804">
    <failure message="&#10;Parameter &apos;browserName&apos; is required by BeforeTest on method initializeBrowser but has not been marked @Optional or defined&#10;" type="org.testng.TestNGException"><![CDATA[org.testng.TestNGException: 

Parameter 'browserName' is required by BeforeTest on method initializeBrowser but has not been marked @Optional or defined

	at org.testng.internal.Parameters.createParams(Parameters.java:267)
	at org.testng.internal.Parameters.createParametersForMethod(Parameters.java:355)
	at org.testng.internal.Parameters.createParameters(Parameters.java:693)
	at org.testng.internal.Parameters.createConfigurationParameters(Parameters.java:166)
	at org.testng.internal.invokers.ConfigInvoker.invokeConfigurations(ConfigInvoker.java:306)
	at org.testng.TestRunner.invokeTestConfigurations(TestRunner.java:661)
	at org.testng.TestRunner.beforeRun(TestRunner.java:650)
	at org.testng.TestRunner.run(TestRunner.java:612)
	at org.testng.SuiteRunner.runTest(SuiteRunner.java:443)
	at org.testng.SuiteRunner.runSequentially(SuiteRunner.java:437)
	at org.testng.SuiteRunner.privateRun(SuiteRunner.java:397)
	at org.testng.SuiteRunner.run(SuiteRunner.java:336)
	at org.testng.SuiteRunnerWorker.runSuite(SuiteRunnerWorker.java:52)
	at org.testng.SuiteRunnerWorker.run(SuiteRunnerWorker.java:95)
	at org.testng.TestNG.runSuitesSequentially(TestNG.java:1301)
	at org.testng.TestNG.runSuitesLocally(TestNG.java:1228)
	at org.testng.TestNG.runSuites(TestNG.java:1134)
	at org.testng.TestNG.run(TestNG.java:1101)
	at org.apache.maven.surefire.testng.TestNGExecutor.run(TestNGExecutor.java:155)
	at org.apache.maven.surefire.testng.TestNGDirectoryTestSuite.executeMulti(TestNGDirectoryTestSuite.java:169)
	at org.apache.maven.surefire.testng.TestNGDirectoryTestSuite.execute(TestNGDirectoryTestSuite.java:88)
	at org.apache.maven.surefire.testng.TestNGProvider.invoke(TestNGProvider.java:137)
	at org.apache.maven.surefire.booter.ForkedBooter.runSuitesInProcess(ForkedBooter.java:385)
	at org.apache.maven.surefire.booter.ForkedBooter.execute(ForkedBooter.java:162)
	at org.apache.maven.surefire.booter.ForkedBooter.run(ForkedBooter.java:507)
	at org.apache.maven.surefire.booter.ForkedBooter.main(ForkedBooter.java:495)
]]></failure>
    <system-err><![CDATA[SLF4J: Failed to load class "org.slf4j.impl.StaticLoggerBinder".
SLF4J: Defaulting to no-operation (NOP) logger implementation
SLF4J: See http://www.slf4j.org/codes.html#StaticLoggerBinder for further details.
]]></system-err>
  </testcase>
  <testcase name="regression" classname="Test.TestCase1" time="0">
    <skipped message="&#10;Parameter &apos;browserName&apos; is required by BeforeTest on method initializeBrowser but has not been marked @Optional or defined&#10;"/>
  </testcase>
  <testcase name="logout" classname="Test.TestCase1" time="0">
    <skipped/>
    <system-out><![CDATA[onTestSkipped
]]></system-out>
  </testcase>
  <testcase name="initializeBrowser" classname="Test.TestCase10" time="0">
    <skipped/>
  </testcase>
  <testcase name="regression" classname="Test.TestCase10" time="0">
    <skipped message="&#10;Parameter &apos;browserName&apos; is required by BeforeTest on method initializeBrowser but has not been marked @Optional or defined&#10;"/>
    <system-out><![CDATA[onTestSkipped
]]></system-out>
  </testcase>
  <testcase name="logout" classname="Test.TestCase10" time="0">
    <skipped/>
  </testcase>
  <testcase name="initializeBrowser" classname="Test.TestCase100" time="0">
    <skipped/>
  </testcase>
  <testcase name="regression" classname="Test.TestCase100" time="0">
    <skipped message="&#10;Parameter &apos;browserName&apos; is required by BeforeTest on method initializeBrowser but has not been marked @Optional or defined&#10;"/>
    <system-out><![CDATA[onTestSkipped
]]></system-out>
  </testcase>
  <testcase name="logout" classname="Test.TestCase100" time="0">
    <skipped/>
  </testcase>
  <testcase name="initializeBrowser" classname="Test.TestCase101" time="0">
    <skipped/>
  </testcase>
  <testcase name="regression" classname="Test.TestCase101" time="0">
    <skipped message="&#10;Parameter &apos;browserName&apos; is required by BeforeTest on method initializeBrowser but has not been marked @Optional or defined&#10;"/>
    <system-out><![CDATA[onTestSkipped
]]></system-out>
  </testcase>
  <testcase name="logout" classname="Test.TestCase101" time="0">
    <skipped/>
  </testcase>
  <testcase name="initializeBrowser" classname="Test.TestCase102" time="0">
    <skipped/>
  </testcase>
  <testcase name="regression" classname="Test.TestCase102" time="0">
    <skipped message="&#10;Parameter &apos;browserName&apos; is required by BeforeTest on method initializeBrowser but has not been marked @Optional or defined&#10;"/>
    <system-out><![CDATA[onTestSkipped
]]></system-out>
  </testcase>
  <testcase name="logout" classname="Test.TestCase102" time="0">
    <skipped/>
  </testcase>
  <testcase name="initializeBrowser" classname="Test.TestCase103" time="0">
    <skipped/>
  </testcase>
  <testcase name="regression" classname="Test.TestCase103" time="0">
    <skipped message="&#10;Parameter &apos;browserName&apos; is required by BeforeTest on method initializeBrowser but has not been marked @Optional or defined&#10;"/>
    <system-out><![CDATA[onTestSkipped
]]></system-out>
  </testcase>
  <testcase name="logout" classname="Test.TestCase103" time="0">
    <skipped/>
  </testcase>
  <testcase name="initializeBrowser" classname="Test.TestCase104" time="0">
    <skipped/>
  </testcase>
  <testcase name="regression" classname="Test.TestCase104" time="0">
    <skipped message="&#10;Parameter &apos;browserName&apos; is required by BeforeTest on method initializeBrowser but has not been marked @Optional or defined&#10;"/>
    <system-out><![CDATA[onTestSkipped
]]></system-out>
  </testcase>
  <testcase name="logout" classname="Test.TestCase104" time="0">
    <skipped/>
  </testcase>
  <testcase name="initializeBrowser" classname="Test.TestCase105" time="0">
    <skipped/>
  </testcase>
  <testcase name="regression" classname="Test.TestCase105" time="0">
    <skipped message="&#10;Parameter &apos;browserName&apos; is required by BeforeTest on method initializeBrowser but has not been marked @Optional or defined&#10;"/>
    <system-out><![CDATA[onTestSkipped
]]></system-out>
  </testcase>
  <testcase name="logout" classname="Test.TestCase105" time="0">
    <skipped/>
  </testcase>
  <testcase name="initializeBrowser" classname="Test.TestCase106" time="0">
    <skipped/>
  </testcase>
  <testcase name="regression" classname="Test.TestCase106" time="0">
    <skipped message="&#10;Parameter &apos;browserName&apos; is required by BeforeTest on method initializeBrowser but has not been marked @Optional or defined&#10;"/>
    <system-out><![CDATA[onTestSkipped
]]></system-out>
  </testcase>
  <testcase name="logout" classname="Test.TestCase106" time="0">
    <skipped/>
  </testcase>
  <testcase name="initializeBrowser" classname="Test.TestCase107" time="0">
    <skipped/>
  </testcase>
  <testcase name="regression" classname="Test.TestCase107" time="0">
    <skipped message="&#10;Parameter &apos;browserName&apos; is required by BeforeTest on method initializeBrowser but has not been marked @Optional or defined&#10;"/>
    <system-out><![CDATA[onTestSkipped
]]></system-out>
  </testcase>
  <testcase name="logout" classname="Test.TestCase107" time="0">
    <skipped/>
  </testcase>
  <testcase name="initializeBrowser" classname="Test.TestCase11" time="0">
    <skipped/>
  </testcase>
  <testcase name="regression" classname="Test.TestCase11" time="0">
    <skipped message="&#10;Parameter &apos;browserName&apos; is required by BeforeTest on method initializeBrowser but has not been marked @Optional or defined&#10;"/>
    <system-out><![CDATA[onTestSkipped
]]></system-out>
  </testcase>
  <testcase name="logout" classname="Test.TestCase11" time="0">
    <skipped/>
  </testcase>
  <testcase name="initializeBrowser" classname="Test.TestCase15" time="0">
    <skipped/>
  </testcase>
  <testcase name="regression" classname="Test.TestCase15" time="0">
    <skipped message="&#10;Parameter &apos;browserName&apos; is required by BeforeTest on method initializeBrowser but has not been marked @Optional or defined&#10;"/>
    <system-out><![CDATA[onTestSkipped
]]></system-out>
  </testcase>
  <testcase name="logout" classname="Test.TestCase15" time="0">
    <skipped/>
  </testcase>
  <testcase name="initializeBrowser" classname="Test.TestCase16" time="0">
    <skipped/>
  </testcase>
  <testcase name="regression" classname="Test.TestCase16" time="0">
    <skipped message="&#10;Parameter &apos;browserName&apos; is required by BeforeTest on method initializeBrowser but has not been marked @Optional or defined&#10;"/>
    <system-out><![CDATA[onTestSkipped
]]></system-out>
  </testcase>
  <testcase name="logout" classname="Test.TestCase16" time="0">
    <skipped/>
  </testcase>
  <testcase name="initializeBrowser" classname="Test.TestCase17" time="0">
    <skipped/>
  </testcase>
  <testcase name="regression" classname="Test.TestCase17" time="0">
    <skipped message="&#10;Parameter &apos;browserName&apos; is required by BeforeTest on method initializeBrowser but has not been marked @Optional or defined&#10;"/>
    <system-out><![CDATA[onTestSkipped
]]></system-out>
  </testcase>
  <testcase name="logout" classname="Test.TestCase17" time="0">
    <skipped/>
  </testcase>
  <testcase name="initializeBrowser" classname="Test.TestCase18" time="0">
    <skipped/>
  </testcase>
  <testcase name="regression" classname="Test.TestCase18" time="0">
    <skipped message="&#10;Parameter &apos;browserName&apos; is required by BeforeTest on method initializeBrowser but has not been marked @Optional or defined&#10;"/>
    <system-out><![CDATA[onTestSkipped
]]></system-out>
  </testcase>
  <testcase name="logout" classname="Test.TestCase18" time="0">
    <skipped/>
  </testcase>
  <testcase name="initializeBrowser" classname="Test.TestCase19" time="0">
    <skipped/>
  </testcase>
  <testcase name="regression" classname="Test.TestCase19" time="0">
    <skipped message="&#10;Parameter &apos;browserName&apos; is required by BeforeTest on method initializeBrowser but has not been marked @Optional or defined&#10;"/>
    <system-out><![CDATA[onTestSkipped
]]></system-out>
  </testcase>
  <testcase name="logout" classname="Test.TestCase19" time="0">
    <skipped/>
  </testcase>
  <testcase name="initializeBrowser" classname="Test.TestCase2" time="0">
    <skipped/>
  </testcase>
  <testcase name="regression" classname="Test.TestCase2" time="0">
    <skipped message="&#10;Parameter &apos;browserName&apos; is required by BeforeTest on method initializeBrowser but has not been marked @Optional or defined&#10;"/>
    <system-out><![CDATA[onTestSkipped
]]></system-out>
  </testcase>
  <testcase name="logout" classname="Test.TestCase2" time="0">
    <skipped/>
  </testcase>
  <testcase name="initializeBrowser" classname="Test.TestCase20" time="0">
    <skipped/>
  </testcase>
  <testcase name="regression" classname="Test.TestCase20" time="0">
    <skipped message="&#10;Parameter &apos;browserName&apos; is required by BeforeTest on method initializeBrowser but has not been marked @Optional or defined&#10;"/>
    <system-out><![CDATA[onTestSkipped
]]></system-out>
  </testcase>
  <testcase name="logout" classname="Test.TestCase20" time="0">
    <skipped/>
  </testcase>
  <testcase name="initializeBrowser" classname="Test.TestCase21" time="0">
    <skipped/>
  </testcase>
  <testcase name="regression" classname="Test.TestCase21" time="0">
    <skipped message="&#10;Parameter &apos;browserName&apos; is required by BeforeTest on method initializeBrowser but has not been marked @Optional or defined&#10;"/>
    <system-out><![CDATA[onTestSkipped
]]></system-out>
  </testcase>
  <testcase name="logout" classname="Test.TestCase21" time="0">
    <skipped/>
  </testcase>
  <testcase name="initializeBrowser" classname="Test.TestCase22" time="0">
    <skipped/>
  </testcase>
  <testcase name="regression" classname="Test.TestCase22" time="0">
    <skipped message="&#10;Parameter &apos;browserName&apos; is required by BeforeTest on method initializeBrowser but has not been marked @Optional or defined&#10;"/>
    <system-out><![CDATA[onTestSkipped
]]></system-out>
  </testcase>
  <testcase name="logout" classname="Test.TestCase22" time="0">
    <skipped/>
  </testcase>
  <testcase name="initializeBrowser" classname="Test.TestCase23" time="0">
    <skipped/>
  </testcase>
  <testcase name="regression" classname="Test.TestCase23" time="0">
    <skipped message="&#10;Parameter &apos;browserName&apos; is required by BeforeTest on method initializeBrowser but has not been marked @Optional or defined&#10;"/>
    <system-out><![CDATA[onTestSkipped
]]></system-out>
  </testcase>
  <testcase name="logout" classname="Test.TestCase23" time="0">
    <skipped/>
  </testcase>
  <testcase name="initializeBrowser" classname="Test.TestCase24" time="0">
    <skipped/>
  </testcase>
  <testcase name="regression" classname="Test.TestCase24" time="0">
    <skipped message="&#10;Parameter &apos;browserName&apos; is required by BeforeTest on method initializeBrowser but has not been marked @Optional or defined&#10;"/>
    <system-out><![CDATA[onTestSkipped
]]></system-out>
  </testcase>
  <testcase name="logout" classname="Test.TestCase24" time="0">
    <skipped/>
  </testcase>
  <testcase name="initializeBrowser" classname="Test.TestCase25" time="0">
    <skipped/>
  </testcase>
  <testcase name="regression" classname="Test.TestCase25" time="0">
    <skipped message="&#10;Parameter &apos;browserName&apos; is required by BeforeTest on method initializeBrowser but has not been marked @Optional or defined&#10;"/>
    <system-out><![CDATA[onTestSkipped
]]></system-out>
  </testcase>
  <testcase name="logout" classname="Test.TestCase25" time="0">
    <skipped/>
  </testcase>
  <testcase name="initializeBrowser" classname="Test.TestCase26" time="0">
    <skipped/>
  </testcase>
  <testcase name="regression" classname="Test.TestCase26" time="0">
    <skipped message="&#10;Parameter &apos;browserName&apos; is required by BeforeTest on method initializeBrowser but has not been marked @Optional or defined&#10;"/>
    <system-out><![CDATA[onTestSkipped
]]></system-out>
  </testcase>
  <testcase name="logout" classname="Test.TestCase26" time="0">
    <skipped/>
  </testcase>
  <testcase name="initializeBrowser" classname="Test.TestCase28" time="0">
    <skipped/>
  </testcase>
  <testcase name="regression" classname="Test.TestCase28" time="0">
    <skipped message="&#10;Parameter &apos;browserName&apos; is required by BeforeTest on method initializeBrowser but has not been marked @Optional or defined&#10;"/>
    <system-out><![CDATA[onTestSkipped
]]></system-out>
  </testcase>
  <testcase name="logout" classname="Test.TestCase28" time="0">
    <skipped/>
  </testcase>
  <testcase name="initializeBrowser" classname="Test.TestCase29" time="0">
    <skipped/>
  </testcase>
  <testcase name="regression" classname="Test.TestCase29" time="0">
    <skipped message="&#10;Parameter &apos;browserName&apos; is required by BeforeTest on method initializeBrowser but has not been marked @Optional or defined&#10;"/>
    <system-out><![CDATA[onTestSkipped
]]></system-out>
  </testcase>
  <testcase name="logout" classname="Test.TestCase29" time="0">
    <skipped/>
  </testcase>
  <testcase name="initializeBrowser" classname="Test.TestCase3" time="0">
    <skipped/>
  </testcase>
  <testcase name="regression" classname="Test.TestCase3" time="0">
    <skipped message="&#10;Parameter &apos;browserName&apos; is required by BeforeTest on method initializeBrowser but has not been marked @Optional or defined&#10;"/>
    <system-out><![CDATA[onTestSkipped
]]></system-out>
  </testcase>
  <testcase name="logout" classname="Test.TestCase3" time="0">
    <skipped/>
  </testcase>
  <testcase name="initializeBrowser" classname="Test.TestCase30" time="0">
    <skipped/>
  </testcase>
  <testcase name="regression" classname="Test.TestCase30" time="0">
    <skipped message="&#10;Parameter &apos;browserName&apos; is required by BeforeTest on method initializeBrowser but has not been marked @Optional or defined&#10;"/>
    <system-out><![CDATA[onTestSkipped
]]></system-out>
  </testcase>
  <testcase name="logout" classname="Test.TestCase30" time="0">
    <skipped/>
  </testcase>
  <testcase name="initializeBrowser" classname="Test.TestCase31" time="0">
    <skipped/>
  </testcase>
  <testcase name="regression" classname="Test.TestCase31" time="0">
    <skipped message="&#10;Parameter &apos;browserName&apos; is required by BeforeTest on method initializeBrowser but has not been marked @Optional or defined&#10;"/>
    <system-out><![CDATA[onTestSkipped
]]></system-out>
  </testcase>
  <testcase name="logout" classname="Test.TestCase31" time="0">
    <skipped/>
  </testcase>
  <testcase name="initializeBrowser" classname="Test.TestCase32" time="0">
    <skipped/>
  </testcase>
  <testcase name="regression" classname="Test.TestCase32" time="0">
    <skipped message="&#10;Parameter &apos;browserName&apos; is required by BeforeTest on method initializeBrowser but has not been marked @Optional or defined&#10;"/>
    <system-out><![CDATA[onTestSkipped
]]></system-out>
  </testcase>
  <testcase name="logout" classname="Test.TestCase32" time="0">
    <skipped/>
  </testcase>
  <testcase name="initializeBrowser" classname="Test.TestCase33" time="0">
    <skipped/>
  </testcase>
  <testcase name="regression" classname="Test.TestCase33" time="0">
    <skipped message="&#10;Parameter &apos;browserName&apos; is required by BeforeTest on method initializeBrowser but has not been marked @Optional or defined&#10;"/>
    <system-out><![CDATA[onTestSkipped
]]></system-out>
  </testcase>
  <testcase name="logout" classname="Test.TestCase33" time="0">
    <skipped/>
  </testcase>
  <testcase name="initializeBrowser" classname="Test.TestCase34" time="0">
    <skipped/>
  </testcase>
  <testcase name="regression" classname="Test.TestCase34" time="0">
    <skipped message="&#10;Parameter &apos;browserName&apos; is required by BeforeTest on method initializeBrowser but has not been marked @Optional or defined&#10;"/>
    <system-out><![CDATA[onTestSkipped
]]></system-out>
  </testcase>
  <testcase name="logout" classname="Test.TestCase34" time="0">
    <skipped/>
  </testcase>
  <testcase name="initializeBrowser" classname="Test.TestCase35" time="0">
    <skipped/>
  </testcase>
  <testcase name="regression" classname="Test.TestCase35" time="0">
    <skipped message="&#10;Parameter &apos;browserName&apos; is required by BeforeTest on method initializeBrowser but has not been marked @Optional or defined&#10;"/>
    <system-out><![CDATA[onTestSkipped
]]></system-out>
  </testcase>
  <testcase name="logout" classname="Test.TestCase35" time="0">
    <skipped/>
  </testcase>
  <testcase name="initializeBrowser" classname="Test.TestCase37" time="0">
    <skipped/>
  </testcase>
  <testcase name="regression" classname="Test.TestCase37" time="0">
    <skipped message="&#10;Parameter &apos;browserName&apos; is required by BeforeTest on method initializeBrowser but has not been marked @Optional or defined&#10;"/>
    <system-out><![CDATA[onTestSkipped
]]></system-out>
  </testcase>
  <testcase name="logout" classname="Test.TestCase37" time="0">
    <skipped/>
  </testcase>
  <testcase name="initializeBrowser" classname="Test.TestCase38" time="0">
    <skipped/>
  </testcase>
  <testcase name="regression" classname="Test.TestCase38" time="0">
    <skipped message="&#10;Parameter &apos;browserName&apos; is required by BeforeTest on method initializeBrowser but has not been marked @Optional or defined&#10;"/>
    <system-out><![CDATA[onTestSkipped
]]></system-out>
  </testcase>
  <testcase name="logout" classname="Test.TestCase38" time="0">
    <skipped/>
  </testcase>
  <testcase name="initializeBrowser" classname="Test.TestCase39" time="0">
    <skipped/>
  </testcase>
  <testcase name="regression" classname="Test.TestCase39" time="0">
    <skipped message="&#10;Parameter &apos;browserName&apos; is required by BeforeTest on method initializeBrowser but has not been marked @Optional or defined&#10;"/>
    <system-out><![CDATA[onTestSkipped
]]></system-out>
  </testcase>
  <testcase name="logout" classname="Test.TestCase39" time="0">
    <skipped/>
  </testcase>
  <testcase name="initializeBrowser" classname="Test.TestCase4" time="0">
    <skipped/>
  </testcase>
  <testcase name="regression" classname="Test.TestCase4" time="0">
    <skipped message="&#10;Parameter &apos;browserName&apos; is required by BeforeTest on method initializeBrowser but has not been marked @Optional or defined&#10;"/>
    <system-out><![CDATA[onTestSkipped
]]></system-out>
  </testcase>
  <testcase name="logout" classname="Test.TestCase4" time="0">
    <skipped/>
  </testcase>
  <testcase name="initializeBrowser" classname="Test.TestCase40" time="0">
    <skipped/>
  </testcase>
  <testcase name="regression" classname="Test.TestCase40" time="0">
    <skipped message="&#10;Parameter &apos;browserName&apos; is required by BeforeTest on method initializeBrowser but has not been marked @Optional or defined&#10;"/>
    <system-out><![CDATA[onTestSkipped
]]></system-out>
  </testcase>
  <testcase name="logout" classname="Test.TestCase40" time="0">
    <skipped/>
  </testcase>
  <testcase name="initializeBrowser" classname="Test.TestCase41" time="0">
    <skipped/>
  </testcase>
  <testcase name="regression" classname="Test.TestCase41" time="0">
    <skipped message="&#10;Parameter &apos;browserName&apos; is required by BeforeTest on method initializeBrowser but has not been marked @Optional or defined&#10;"/>
    <system-out><![CDATA[onTestSkipped
]]></system-out>
  </testcase>
  <testcase name="logout" classname="Test.TestCase41" time="0">
    <skipped/>
  </testcase>
  <testcase name="initializeBrowser" classname="Test.TestCase42" time="0">
    <skipped/>
  </testcase>
  <testcase name="regression" classname="Test.TestCase42" time="0">
    <skipped message="&#10;Parameter &apos;browserName&apos; is required by BeforeTest on method initializeBrowser but has not been marked @Optional or defined&#10;"/>
    <system-out><![CDATA[onTestSkipped
]]></system-out>
  </testcase>
  <testcase name="logout" classname="Test.TestCase42" time="0">
    <skipped/>
  </testcase>
  <testcase name="initializeBrowser" classname="Test.TestCase43" time="0">
    <skipped/>
  </testcase>
  <testcase name="regression" classname="Test.TestCase43" time="0">
    <skipped message="&#10;Parameter &apos;browserName&apos; is required by BeforeTest on method initializeBrowser but has not been marked @Optional or defined&#10;"/>
    <system-out><![CDATA[onTestSkipped
]]></system-out>
  </testcase>
  <testcase name="logout" classname="Test.TestCase43" time="0">
    <skipped/>
  </testcase>
  <testcase name="initializeBrowser" classname="Test.TestCase44" time="0">
    <skipped/>
  </testcase>
  <testcase name="regression" classname="Test.TestCase44" time="0">
    <skipped message="&#10;Parameter &apos;browserName&apos; is required by BeforeTest on method initializeBrowser but has not been marked @Optional or defined&#10;"/>
    <system-out><![CDATA[onTestSkipped
]]></system-out>
  </testcase>
  <testcase name="logout" classname="Test.TestCase44" time="0">
    <skipped/>
  </testcase>
  <testcase name="initializeBrowser" classname="Test.TestCase45" time="0">
    <skipped/>
  </testcase>
  <testcase name="regression" classname="Test.TestCase45" time="0">
    <skipped message="&#10;Parameter &apos;browserName&apos; is required by BeforeTest on method initializeBrowser but has not been marked @Optional or defined&#10;"/>
    <system-out><![CDATA[onTestSkipped
]]></system-out>
  </testcase>
  <testcase name="logout" classname="Test.TestCase45" time="0">
    <skipped/>
  </testcase>
  <testcase name="initializeBrowser" classname="Test.TestCase46" time="0">
    <skipped/>
  </testcase>
  <testcase name="regression" classname="Test.TestCase46" time="0">
    <skipped message="&#10;Parameter &apos;browserName&apos; is required by BeforeTest on method initializeBrowser but has not been marked @Optional or defined&#10;"/>
    <system-out><![CDATA[onTestSkipped
]]></system-out>
  </testcase>
  <testcase name="logout" classname="Test.TestCase46" time="0">
    <skipped/>
  </testcase>
  <testcase name="initializeBrowser" classname="Test.TestCase47" time="0">
    <skipped/>
  </testcase>
  <testcase name="regression" classname="Test.TestCase47" time="0">
    <skipped message="&#10;Parameter &apos;browserName&apos; is required by BeforeTest on method initializeBrowser but has not been marked @Optional or defined&#10;"/>
    <system-out><![CDATA[onTestSkipped
]]></system-out>
  </testcase>
  <testcase name="logout" classname="Test.TestCase47" time="0">
    <skipped/>
  </testcase>
  <testcase name="initializeBrowser" classname="Test.TestCase5" time="0">
    <skipped/>
  </testcase>
  <testcase name="regression" classname="Test.TestCase5" time="0">
    <skipped message="&#10;Parameter &apos;browserName&apos; is required by BeforeTest on method initializeBrowser but has not been marked @Optional or defined&#10;"/>
    <system-out><![CDATA[onTestSkipped
]]></system-out>
  </testcase>
  <testcase name="logout" classname="Test.TestCase5" time="0">
    <skipped/>
  </testcase>
  <testcase name="initializeBrowser" classname="Test.TestCase51" time="0">
    <skipped/>
  </testcase>
  <testcase name="regression" classname="Test.TestCase51" time="0">
    <skipped message="&#10;Parameter &apos;browserName&apos; is required by BeforeTest on method initializeBrowser but has not been marked @Optional or defined&#10;"/>
    <system-out><![CDATA[onTestSkipped
]]></system-out>
  </testcase>
  <testcase name="logout" classname="Test.TestCase51" time="0">
    <skipped/>
  </testcase>
  <testcase name="initializeBrowser" classname="Test.TestCase52" time="0">
    <skipped/>
  </testcase>
  <testcase name="regression" classname="Test.TestCase52" time="0">
    <skipped message="&#10;Parameter &apos;browserName&apos; is required by BeforeTest on method initializeBrowser but has not been marked @Optional or defined&#10;"/>
    <system-out><![CDATA[onTestSkipped
]]></system-out>
  </testcase>
  <testcase name="logout" classname="Test.TestCase52" time="0">
    <skipped/>
  </testcase>
  <testcase name="initializeBrowser" classname="Test.TestCase53" time="0">
    <skipped/>
  </testcase>
  <testcase name="regression" classname="Test.TestCase53" time="0">
    <skipped message="&#10;Parameter &apos;browserName&apos; is required by BeforeTest on method initializeBrowser but has not been marked @Optional or defined&#10;"/>
    <system-out><![CDATA[onTestSkipped
]]></system-out>
  </testcase>
  <testcase name="logout" classname="Test.TestCase53" time="0">
    <skipped/>
  </testcase>
  <testcase name="initializeBrowser" classname="Test.TestCase54" time="0">
    <skipped/>
  </testcase>
  <testcase name="regression" classname="Test.TestCase54" time="0">
    <skipped message="&#10;Parameter &apos;browserName&apos; is required by BeforeTest on method initializeBrowser but has not been marked @Optional or defined&#10;"/>
    <system-out><![CDATA[onTestSkipped
]]></system-out>
  </testcase>
  <testcase name="logout" classname="Test.TestCase54" time="0">
    <skipped/>
  </testcase>
  <testcase name="initializeBrowser" classname="Test.TestCase55" time="0">
    <skipped/>
  </testcase>
  <testcase name="regression" classname="Test.TestCase55" time="0">
    <skipped message="&#10;Parameter &apos;browserName&apos; is required by BeforeTest on method initializeBrowser but has not been marked @Optional or defined&#10;"/>
    <system-out><![CDATA[onTestSkipped
]]></system-out>
  </testcase>
  <testcase name="logout" classname="Test.TestCase55" time="0">
    <skipped/>
  </testcase>
  <testcase name="initializeBrowser" classname="Test.TestCase56" time="0">
    <skipped/>
  </testcase>
  <testcase name="regression" classname="Test.TestCase56" time="0">
    <skipped message="&#10;Parameter &apos;browserName&apos; is required by BeforeTest on method initializeBrowser but has not been marked @Optional or defined&#10;"/>
    <system-out><![CDATA[onTestSkipped
]]></system-out>
  </testcase>
  <testcase name="logout" classname="Test.TestCase56" time="0">
    <skipped/>
  </testcase>
  <testcase name="initializeBrowser" classname="Test.TestCase57" time="0">
    <skipped/>
  </testcase>
  <testcase name="regression" classname="Test.TestCase57" time="0">
    <skipped message="&#10;Parameter &apos;browserName&apos; is required by BeforeTest on method initializeBrowser but has not been marked @Optional or defined&#10;"/>
    <system-out><![CDATA[onTestSkipped
]]></system-out>
  </testcase>
  <testcase name="logout" classname="Test.TestCase57" time="0">
    <skipped/>
  </testcase>
  <testcase name="initializeBrowser" classname="Test.TestCase58" time="0">
    <skipped/>
  </testcase>
  <testcase name="regression" classname="Test.TestCase58" time="0">
    <skipped message="&#10;Parameter &apos;browserName&apos; is required by BeforeTest on method initializeBrowser but has not been marked @Optional or defined&#10;"/>
    <system-out><![CDATA[onTestSkipped
]]></system-out>
  </testcase>
  <testcase name="logout" classname="Test.TestCase58" time="0">
    <skipped/>
  </testcase>
  <testcase name="initializeBrowser" classname="Test.TestCase59" time="0">
    <skipped/>
  </testcase>
  <testcase name="regression" classname="Test.TestCase59" time="0">
    <skipped message="&#10;Parameter &apos;browserName&apos; is required by BeforeTest on method initializeBrowser but has not been marked @Optional or defined&#10;"/>
    <system-out><![CDATA[onTestSkipped
]]></system-out>
  </testcase>
  <testcase name="logout" classname="Test.TestCase59" time="0">
    <skipped/>
  </testcase>
  <testcase name="initializeBrowser" classname="Test.TestCase6" time="0">
    <skipped/>
  </testcase>
  <testcase name="regression" classname="Test.TestCase6" time="0">
    <skipped message="&#10;Parameter &apos;browserName&apos; is required by BeforeTest on method initializeBrowser but has not been marked @Optional or defined&#10;"/>
    <system-out><![CDATA[onTestSkipped
]]></system-out>
  </testcase>
  <testcase name="logout" classname="Test.TestCase6" time="0">
    <skipped/>
  </testcase>
  <testcase name="initializeBrowser" classname="Test.TestCase60" time="0">
    <skipped/>
  </testcase>
  <testcase name="regression" classname="Test.TestCase60" time="0">
    <skipped message="&#10;Parameter &apos;browserName&apos; is required by BeforeTest on method initializeBrowser but has not been marked @Optional or defined&#10;"/>
    <system-out><![CDATA[onTestSkipped
]]></system-out>
  </testcase>
  <testcase name="logout" classname="Test.TestCase60" time="0">
    <skipped/>
  </testcase>
  <testcase name="initializeBrowser" classname="Test.TestCase61" time="0">
    <skipped/>
  </testcase>
  <testcase name="regression" classname="Test.TestCase61" time="0">
    <skipped message="&#10;Parameter &apos;browserName&apos; is required by BeforeTest on method initializeBrowser but has not been marked @Optional or defined&#10;"/>
    <system-out><![CDATA[onTestSkipped
]]></system-out>
  </testcase>
  <testcase name="logout" classname="Test.TestCase61" time="0">
    <skipped/>
  </testcase>
  <testcase name="initializeBrowser" classname="Test.TestCase62" time="0">
    <skipped/>
  </testcase>
  <testcase name="regression" classname="Test.TestCase62" time="0">
    <skipped message="&#10;Parameter &apos;browserName&apos; is required by BeforeTest on method initializeBrowser but has not been marked @Optional or defined&#10;"/>
    <system-out><![CDATA[onTestSkipped
]]></system-out>
  </testcase>
  <testcase name="logout" classname="Test.TestCase62" time="0">
    <skipped/>
  </testcase>
  <testcase name="initializeBrowser" classname="Test.TestCase64" time="0">
    <skipped/>
  </testcase>
  <testcase name="regression" classname="Test.TestCase64" time="0">
    <skipped message="&#10;Parameter &apos;browserName&apos; is required by BeforeTest on method initializeBrowser but has not been marked @Optional or defined&#10;"/>
    <system-out><![CDATA[onTestSkipped
]]></system-out>
  </testcase>
  <testcase name="logout" classname="Test.TestCase64" time="0">
    <skipped/>
  </testcase>
  <testcase name="initializeBrowser" classname="Test.TestCase65" time="0">
    <skipped/>
  </testcase>
  <testcase name="regression" classname="Test.TestCase65" time="0">
    <skipped message="&#10;Parameter &apos;browserName&apos; is required by BeforeTest on method initializeBrowser but has not been marked @Optional or defined&#10;"/>
    <system-out><![CDATA[onTestSkipped
]]></system-out>
  </testcase>
  <testcase name="logout" classname="Test.TestCase65" time="0">
    <skipped/>
  </testcase>
  <testcase name="initializeBrowser" classname="Test.TestCase66" time="0">
    <skipped/>
  </testcase>
  <testcase name="regression" classname="Test.TestCase66" time="0">
    <skipped message="&#10;Parameter &apos;browserName&apos; is required by BeforeTest on method initializeBrowser but has not been marked @Optional or defined&#10;"/>
    <system-out><![CDATA[onTestSkipped
]]></system-out>
  </testcase>
  <testcase name="logout" classname="Test.TestCase66" time="0">
    <skipped/>
  </testcase>
  <testcase name="initializeBrowser" classname="Test.TestCase67" time="0">
    <skipped/>
  </testcase>
  <testcase name="regression" classname="Test.TestCase67" time="0">
    <skipped message="&#10;Parameter &apos;browserName&apos; is required by BeforeTest on method initializeBrowser but has not been marked @Optional or defined&#10;"/>
    <system-out><![CDATA[onTestSkipped
]]></system-out>
  </testcase>
  <testcase name="logout" classname="Test.TestCase67" time="0">
    <skipped/>
  </testcase>
  <testcase name="initializeBrowser" classname="Test.TestCase68" time="0">
    <skipped/>
  </testcase>
  <testcase name="regression" classname="Test.TestCase68" time="0">
    <skipped message="&#10;Parameter &apos;browserName&apos; is required by BeforeTest on method initializeBrowser but has not been marked @Optional or defined&#10;"/>
    <system-out><![CDATA[onTestSkipped
]]></system-out>
  </testcase>
  <testcase name="logout" classname="Test.TestCase68" time="0">
    <skipped/>
  </testcase>
  <testcase name="initializeBrowser" classname="Test.TestCase69" time="0">
    <skipped/>
  </testcase>
  <testcase name="regression" classname="Test.TestCase69" time="0">
    <skipped message="&#10;Parameter &apos;browserName&apos; is required by BeforeTest on method initializeBrowser but has not been marked @Optional or defined&#10;"/>
    <system-out><![CDATA[onTestSkipped
]]></system-out>
  </testcase>
  <testcase name="logout" classname="Test.TestCase69" time="0">
    <skipped/>
  </testcase>
  <testcase name="initializeBrowser" classname="Test.TestCase7" time="0">
    <skipped/>
  </testcase>
  <testcase name="regression" classname="Test.TestCase7" time="0">
    <skipped message="&#10;Parameter &apos;browserName&apos; is required by BeforeTest on method initializeBrowser but has not been marked @Optional or defined&#10;"/>
    <system-out><![CDATA[onTestSkipped
]]></system-out>
  </testcase>
  <testcase name="logout" classname="Test.TestCase7" time="0">
    <skipped/>
  </testcase>
  <testcase name="initializeBrowser" classname="Test.TestCase70" time="0">
    <skipped/>
  </testcase>
  <testcase name="regression" classname="Test.TestCase70" time="0">
    <skipped message="&#10;Parameter &apos;browserName&apos; is required by BeforeTest on method initializeBrowser but has not been marked @Optional or defined&#10;"/>
    <system-out><![CDATA[onTestSkipped
]]></system-out>
  </testcase>
  <testcase name="logout" classname="Test.TestCase70" time="0">
    <skipped/>
  </testcase>
  <testcase name="initializeBrowser" classname="Test.TestCase71" time="0">
    <skipped/>
  </testcase>
  <testcase name="regression" classname="Test.TestCase71" time="0">
    <skipped message="&#10;Parameter &apos;browserName&apos; is required by BeforeTest on method initializeBrowser but has not been marked @Optional or defined&#10;"/>
    <system-out><![CDATA[onTestSkipped
]]></system-out>
  </testcase>
  <testcase name="logout" classname="Test.TestCase71" time="0">
    <skipped/>
  </testcase>
  <testcase name="initializeBrowser" classname="Test.TestCase73" time="0">
    <skipped/>
  </testcase>
  <testcase name="regression" classname="Test.TestCase73" time="0">
    <skipped message="&#10;Parameter &apos;browserName&apos; is required by BeforeTest on method initializeBrowser but has not been marked @Optional or defined&#10;"/>
    <system-out><![CDATA[onTestSkipped
]]></system-out>
  </testcase>
  <testcase name="logout" classname="Test.TestCase73" time="0">
    <skipped/>
  </testcase>
  <testcase name="initializeBrowser" classname="Test.TestCase74" time="0">
    <skipped/>
  </testcase>
  <testcase name="regression" classname="Test.TestCase74" time="0">
    <skipped message="&#10;Parameter &apos;browserName&apos; is required by BeforeTest on method initializeBrowser but has not been marked @Optional or defined&#10;"/>
    <system-out><![CDATA[onTestSkipped
]]></system-out>
  </testcase>
  <testcase name="logout" classname="Test.TestCase74" time="0">
    <skipped/>
  </testcase>
  <testcase name="initializeBrowser" classname="Test.TestCase75" time="0">
    <skipped/>
  </testcase>
  <testcase name="regression" classname="Test.TestCase75" time="0">
    <skipped message="&#10;Parameter &apos;browserName&apos; is required by BeforeTest on method initializeBrowser but has not been marked @Optional or defined&#10;"/>
    <system-out><![CDATA[onTestSkipped
]]></system-out>
  </testcase>
  <testcase name="logout" classname="Test.TestCase75" time="0">
    <skipped/>
  </testcase>
  <testcase name="initializeBrowser" classname="Test.TestCase76" time="0">
    <skipped/>
  </testcase>
  <testcase name="regression" classname="Test.TestCase76" time="0">
    <skipped message="&#10;Parameter &apos;browserName&apos; is required by BeforeTest on method initializeBrowser but has not been marked @Optional or defined&#10;"/>
    <system-out><![CDATA[onTestSkipped
]]></system-out>
  </testcase>
  <testcase name="logout" classname="Test.TestCase76" time="0">
    <skipped/>
  </testcase>
  <testcase name="initializeBrowser" classname="Test.TestCase77" time="0">
    <skipped/>
  </testcase>
  <testcase name="regression" classname="Test.TestCase77" time="0">
    <skipped message="&#10;Parameter &apos;browserName&apos; is required by BeforeTest on method initializeBrowser but has not been marked @Optional or defined&#10;"/>
    <system-out><![CDATA[onTestSkipped
]]></system-out>
  </testcase>
  <testcase name="logout" classname="Test.TestCase77" time="0">
    <skipped/>
  </testcase>
  <testcase name="initializeBrowser" classname="Test.TestCase78" time="0">
    <skipped/>
  </testcase>
  <testcase name="regression" classname="Test.TestCase78" time="0">
    <skipped message="&#10;Parameter &apos;browserName&apos; is required by BeforeTest on method initializeBrowser but has not been marked @Optional or defined&#10;"/>
    <system-out><![CDATA[onTestSkipped
]]></system-out>
  </testcase>
  <testcase name="logout" classname="Test.TestCase78" time="0">
    <skipped/>
  </testcase>
  <testcase name="initializeBrowser" classname="Test.TestCase79" time="0">
    <skipped/>
  </testcase>
  <testcase name="regression" classname="Test.TestCase79" time="0">
    <skipped message="&#10;Parameter &apos;browserName&apos; is required by BeforeTest on method initializeBrowser but has not been marked @Optional or defined&#10;"/>
    <system-out><![CDATA[onTestSkipped
]]></system-out>
  </testcase>
  <testcase name="logout" classname="Test.TestCase79" time="0">
    <skipped/>
  </testcase>
  <testcase name="initializeBrowser" classname="Test.TestCase8" time="0">
    <skipped/>
  </testcase>
  <testcase name="regression" classname="Test.TestCase8" time="0">
    <skipped message="&#10;Parameter &apos;browserName&apos; is required by BeforeTest on method initializeBrowser but has not been marked @Optional or defined&#10;"/>
    <system-out><![CDATA[onTestSkipped
]]></system-out>
  </testcase>
  <testcase name="logout" classname="Test.TestCase8" time="0">
    <skipped/>
  </testcase>
  <testcase name="initializeBrowser" classname="Test.TestCase80" time="0">
    <skipped/>
  </testcase>
  <testcase name="logout" classname="Test.TestCase80" time="0">
    <skipped/>
  </testcase>
  <testcase name="initializeBrowser" classname="Test.TestCase81" time="0">
    <skipped/>
  </testcase>
  <testcase name="regression" classname="Test.TestCase81" time="0">
    <skipped message="&#10;Parameter &apos;browserName&apos; is required by BeforeTest on method initializeBrowser but has not been marked @Optional or defined&#10;"/>
    <system-out><![CDATA[onTestSkipped
]]></system-out>
  </testcase>
  <testcase name="logout" classname="Test.TestCase81" time="0">
    <skipped/>
  </testcase>
  <testcase name="initializeBrowser" classname="Test.TestCase82" time="0">
    <skipped/>
  </testcase>
  <testcase name="regression" classname="Test.TestCase82" time="0">
    <skipped message="&#10;Parameter &apos;browserName&apos; is required by BeforeTest on method initializeBrowser but has not been marked @Optional or defined&#10;"/>
    <system-out><![CDATA[onTestSkipped
]]></system-out>
  </testcase>
  <testcase name="logout" classname="Test.TestCase82" time="0">
    <skipped/>
  </testcase>
  <testcase name="initializeBrowser" classname="Test.TestCase83" time="0">
    <skipped/>
  </testcase>
  <testcase name="regression" classname="Test.TestCase83" time="0">
    <skipped message="&#10;Parameter &apos;browserName&apos; is required by BeforeTest on method initializeBrowser but has not been marked @Optional or defined&#10;"/>
    <system-out><![CDATA[onTestSkipped
]]></system-out>
  </testcase>
  <testcase name="logout" classname="Test.TestCase83" time="0">
    <skipped/>
  </testcase>
  <testcase name="initializeBrowser" classname="Test.TestCase87" time="0">
    <skipped/>
  </testcase>
  <testcase name="regression" classname="Test.TestCase87" time="0">
    <skipped message="&#10;Parameter &apos;browserName&apos; is required by BeforeTest on method initializeBrowser but has not been marked @Optional or defined&#10;"/>
    <system-out><![CDATA[onTestSkipped
]]></system-out>
  </testcase>
  <testcase name="logout" classname="Test.TestCase87" time="0">
    <skipped/>
  </testcase>
  <testcase name="initializeBrowser" classname="Test.TestCase88" time="0">
    <skipped/>
  </testcase>
  <testcase name="regression" classname="Test.TestCase88" time="0">
    <skipped message="&#10;Parameter &apos;browserName&apos; is required by BeforeTest on method initializeBrowser but has not been marked @Optional or defined&#10;"/>
    <system-out><![CDATA[onTestSkipped
]]></system-out>
  </testcase>
  <testcase name="logout" classname="Test.TestCase88" time="0">
    <skipped/>
  </testcase>
  <testcase name="initializeBrowser" classname="Test.TestCase89" time="0">
    <skipped/>
  </testcase>
  <testcase name="regression" classname="Test.TestCase89" time="0">
    <skipped message="&#10;Parameter &apos;browserName&apos; is required by BeforeTest on method initializeBrowser but has not been marked @Optional or defined&#10;"/>
    <system-out><![CDATA[onTestSkipped
]]></system-out>
  </testcase>
  <testcase name="logout" classname="Test.TestCase89" time="0">
    <skipped/>
  </testcase>
  <testcase name="initializeBrowser" classname="Test.TestCase9" time="0">
    <skipped/>
  </testcase>
  <testcase name="regression" classname="Test.TestCase9" time="0">
    <skipped message="&#10;Parameter &apos;browserName&apos; is required by BeforeTest on method initializeBrowser but has not been marked @Optional or defined&#10;"/>
    <system-out><![CDATA[onTestSkipped
]]></system-out>
  </testcase>
  <testcase name="logout" classname="Test.TestCase9" time="0">
    <skipped/>
  </testcase>
  <testcase name="initializeBrowser" classname="Test.TestCase90" time="0">
    <skipped/>
  </testcase>
  <testcase name="regression" classname="Test.TestCase90" time="0">
    <skipped message="&#10;Parameter &apos;browserName&apos; is required by BeforeTest on method initializeBrowser but has not been marked @Optional or defined&#10;"/>
    <system-out><![CDATA[onTestSkipped
]]></system-out>
  </testcase>
  <testcase name="logout" classname="Test.TestCase90" time="0">
    <skipped/>
  </testcase>
  <testcase name="initializeBrowser" classname="Test.TestCase91" time="0">
    <skipped/>
  </testcase>
  <testcase name="regression" classname="Test.TestCase91" time="0">
    <skipped message="&#10;Parameter &apos;browserName&apos; is required by BeforeTest on method initializeBrowser but has not been marked @Optional or defined&#10;"/>
    <system-out><![CDATA[onTestSkipped
]]></system-out>
  </testcase>
  <testcase name="logout" classname="Test.TestCase91" time="0">
    <skipped/>
  </testcase>
  <testcase name="initializeBrowser" classname="Test.TestCase92" time="0">
    <skipped/>
  </testcase>
  <testcase name="regression" classname="Test.TestCase92" time="0">
    <skipped message="&#10;Parameter &apos;browserName&apos; is required by BeforeTest on method initializeBrowser but has not been marked @Optional or defined&#10;"/>
    <system-out><![CDATA[onTestSkipped
]]></system-out>
  </testcase>
  <testcase name="logout" classname="Test.TestCase92" time="0">
    <skipped/>
  </testcase>
  <testcase name="initializeBrowser" classname="Test.TestCase93" time="0">
    <skipped/>
  </testcase>
  <testcase name="regression" classname="Test.TestCase93" time="0">
    <skipped message="&#10;Parameter &apos;browserName&apos; is required by BeforeTest on method initializeBrowser but has not been marked @Optional or defined&#10;"/>
    <system-out><![CDATA[onTestSkipped
]]></system-out>
  </testcase>
  <testcase name="logout" classname="Test.TestCase93" time="0">
    <skipped/>
  </testcase>
  <testcase name="initializeBrowser" classname="Test.TestCase94" time="0">
    <skipped/>
  </testcase>
  <testcase name="regression" classname="Test.TestCase94" time="0">
    <skipped message="&#10;Parameter &apos;browserName&apos; is required by BeforeTest on method initializeBrowser but has not been marked @Optional or defined&#10;"/>
    <system-out><![CDATA[onTestSkipped
]]></system-out>
  </testcase>
  <testcase name="logout" classname="Test.TestCase94" time="0">
    <skipped/>
  </testcase>
  <testcase name="initializeBrowser" classname="Test.TestCase95" time="0">
    <skipped/>
  </testcase>
  <testcase name="regression" classname="Test.TestCase95" time="0">
    <skipped message="&#10;Parameter &apos;browserName&apos; is required by BeforeTest on method initializeBrowser but has not been marked @Optional or defined&#10;"/>
    <system-out><![CDATA[onTestSkipped
]]></system-out>
  </testcase>
  <testcase name="logout" classname="Test.TestCase95" time="0">
    <skipped/>
  </testcase>
  <testcase name="initializeBrowser" classname="Test.TestCase96" time="0">
    <skipped/>
  </testcase>
  <testcase name="regression" classname="Test.TestCase96" time="0">
    <skipped message="&#10;Parameter &apos;browserName&apos; is required by BeforeTest on method initializeBrowser but has not been marked @Optional or defined&#10;"/>
    <system-out><![CDATA[onTestSkipped
]]></system-out>
  </testcase>
  <testcase name="logout" classname="Test.TestCase96" time="0">
    <skipped/>
  </testcase>
  <testcase name="initializeBrowser" classname="Test.TestCase97" time="0">
    <skipped/>
  </testcase>
  <testcase name="regression" classname="Test.TestCase97" time="0">
    <skipped message="&#10;Parameter &apos;browserName&apos; is required by BeforeTest on method initializeBrowser but has not been marked @Optional or defined&#10;"/>
    <system-out><![CDATA[onTestSkipped
]]></system-out>
  </testcase>
  <testcase name="logout" classname="Test.TestCase97" time="0">
    <skipped/>
  </testcase>
  <testcase name="initializeBrowser" classname="Test.TestCase98" time="0">
    <skipped/>
  </testcase>
  <testcase name="regression" classname="Test.TestCase98" time="0">
    <skipped message="&#10;Parameter &apos;browserName&apos; is required by BeforeTest on method initializeBrowser but has not been marked @Optional or defined&#10;"/>
    <system-out><![CDATA[onTestSkipped
]]></system-out>
  </testcase>
  <testcase name="logout" classname="Test.TestCase98" time="0">
    <skipped/>
  </testcase>
</testsuite>